Unity Editor version:    2021.3.22f1 (b6c551784ba3)
Branch:                  2021.3/staging
Build type:              Release
Batch mode:              YES
macOS version:           Version 13.3.1 (a) (Build 22E772610a)
Darwin version:          22.4.0
Architecture:            x86_64
Running under Rosetta:   NO
Available memory:        16384 MB
Using pre-set license
Pro License: YES

COMMAND LINE ARGUMENTS:
/Users/SpartanPip/Desktop/Unity Editors/2021.3.22f1/Unity.app/Contents/MacOS/Unity
-adb2
-batchMode
-noUpm
-name
AssetImportWorker22
-projectPath
/Users/SpartanPip/Desktop/ComplexGamesApplicationProject/CannonGameUnity
-logFile
Logs/AssetImportWorker22.log
-srvPort
62260
Successfully changed project path to: /Users/SpartanPip/Desktop/ComplexGamesApplicationProject/CannonGameUnity
/Users/SpartanPip/Desktop/ComplexGamesApplicationProject/CannonGameUnity
[UnityMemory] Configuration Parameters - Can be set up in boot.config
    "memorysetup-bucket-allocator-granularity=16"
    "memorysetup-bucket-allocator-bucket-count=8"
    "memorysetup-bucket-allocator-block-size=33554432"
    "memorysetup-bucket-allocator-block-count=8"
    "memorysetup-main-allocator-block-size=16777216"
    "memorysetup-thread-allocator-block-size=16777216"
    "memorysetup-gfx-main-allocator-block-size=16777216"
    "memorysetup-gfx-thread-allocator-block-size=16777216"
    "memorysetup-cache-allocator-block-size=4194304"
    "memorysetup-typetree-allocator-block-size=2097152"
    "memorysetup-profiler-bucket-allocator-granularity=16"
    "memorysetup-profiler-bucket-allocator-bucket-count=8"
    "memorysetup-profiler-bucket-allocator-block-size=33554432"
    "memorysetup-profiler-bucket-allocator-block-count=8"
    "memorysetup-profiler-allocator-block-size=16777216"
    "memorysetup-profiler-editor-allocator-block-size=1048576"
    "memorysetup-temp-allocator-size-main=16777216"
    "memorysetup-job-temp-allocator-block-size=2097152"
    "memorysetup-job-temp-allocator-block-size-background=1048576"
    "memorysetup-job-temp-allocator-reduction-small-platforms=262144"
    "memorysetup-temp-allocator-size-background-worker=32768"
    "memorysetup-temp-allocator-size-job-worker=262144"
    "memorysetup-temp-allocator-size-preload-manager=33554432"
    "memorysetup-temp-allocator-size-nav-mesh-worker=65536"
    "memorysetup-temp-allocator-size-audio-worker=65536"
    "memorysetup-temp-allocator-size-cloud-worker=32768"
    "memorysetup-temp-allocator-size-gi-baking-worker=262144"
    "memorysetup-temp-allocator-size-gfx=262144"
Player connection [140704515408704] Host "[IP] 10.0.0.211 [Port] 0 [Flags] 2 [Guid] 400143883 [EditorId] 400143883 [Version] 1048832 [Id] OSXEditor(0,MacBook-Pro-21.local) [Debug] 1 [PackageName] OSXEditor [ProjectName] Editor" joined multi-casting on [225.0.0.222:54997]...

Player connection [140704515408704] Host "[IP] 10.0.0.211 [Port] 0 [Flags] 2 [Guid] 400143883 [EditorId] 400143883 [Version] 1048832 [Id] OSXEditor(0,MacBook-Pro-21.local) [Debug] 1 [PackageName] OSXEditor [ProjectName] Editor" joined alternative multi-casting on [225.0.0.222:34997]...

Refreshing native plugins compatible for Editor in 172.66 ms, found 2 plugins.
Preloading 0 native plugins for Editor in 0.00 ms.
Initialize engine version: 2021.3.22f1 (b6c551784ba3)
[Subsystems] Discovering subsystems at path /Users/SpartanPip/Desktop/Unity Editors/2021.3.22f1/Unity.app/Contents/Resources/UnitySubsystems
[Subsystems] Discovering subsystems at path /Users/SpartanPip/Desktop/ComplexGamesApplicationProject/CannonGameUnity/Assets
GfxDevice: creating device client; threaded=0; jobified=0
Color LCD preferred device: AMD Radeon Pro 5500M (high power)
Metal devices available: 2
0: AMD Radeon Pro 5500M (high power)
1: Intel(R) UHD Graphics 630 (low power)
Using device AMD Radeon Pro 5500M (high power)
Initializing Metal device caps: AMD Radeon Pro 5500M
Initialize mono
Mono path[0] = '/Users/SpartanPip/Desktop/Unity Editors/2021.3.22f1/Unity.app/Contents/Managed'
Mono path[1] = '/Users/SpartanPip/Desktop/Unity Editors/2021.3.22f1/Unity.app/Contents/MonoBleedingEdge/lib/mono/unityjit-macos'
Mono config path = '/Users/SpartanPip/Desktop/Unity Editors/2021.3.22f1/Unity.app/Contents/MonoBleedingEdge/etc'
Using monoOptions --debugger-agent=transport=dt_socket,embedding=1,server=y,suspend=n,address=127.0.0.1:56032
Begin MonoManager ReloadAssembly
Registering precompiled unity dll's ...
Register platform support module: /Users/SpartanPip/Desktop/Unity Editors/2021.3.22f1/PlaybackEngines/WebGLSupport/UnityEditor.WebGL.Extensions.dll
Register platform support module: /Users/SpartanPip/Desktop/Unity Editors/2021.3.22f1/Unity.app/Contents/PlaybackEngines/MacStandaloneSupport/UnityEditor.OSXStandalone.Extensions.dll
Registered in 0.001422 seconds.
Native extension for OSXStandalone target not found
Native extension for WebGL target not found
Refreshing native plugins compatible for Editor in 156.29 ms, found 2 plugins.
Preloading 0 native plugins for Editor in 0.00 ms.
Mono: successfully reloaded assembly
- Completed reload, in  0.734 seconds
Domain Reload Profiling:
	ReloadAssembly (734ms)
		BeginReloadAssembly (83ms)
			ExecutionOrderSort (0ms)
			DisableScriptedObjects (0ms)
			BackupInstance (0ms)
			ReleaseScriptingObjects (0ms)
			CreateAndSetChildDomain (1ms)
		EndReloadAssembly (553ms)
			LoadAssemblies (82ms)
			RebuildTransferFunctionScriptingTraits (0ms)
			SetupTypeCache (120ms)
			ReleaseScriptCaches (0ms)
			RebuildScriptCaches (31ms)
			SetupLoadedEditorAssemblies (354ms)
				LogAssemblyErrors (0ms)
				InitializePlatformSupportModulesInManaged (7ms)
				SetLoadedEditorAssemblies (0ms)
				RefreshPlugins (156ms)
				BeforeProcessingInitializeOnLoad (1ms)
				ProcessInitializeOnLoadAttributes (144ms)
				ProcessInitializeOnLoadMethodAttributes (45ms)
				AfterProcessingInitializeOnLoad (0ms)
				EditorAssembliesLoaded (0ms)
			ExecutionOrderSort2 (0ms)
			AwakeInstancesAfterBackupRestoration (0ms)
Platform modules already initialized, skipping
Registering precompiled user dll's ...
Registered in 0.002111 seconds.
Begin MonoManager ReloadAssembly
Symbol file LoadedFromMemory doesn't match image /Users/SpartanPip/Desktop/ComplexGamesApplicationProject/CannonGameUnity/Library/PackageCache/com.unity.visualscripting@1.8.0/Editor/VisualScripting.Core/Dependencies/YamlDotNet/Unity.VisualScripting.YamlDotNet.dll
Symbol file LoadedFromMemory doesn't match image /Users/SpartanPip/Desktop/ComplexGamesApplicationProject/CannonGameUnity/Library/PackageCache/com.unity.visualscripting@1.8.0/Editor/VisualScripting.Core/Dependencies/DotNetZip/Unity.VisualScripting.IonicZip.dll
Native extension for OSXStandalone target not found
Native extension for WebGL target not found
Refreshing native plugins compatible for Editor in 1.88 ms, found 2 plugins.
Preloading 0 native plugins for Editor in 0.00 ms.
Mono: successfully reloaded assembly
- Completed reload, in  1.352 seconds
Domain Reload Profiling:
	ReloadAssembly (1353ms)
		BeginReloadAssembly (120ms)
			ExecutionOrderSort (0ms)
			DisableScriptedObjects (6ms)
			BackupInstance (0ms)
			ReleaseScriptingObjects (0ms)
			CreateAndSetChildDomain (26ms)
		EndReloadAssembly (1124ms)
			LoadAssemblies (82ms)
			RebuildTransferFunctionScriptingTraits (0ms)
			SetupTypeCache (329ms)
			ReleaseScriptCaches (1ms)
			RebuildScriptCaches (57ms)
			SetupLoadedEditorAssemblies (620ms)
				LogAssemblyErrors (0ms)
				InitializePlatformSupportModulesInManaged (5ms)
				SetLoadedEditorAssemblies (1ms)
				RefreshPlugins (2ms)
				BeforeProcessingInitializeOnLoad (74ms)
				ProcessInitializeOnLoadAttributes (515ms)
				ProcessInitializeOnLoadMethodAttributes (21ms)
				AfterProcessingInitializeOnLoad (2ms)
				EditorAssembliesLoaded (0ms)
			ExecutionOrderSort2 (0ms)
			AwakeInstancesAfterBackupRestoration (4ms)
Platform modules already initialized, skipping
========================================================================
Worker process is ready to serve import requests
Shader 'Distant Lands/Cozy/Stylized Terrain First Pass': dependency 'BaseMapShader' shader 'Distant Lands/Stylized Terrain' not found
Shader 'Distant Lands/Cozy/Stylized Terrain First Pass': dependency 'AddPassShader' shader 'Distant Lands/Stylized Terrain Add Pass' not found
Shader 'Distant Lands/Cozy/Stylized Terrain First Pass': dependency 'BaseMapShader' shader 'Distant Lands/Stylized Terrain' not found
Shader 'Distant Lands/Cozy/Stylized Terrain First Pass': dependency 'AddPassShader' shader 'Distant Lands/Stylized Terrain Add Pass' not found
Shader 'Distant Lands/Cozy/Stylized Terrain First Pass': dependency 'BaseMapShader' shader 'Distant Lands/Stylized Terrain' not found
Shader 'Distant Lands/Cozy/Stylized Terrain First Pass': dependency 'AddPassShader' shader 'Distant Lands/Stylized Terrain Add Pass' not found
Launching external process: /Users/SpartanPip/Desktop/Unity Editors/2021.3.22f1/Unity.app/Contents/Tools/UnityShaderCompiler
Launched and connected shader compiler UnityShaderCompiler after 0.08 seconds
Refreshing native plugins compatible for Editor in 1.61 ms, found 2 plugins.
Preloading 0 native plugins for Editor in 0.00 ms.
Unloading 3178 Unused Serialized files (Serialized files now loaded: 0)
Unloading 23 unused Assets / (3.1 MB). Loaded Objects now: 3656.
Memory consumption went from 136.4 MB to 133.3 MB.
Total: 4.618088 ms (FindLiveObjects: 0.305350 ms CreateObjectMapping: 0.183335 ms MarkObjects: 3.548173 ms  DeleteObjects: 0.580446 ms)

AssetImportParameters requested are different than current active one (requested -> active):
  custom:video-decoder-ogg-theora: a1e56fd34408186e4bbccfd4996cb3dc -> 
  custom:container-muxer-webm: aa71ff27fc2769a1b78a27578f13a17b -> 
  custom:container-demuxer-webm: 4f35f7cbe854078d1ac9338744f61a02 -> 
  custom:video-encoder-webm-vp8: eb34c28f22e8b96e1ab97ce403110664 -> 
  custom:framework-osx-AVFoundation: e770b220cccbd017edd2c1fefb359320 -> 
  custom:audio-encoder-webm-vorbis: bf7c407c2cedff20999df2af8eb42d56 -> 
  custom:container-demuxer-ogg: 62fdf1f143b41e24485cea50d1cbac27 -> 
  custom:video-decoder-webm-vp8: 9c59270c3fd7afecdb556c50c9e8de78 -> 
  custom:audio-decoder-ogg-vorbis: bf7c407c2cedff20999df2af8eb42d56 -> 
========================================================================
Received Import Request.
  Time since last request: 193219.073071 seconds.
  path: Assets/Downloaded/Cozy Weather/Contents/Resources/Profiles/Forecast Profiles/Viking Profile.asset
  artifactKey: Guid(eacc8459f121a3d4c83bf331999911ef) Importer(815301076,1909f56bfc062723c751e8b465ee728b)
Start importing Assets/Downloaded/Cozy Weather/Contents/Resources/Profiles/Forecast Profiles/Viking Profile.asset using Guid(eacc8459f121a3d4c83bf331999911ef) Importer(815301076,1909f56bfc062723c751e8b465ee728b)  -> (artifact id: 'db3c892cc28191a08b9329ef1fe99c07') in 0.847472 seconds 
========================================================================
Received Import Request.
  Time since last request: 2.274163 seconds.
  path: Assets/Downloaded/Cozy Weather/Contents/Resources/Profiles/Forecast Profiles/Viking Profile 1.asset
  artifactKey: Guid(cc2bca8c3b2d54d0c990fd98c218269d) Importer(815301076,1909f56bfc062723c751e8b465ee728b)
Start importing Assets/Downloaded/Cozy Weather/Contents/Resources/Profiles/Forecast Profiles/Viking Profile 1.asset using Guid(cc2bca8c3b2d54d0c990fd98c218269d) Importer(815301076,1909f56bfc062723c751e8b465ee728b)  -> (artifact id: '26a94e46ac0f56d9684f87330639b011') in 0.007021 seconds 
========================================================================
Received Import Request.
  Time since last request: 8.795557 seconds.
  path: Assets/Downloaded/Cozy Weather/Contents/Resources/Profiles/Forecast Profiles/Sailor Profile.asset
  artifactKey: Guid(cc2bca8c3b2d54d0c990fd98c218269d) Importer(815301076,1909f56bfc062723c751e8b465ee728b)
Start importing Assets/Downloaded/Cozy Weather/Contents/Resources/Profiles/Forecast Profiles/Sailor Profile.asset using Guid(cc2bca8c3b2d54d0c990fd98c218269d) Importer(815301076,1909f56bfc062723c751e8b465ee728b)  -> (artifact id: 'c42548281e0091115f4751302caf469a') in 0.006862 seconds 
========================================================================
Received Import Request.
  Time since last request: 4.520657 seconds.
  path: Assets/Downloaded/Cozy Weather/Contents/Resources/Profiles/Sailor Weather Profiles/Dense Fog.asset
  artifactKey: Guid(492e3ff7fb4234c908f1669969be9f9d) Importer(815301076,1909f56bfc062723c751e8b465ee728b)
Start importing Assets/Downloaded/Cozy Weather/Contents/Resources/Profiles/Sailor Weather Profiles/Dense Fog.asset using Guid(492e3ff7fb4234c908f1669969be9f9d) Importer(815301076,1909f56bfc062723c751e8b465ee728b)  -> (artifact id: 'f0a444aa222b3c4409d09e794ac7d791') in 0.016882 seconds 
========================================================================
Received Import Request.
  Time since last request: 0.000084 seconds.
  path: Assets/Downloaded/Cozy Weather/Contents/Resources/Profiles/Sailor Weather Profiles/Light Rain.asset
  artifactKey: Guid(94d9708856ce24014988b3e0679a9f6b) Importer(815301076,1909f56bfc062723c751e8b465ee728b)
Start importing Assets/Downloaded/Cozy Weather/Contents/Resources/Profiles/Sailor Weather Profiles/Light Rain.asset using Guid(94d9708856ce24014988b3e0679a9f6b) Importer(815301076,1909f56bfc062723c751e8b465ee728b)  -> (artifact id: 'f072d398a770a22cae4021fc5541cac5') in 0.009700 seconds 
========================================================================
Received Import Request.
  Time since last request: 0.000062 seconds.
  path: Assets/Downloaded/Cozy Weather/Contents/Resources/Profiles/Sailor Weather Profiles/Heavy Rain.asset
  artifactKey: Guid(6724bd9279fab48e882857d5da4e1524) Importer(815301076,1909f56bfc062723c751e8b465ee728b)
Start importing Assets/Downloaded/Cozy Weather/Contents/Resources/Profiles/Sailor Weather Profiles/Heavy Rain.asset using Guid(6724bd9279fab48e882857d5da4e1524) Importer(815301076,1909f56bfc062723c751e8b465ee728b)  -> (artifact id: '4acca6e32595c5ab816fdf1c461e9592') in 0.007077 seconds 
========================================================================
Received Import Request.
  Time since last request: 69.316786 seconds.
  path: Assets/Downloaded/Cozy Weather/Contents/Resources/Profiles/Forecast Profiles/Sailor Profile.asset
  artifactKey: Guid(cc2bca8c3b2d54d0c990fd98c218269d) Importer(815301076,1909f56bfc062723c751e8b465ee728b)
Start importing Assets/Downloaded/Cozy Weather/Contents/Resources/Profiles/Forecast Profiles/Sailor Profile.asset using Guid(cc2bca8c3b2d54d0c990fd98c218269d) Importer(815301076,1909f56bfc062723c751e8b465ee728b)  -> (artifact id: 'bbd34b97bc91809350af446e02581507') in 0.008620 seconds 
========================================================================
Received Prepare
Registering precompiled user dll's ...
Registered in 0.002981 seconds.
Begin MonoManager ReloadAssembly
Symbol file LoadedFromMemory doesn't match image /Users/SpartanPip/Desktop/ComplexGamesApplicationProject/CannonGameUnity/Library/PackageCache/com.unity.visualscripting@1.8.0/Editor/VisualScripting.Core/Dependencies/YamlDotNet/Unity.VisualScripting.YamlDotNet.dll
Symbol file LoadedFromMemory doesn't match image /Users/SpartanPip/Desktop/ComplexGamesApplicationProject/CannonGameUnity/Library/PackageCache/com.unity.visualscripting@1.8.0/Editor/VisualScripting.Core/Dependencies/DotNetZip/Unity.VisualScripting.IonicZip.dll
Native extension for OSXStandalone target not found
Native extension for WebGL target not found
Refreshing native plugins compatible for Editor in 1.88 ms, found 2 plugins.
Preloading 0 native plugins for Editor in 0.00 ms.
Mono: successfully reloaded assembly
- Completed reload, in  1.337 seconds
Domain Reload Profiling:
	ReloadAssembly (1337ms)
		BeginReloadAssembly (151ms)
			ExecutionOrderSort (0ms)
			DisableScriptedObjects (5ms)
			BackupInstance (0ms)
			ReleaseScriptingObjects (0ms)
			CreateAndSetChildDomain (54ms)
		EndReloadAssembly (1094ms)
			LoadAssemblies (84ms)
			RebuildTransferFunctionScriptingTraits (0ms)
			SetupTypeCache (326ms)
			ReleaseScriptCaches (1ms)
			RebuildScriptCaches (55ms)
			SetupLoadedEditorAssemblies (577ms)
				LogAssemblyErrors (0ms)
				InitializePlatformSupportModulesInManaged (5ms)
				SetLoadedEditorAssemblies (1ms)
				RefreshPlugins (2ms)
				BeforeProcessingInitializeOnLoad (61ms)
				ProcessInitializeOnLoadAttributes (482ms)
				ProcessInitializeOnLoadMethodAttributes (23ms)
				AfterProcessingInitializeOnLoad (2ms)
				EditorAssembliesLoaded (0ms)
			ExecutionOrderSort2 (0ms)
			AwakeInstancesAfterBackupRestoration (5ms)
Platform modules already initialized, skipping
Shader 'Distant Lands/Cozy/Stylized Terrain First Pass': dependency 'BaseMapShader' shader 'Distant Lands/Stylized Terrain' not found
Shader 'Distant Lands/Cozy/Stylized Terrain First Pass': dependency 'AddPassShader' shader 'Distant Lands/Stylized Terrain Add Pass' not found
Shader 'Distant Lands/Cozy/Stylized Terrain First Pass': dependency 'BaseMapShader' shader 'Distant Lands/Stylized Terrain' not found
Shader 'Distant Lands/Cozy/Stylized Terrain First Pass': dependency 'AddPassShader' shader 'Distant Lands/Stylized Terrain Add Pass' not found
Shader 'Distant Lands/Cozy/Stylized Terrain First Pass': dependency 'BaseMapShader' shader 'Distant Lands/Stylized Terrain' not found
Shader 'Distant Lands/Cozy/Stylized Terrain First Pass': dependency 'AddPassShader' shader 'Distant Lands/Stylized Terrain Add Pass' not found
Refreshing native plugins compatible for Editor in 2.76 ms, found 2 plugins.
Preloading 0 native plugins for Editor in 0.00 ms.
Unloading 3137 Unused Serialized files (Serialized files now loaded: 0)
Unloading 16 unused Assets / (3.0 MB). Loaded Objects now: 3660.
Memory consumption went from 135.6 MB to 132.6 MB.
Total: 5.578897 ms (FindLiveObjects: 0.314960 ms CreateObjectMapping: 0.187529 ms MarkObjects: 4.242029 ms  DeleteObjects: 0.833590 ms)

AssetImportParameters requested are different than current active one (requested -> active):
  custom:video-decoder-ogg-theora: a1e56fd34408186e4bbccfd4996cb3dc -> 
  custom:container-muxer-webm: aa71ff27fc2769a1b78a27578f13a17b -> 
  custom:container-demuxer-webm: 4f35f7cbe854078d1ac9338744f61a02 -> 
  custom:video-encoder-webm-vp8: eb34c28f22e8b96e1ab97ce403110664 -> 
  custom:framework-osx-AVFoundation: e770b220cccbd017edd2c1fefb359320 -> 
  custom:audio-encoder-webm-vorbis: bf7c407c2cedff20999df2af8eb42d56 -> 
  custom:container-demuxer-ogg: 62fdf1f143b41e24485cea50d1cbac27 -> 
  custom:video-decoder-webm-vp8: 9c59270c3fd7afecdb556c50c9e8de78 -> 
  custom:audio-decoder-ogg-vorbis: bf7c407c2cedff20999df2af8eb42d56 -> 
========================================================================
Received Import Request.
  Time since last request: 65.270518 seconds.
  path: Assets/Downloaded/Cozy Weather/Contents/Resources/Profiles/Original Weather Profiles 1/Approaching Storm.asset
  artifactKey: Guid(c41ca5de75e9a4f01b0f692e9ef3a4af) Importer(815301076,1909f56bfc062723c751e8b465ee728b)
Start importing Assets/Downloaded/Cozy Weather/Contents/Resources/Profiles/Original Weather Profiles 1/Approaching Storm.asset using Guid(c41ca5de75e9a4f01b0f692e9ef3a4af) Importer(815301076,1909f56bfc062723c751e8b465ee728b)  -> (artifact id: '56a6b2ea7a3c881604291e327f7bddba') in 0.047179 seconds 
========================================================================
Received Import Request.
  Time since last request: 0.000073 seconds.
  path: Assets/Downloaded/Cozy Weather/Contents/Resources/Profiles/Original Weather Profiles 1/Cirrus Clouds.asset
  artifactKey: Guid(ae3581bba9a904491ad56d3683a62263) Importer(815301076,1909f56bfc062723c751e8b465ee728b)
Start importing Assets/Downloaded/Cozy Weather/Contents/Resources/Profiles/Original Weather Profiles 1/Cirrus Clouds.asset using Guid(ae3581bba9a904491ad56d3683a62263) Importer(815301076,1909f56bfc062723c751e8b465ee728b)  -> (artifact id: 'f203a4f42c99a5616034c76694f70adb') in 0.017269 seconds 
========================================================================
Received Import Request.
  Time since last request: 0.000060 seconds.
  path: Assets/Downloaded/Cozy Weather/Contents/Resources/Profiles/Original Weather Profiles 1/Heavy Rain.asset
  artifactKey: Guid(f0774db8d06164c838272f6bfa8202bd) Importer(815301076,1909f56bfc062723c751e8b465ee728b)
Start importing Assets/Downloaded/Cozy Weather/Contents/Resources/Profiles/Original Weather Profiles 1/Heavy Rain.asset using Guid(f0774db8d06164c838272f6bfa8202bd) Importer(815301076,1909f56bfc062723c751e8b465ee728b)  -> (artifact id: 'd99221d8a438f71fe6e48505a87c89a1') in 0.018997 seconds 
========================================================================
Received Import Request.
  Time since last request: 0.000059 seconds.
  path: Assets/Downloaded/Cozy Weather/Contents/Resources/Profiles/Original Weather Profiles 1/Dense Clouds.asset
  artifactKey: Guid(0b2623fb9e82242a6b3fd2b71abde599) Importer(815301076,1909f56bfc062723c751e8b465ee728b)
Start importing Assets/Downloaded/Cozy Weather/Contents/Resources/Profiles/Original Weather Profiles 1/Dense Clouds.asset using Guid(0b2623fb9e82242a6b3fd2b71abde599) Importer(815301076,1909f56bfc062723c751e8b465ee728b)  -> (artifact id: '4bfe7af4c3c5c1407171c8706d51cb06') in 0.019216 seconds 
========================================================================
Received Import Request.
  Time since last request: 0.000075 seconds.
  path: Assets/Downloaded/Cozy Weather/Contents/Resources/Profiles/Original Weather Profiles 1/Light Snow.asset
  artifactKey: Guid(1e3db29724cb24574a34f6be9c2848d1) Importer(815301076,1909f56bfc062723c751e8b465ee728b)
Start importing Assets/Downloaded/Cozy Weather/Contents/Resources/Profiles/Original Weather Profiles 1/Light Snow.asset using Guid(1e3db29724cb24574a34f6be9c2848d1) Importer(815301076,1909f56bfc062723c751e8b465ee728b)  -> (artifact id: '6490c92b74feafa8dbc996fb157ef002') in 0.018484 seconds 
========================================================================
Received Import Request.
  Time since last request: 0.000065 seconds.
  path: Assets/Downloaded/Cozy Weather/Contents/Resources/Profiles/Original Weather Profiles 1/Particle Based Clouds.asset
  artifactKey: Guid(bc106d011490142768c1498267ec12c9) Importer(815301076,1909f56bfc062723c751e8b465ee728b)
Start importing Assets/Downloaded/Cozy Weather/Contents/Resources/Profiles/Original Weather Profiles 1/Particle Based Clouds.asset using Guid(bc106d011490142768c1498267ec12c9) Importer(815301076,1909f56bfc062723c751e8b465ee728b)  -> (artifact id: 'f721e2bc006eba09bf0703a6e1930aab') in 0.017711 seconds 
========================================================================
Received Import Request.
  Time since last request: 0.000077 seconds.
  path: Assets/Downloaded/Cozy Weather/Contents/Resources/Profiles/Original Weather Profiles 1/Overcast.asset
  artifactKey: Guid(8739365d0b7ed437eb3d4459c46f467a) Importer(815301076,1909f56bfc062723c751e8b465ee728b)
Start importing Assets/Downloaded/Cozy Weather/Contents/Resources/Profiles/Original Weather Profiles 1/Overcast.asset using Guid(8739365d0b7ed437eb3d4459c46f467a) Importer(815301076,1909f56bfc062723c751e8b465ee728b)  -> (artifact id: '539c6ef48c1f399f156df2c8dca4c9e3') in 0.018583 seconds 
========================================================================
Received Import Request.
  Time since last request: 0.000101 seconds.
  path: Assets/Downloaded/Cozy Weather/Contents/Resources/Profiles/Original Weather Profiles 1/High Altitude Clouds.asset
  artifactKey: Guid(bb1e8ca9d0e1a48ce8db4e69d6dc0270) Importer(815301076,1909f56bfc062723c751e8b465ee728b)
Start importing Assets/Downloaded/Cozy Weather/Contents/Resources/Profiles/Original Weather Profiles 1/High Altitude Clouds.asset using Guid(bb1e8ca9d0e1a48ce8db4e69d6dc0270) Importer(815301076,1909f56bfc062723c751e8b465ee728b)  -> (artifact id: '4188038db198e03618044060f9a2cbcf') in 0.024668 seconds 
========================================================================
Received Import Request.
  Time since last request: 0.000059 seconds.
  path: Assets/Downloaded/Cozy Weather/Contents/Resources/Profiles/Original Weather Profiles 1/Partly Cloudy.asset
  artifactKey: Guid(b0ce2f7f63eda4d44ab8d61aa1307d04) Importer(815301076,1909f56bfc062723c751e8b465ee728b)
Start importing Assets/Downloaded/Cozy Weather/Contents/Resources/Profiles/Original Weather Profiles 1/Partly Cloudy.asset using Guid(b0ce2f7f63eda4d44ab8d61aa1307d04) Importer(815301076,1909f56bfc062723c751e8b465ee728b)  -> (artifact id: '0b1d69a3eb84f0b52c4f12684551c209') in 0.020064 seconds 
========================================================================
Received Import Request.
  Time since last request: 0.000070 seconds.
  path: Assets/Downloaded/Cozy Weather/Contents/Resources/Profiles/Original Weather Profiles 1/Electric Fog.asset
  artifactKey: Guid(19ecb6938f56f40138b648bbd2ef38bc) Importer(815301076,1909f56bfc062723c751e8b465ee728b)
Start importing Assets/Downloaded/Cozy Weather/Contents/Resources/Profiles/Original Weather Profiles 1/Electric Fog.asset using Guid(19ecb6938f56f40138b648bbd2ef38bc) Importer(815301076,1909f56bfc062723c751e8b465ee728b)  -> (artifact id: '166a903bd993859de8f7169876787caf') in 0.018859 seconds 
========================================================================
Received Import Request.
  Time since last request: 0.000095 seconds.
  path: Assets/Downloaded/Cozy Weather/Contents/Resources/Profiles/Original Weather Profiles 1/Hail Storm.asset
  artifactKey: Guid(385bfb976e6594fc88d5fac922e40425) Importer(815301076,1909f56bfc062723c751e8b465ee728b)
Start importing Assets/Downloaded/Cozy Weather/Contents/Resources/Profiles/Original Weather Profiles 1/Hail Storm.asset using Guid(385bfb976e6594fc88d5fac922e40425) Importer(815301076,1909f56bfc062723c751e8b465ee728b)  -> (artifact id: 'e224446d25c3528c067f28c62d7d8f54') in 0.019699 seconds 
========================================================================
Received Import Request.
  Time since last request: 0.000084 seconds.
  path: Assets/Downloaded/Cozy Weather/Contents/Resources/Profiles/Original Weather Profiles 1/Thunder Snow.asset
  artifactKey: Guid(6d28dc7767e91410db8ee1424e933e2f) Importer(815301076,1909f56bfc062723c751e8b465ee728b)
Start importing Assets/Downloaded/Cozy Weather/Contents/Resources/Profiles/Original Weather Profiles 1/Thunder Snow.asset using Guid(6d28dc7767e91410db8ee1424e933e2f) Importer(815301076,1909f56bfc062723c751e8b465ee728b)  -> (artifact id: '8a1db62cc68232848dfd21f3de5b5203') in 0.019240 seconds 
========================================================================
Received Import Request.
  Time since last request: 0.000070 seconds.
  path: Assets/Downloaded/Cozy Weather/Contents/Resources/Profiles/Original Weather Profiles 1/Heavy Snow.asset
  artifactKey: Guid(c8ad78fea20074f32ae10e7078934c60) Importer(815301076,1909f56bfc062723c751e8b465ee728b)
Start importing Assets/Downloaded/Cozy Weather/Contents/Resources/Profiles/Original Weather Profiles 1/Heavy Snow.asset using Guid(c8ad78fea20074f32ae10e7078934c60) Importer(815301076,1909f56bfc062723c751e8b465ee728b)  -> (artifact id: '2ce545cb9eb62efd95b548c2906ff05b') in 0.018594 seconds 
========================================================================
Received Import Request.
  Time since last request: 0.000060 seconds.
  path: Assets/Downloaded/Cozy Weather/Contents/Resources/Profiles/Original Weather Profiles 1/Clear.asset
  artifactKey: Guid(af8ba5578abcf4202a2f4e0fd6a1fc40) Importer(815301076,1909f56bfc062723c751e8b465ee728b)
Start importing Assets/Downloaded/Cozy Weather/Contents/Resources/Profiles/Original Weather Profiles 1/Clear.asset using Guid(af8ba5578abcf4202a2f4e0fd6a1fc40) Importer(815301076,1909f56bfc062723c751e8b465ee728b)  -> (artifact id: 'fb66391e22d630bb5ec5ed47012988a7') in 0.018414 seconds 
Editor requested this worker to shutdown with reason: Scaling down because of idle timeout
AssetImportWorker is now disconnected from the server
Process exiting
