Unity Editor version:    2021.3.22f1 (b6c551784ba3)
Branch:                  2021.3/staging
Build type:              Release
Batch mode:              YES
macOS version:           Version 13.3.1 (a) (Build 22E772610a)
Darwin version:          22.4.0
Architecture:            x86_64
Running under Rosetta:   NO
Available memory:        16384 MB
Using pre-set license
Pro License: YES

COMMAND LINE ARGUMENTS:
/Users/SpartanPip/Desktop/Unity Editors/2021.3.22f1/Unity.app/Contents/MacOS/Unity
-adb2
-batchMode
-noUpm
-name
AssetImportWorker2
-projectPath
/Users/SpartanPip/Desktop/ComplexGamesApplicationProject/CannonGameUnity
-logFile
Logs/AssetImportWorker2.log
-srvPort
62260
Successfully changed project path to: /Users/SpartanPip/Desktop/ComplexGamesApplicationProject/CannonGameUnity
/Users/SpartanPip/Desktop/ComplexGamesApplicationProject/CannonGameUnity
[UnityMemory] Configuration Parameters - Can be set up in boot.config
    "memorysetup-bucket-allocator-granularity=16"
    "memorysetup-bucket-allocator-bucket-count=8"
    "memorysetup-bucket-allocator-block-size=33554432"
    "memorysetup-bucket-allocator-block-count=8"
    "memorysetup-main-allocator-block-size=16777216"
    "memorysetup-thread-allocator-block-size=16777216"
    "memorysetup-gfx-main-allocator-block-size=16777216"
    "memorysetup-gfx-thread-allocator-block-size=16777216"
    "memorysetup-cache-allocator-block-size=4194304"
    "memorysetup-typetree-allocator-block-size=2097152"
    "memorysetup-profiler-bucket-allocator-granularity=16"
    "memorysetup-profiler-bucket-allocator-bucket-count=8"
    "memorysetup-profiler-bucket-allocator-block-size=33554432"
    "memorysetup-profiler-bucket-allocator-block-count=8"
    "memorysetup-profiler-allocator-block-size=16777216"
    "memorysetup-profiler-editor-allocator-block-size=1048576"
    "memorysetup-temp-allocator-size-main=16777216"
    "memorysetup-job-temp-allocator-block-size=2097152"
    "memorysetup-job-temp-allocator-block-size-background=1048576"
    "memorysetup-job-temp-allocator-reduction-small-platforms=262144"
    "memorysetup-temp-allocator-size-background-worker=32768"
    "memorysetup-temp-allocator-size-job-worker=262144"
    "memorysetup-temp-allocator-size-preload-manager=33554432"
    "memorysetup-temp-allocator-size-nav-mesh-worker=65536"
    "memorysetup-temp-allocator-size-audio-worker=65536"
    "memorysetup-temp-allocator-size-cloud-worker=32768"
    "memorysetup-temp-allocator-size-gi-baking-worker=262144"
    "memorysetup-temp-allocator-size-gfx=262144"
Player connection [140704515408704] Host "[IP] 10.0.0.211 [Port] 0 [Flags] 2 [Guid] 3540908033 [EditorId] 3540908033 [Version] 1048832 [Id] OSXEditor(0,MacBook-Pro-21.local) [Debug] 1 [PackageName] OSXEditor [ProjectName] Editor" joined multi-casting on [225.0.0.222:54997]...

Player connection [140704515408704] Host "[IP] 10.0.0.211 [Port] 0 [Flags] 2 [Guid] 3540908033 [EditorId] 3540908033 [Version] 1048832 [Id] OSXEditor(0,MacBook-Pro-21.local) [Debug] 1 [PackageName] OSXEditor [ProjectName] Editor" joined alternative multi-casting on [225.0.0.222:34997]...

Refreshing native plugins compatible for Editor in 203.77 ms, found 2 plugins.
Preloading 0 native plugins for Editor in 0.00 ms.
Initialize engine version: 2021.3.22f1 (b6c551784ba3)
[Subsystems] Discovering subsystems at path /Users/SpartanPip/Desktop/Unity Editors/2021.3.22f1/Unity.app/Contents/Resources/UnitySubsystems
[Subsystems] Discovering subsystems at path /Users/SpartanPip/Desktop/ComplexGamesApplicationProject/CannonGameUnity/Assets
GfxDevice: creating device client; threaded=0; jobified=0
Color LCD preferred device: AMD Radeon Pro 5500M (high power)
Metal devices available: 2
0: AMD Radeon Pro 5500M (high power)
1: Intel(R) UHD Graphics 630 (low power)
Using device AMD Radeon Pro 5500M (high power)
Initializing Metal device caps: AMD Radeon Pro 5500M
Initialize mono
Mono path[0] = '/Users/SpartanPip/Desktop/Unity Editors/2021.3.22f1/Unity.app/Contents/Managed'
Mono path[1] = '/Users/SpartanPip/Desktop/Unity Editors/2021.3.22f1/Unity.app/Contents/MonoBleedingEdge/lib/mono/unityjit-macos'
Mono config path = '/Users/SpartanPip/Desktop/Unity Editors/2021.3.22f1/Unity.app/Contents/MonoBleedingEdge/etc'
Using monoOptions --debugger-agent=transport=dt_socket,embedding=1,server=y,suspend=n,address=127.0.0.1:56590
Begin MonoManager ReloadAssembly
Registering precompiled unity dll's ...
Register platform support module: /Users/SpartanPip/Desktop/Unity Editors/2021.3.22f1/PlaybackEngines/WebGLSupport/UnityEditor.WebGL.Extensions.dll
Register platform support module: /Users/SpartanPip/Desktop/Unity Editors/2021.3.22f1/Unity.app/Contents/PlaybackEngines/MacStandaloneSupport/UnityEditor.OSXStandalone.Extensions.dll
Registered in 0.003138 seconds.
Native extension for OSXStandalone target not found
Native extension for WebGL target not found
Refreshing native plugins compatible for Editor in 192.99 ms, found 2 plugins.
Preloading 0 native plugins for Editor in 0.00 ms.
Mono: successfully reloaded assembly
- Completed reload, in  0.891 seconds
Domain Reload Profiling:
	ReloadAssembly (891ms)
		BeginReloadAssembly (118ms)
			ExecutionOrderSort (0ms)
			DisableScriptedObjects (0ms)
			BackupInstance (0ms)
			ReleaseScriptingObjects (0ms)
			CreateAndSetChildDomain (1ms)
		EndReloadAssembly (664ms)
			LoadAssemblies (118ms)
			RebuildTransferFunctionScriptingTraits (0ms)
			SetupTypeCache (130ms)
			ReleaseScriptCaches (0ms)
			RebuildScriptCaches (35ms)
			SetupLoadedEditorAssemblies (440ms)
				LogAssemblyErrors (0ms)
				InitializePlatformSupportModulesInManaged (13ms)
				SetLoadedEditorAssemblies (0ms)
				RefreshPlugins (193ms)
				BeforeProcessingInitializeOnLoad (1ms)
				ProcessInitializeOnLoadAttributes (177ms)
				ProcessInitializeOnLoadMethodAttributes (55ms)
				AfterProcessingInitializeOnLoad (0ms)
				EditorAssembliesLoaded (0ms)
			ExecutionOrderSort2 (0ms)
			AwakeInstancesAfterBackupRestoration (0ms)
Platform modules already initialized, skipping
Registering precompiled user dll's ...
Registered in 0.007650 seconds.
Begin MonoManager ReloadAssembly
Symbol file LoadedFromMemory doesn't match image /Users/SpartanPip/Desktop/ComplexGamesApplicationProject/CannonGameUnity/Library/PackageCache/com.unity.visualscripting@1.8.0/Editor/VisualScripting.Core/Dependencies/YamlDotNet/Unity.VisualScripting.YamlDotNet.dll
Symbol file LoadedFromMemory doesn't match image /Users/SpartanPip/Desktop/ComplexGamesApplicationProject/CannonGameUnity/Library/PackageCache/com.unity.visualscripting@1.8.0/Editor/VisualScripting.Core/Dependencies/DotNetZip/Unity.VisualScripting.IonicZip.dll
Native extension for OSXStandalone target not found
Native extension for WebGL target not found
Refreshing native plugins compatible for Editor in 1.79 ms, found 2 plugins.
Preloading 0 native plugins for Editor in 0.00 ms.
Mono: successfully reloaded assembly
- Completed reload, in  1.511 seconds
Domain Reload Profiling:
	ReloadAssembly (1512ms)
		BeginReloadAssembly (124ms)
			ExecutionOrderSort (0ms)
			DisableScriptedObjects (6ms)
			BackupInstance (0ms)
			ReleaseScriptingObjects (0ms)
			CreateAndSetChildDomain (31ms)
		EndReloadAssembly (1258ms)
			LoadAssemblies (95ms)
			RebuildTransferFunctionScriptingTraits (0ms)
			SetupTypeCache (324ms)
			ReleaseScriptCaches (1ms)
			RebuildScriptCaches (68ms)
			SetupLoadedEditorAssemblies (731ms)
				LogAssemblyErrors (0ms)
				InitializePlatformSupportModulesInManaged (5ms)
				SetLoadedEditorAssemblies (1ms)
				RefreshPlugins (2ms)
				BeforeProcessingInitializeOnLoad (73ms)
				ProcessInitializeOnLoadAttributes (629ms)
				ProcessInitializeOnLoadMethodAttributes (20ms)
				AfterProcessingInitializeOnLoad (2ms)
				EditorAssembliesLoaded (0ms)
			ExecutionOrderSort2 (0ms)
			AwakeInstancesAfterBackupRestoration (4ms)
Platform modules already initialized, skipping
========================================================================
Worker process is ready to serve import requests
Shader 'Distant Lands/Cozy/Stylized Terrain First Pass': dependency 'BaseMapShader' shader 'Distant Lands/Stylized Terrain' not found
Shader 'Distant Lands/Cozy/Stylized Terrain First Pass': dependency 'AddPassShader' shader 'Distant Lands/Stylized Terrain Add Pass' not found
Shader 'Distant Lands/Cozy/Stylized Terrain First Pass': dependency 'BaseMapShader' shader 'Distant Lands/Stylized Terrain' not found
Shader 'Distant Lands/Cozy/Stylized Terrain First Pass': dependency 'AddPassShader' shader 'Distant Lands/Stylized Terrain Add Pass' not found
Shader 'Distant Lands/Cozy/Stylized Terrain First Pass': dependency 'BaseMapShader' shader 'Distant Lands/Stylized Terrain' not found
Shader 'Distant Lands/Cozy/Stylized Terrain First Pass': dependency 'AddPassShader' shader 'Distant Lands/Stylized Terrain Add Pass' not found
Launching external process: /Users/SpartanPip/Desktop/Unity Editors/2021.3.22f1/Unity.app/Contents/Tools/UnityShaderCompiler
Launched and connected shader compiler UnityShaderCompiler after 0.08 seconds
Refreshing native plugins compatible for Editor in 1.56 ms, found 2 plugins.
Preloading 0 native plugins for Editor in 0.00 ms.
Unloading 3177 Unused Serialized files (Serialized files now loaded: 0)
Unloading 23 unused Assets / (3.1 MB). Loaded Objects now: 3655.
Memory consumption went from 136.2 MB to 133.2 MB.
Total: 4.206135 ms (FindLiveObjects: 0.273783 ms CreateObjectMapping: 0.181347 ms MarkObjects: 3.222336 ms  DeleteObjects: 0.527974 ms)

AssetImportParameters requested are different than current active one (requested -> active):
  custom:video-decoder-ogg-theora: a1e56fd34408186e4bbccfd4996cb3dc -> 
  custom:container-muxer-webm: aa71ff27fc2769a1b78a27578f13a17b -> 
  custom:container-demuxer-webm: 4f35f7cbe854078d1ac9338744f61a02 -> 
  custom:video-encoder-webm-vp8: eb34c28f22e8b96e1ab97ce403110664 -> 
  custom:framework-osx-AVFoundation: e770b220cccbd017edd2c1fefb359320 -> 
  custom:audio-encoder-webm-vorbis: bf7c407c2cedff20999df2af8eb42d56 -> 
  custom:container-demuxer-ogg: 62fdf1f143b41e24485cea50d1cbac27 -> 
  custom:video-decoder-webm-vp8: 9c59270c3fd7afecdb556c50c9e8de78 -> 
  custom:audio-decoder-ogg-vorbis: bf7c407c2cedff20999df2af8eb42d56 -> 
========================================================================
Received Import Request.
  Time since last request: 180523.893280 seconds.
  path: Assets/Prefabs/Props/Sailors
  artifactKey: Guid(dd12ac4c8b5054021b0aa27aa7347703) Importer(815301076,1909f56bfc062723c751e8b465ee728b)
Start importing Assets/Prefabs/Props/Sailors using Guid(dd12ac4c8b5054021b0aa27aa7347703) Importer(815301076,1909f56bfc062723c751e8b465ee728b)  -> (artifact id: '96adfd50e4e4b7cf30e767f49ff639e5') in 0.007602 seconds 
========================================================================
Received Import Request.
  Time since last request: 6.345061 seconds.
  path: Assets/Prefabs/Props/Pirates
  artifactKey: Guid(c569952ebfafe473cb86e559afc60901) Importer(815301076,1909f56bfc062723c751e8b465ee728b)
Start importing Assets/Prefabs/Props/Pirates using Guid(c569952ebfafe473cb86e559afc60901) Importer(815301076,1909f56bfc062723c751e8b465ee728b)  -> (artifact id: 'da610bcafe9a4aeb4829e9c8b657e5e7') in 0.001603 seconds 
========================================================================
Received Import Request.
  Time since last request: 7.047358 seconds.
  path: Assets/Prefabs/Props/Navy
  artifactKey: Guid(8406e3b573eb74c12b891dbb6751fa0c) Importer(815301076,1909f56bfc062723c751e8b465ee728b)
Start importing Assets/Prefabs/Props/Navy using Guid(8406e3b573eb74c12b891dbb6751fa0c) Importer(815301076,1909f56bfc062723c751e8b465ee728b)  -> (artifact id: 'd4bcf1cfbaf20bce389449be336ddf0d') in 0.002740 seconds 
========================================================================
Received Import Request.
  Time since last request: 13.405401 seconds.
  path: Assets/Downloaded/PolygonFantasyKingdom/Prefabs/Buildings/SM_Bld_House_Stairs_02.prefab
  artifactKey: Guid(004e4a6aea928694fafc5a2488985ff3) Importer(815301076,1909f56bfc062723c751e8b465ee728b)
Start importing Assets/Downloaded/PolygonFantasyKingdom/Prefabs/Buildings/SM_Bld_House_Stairs_02.prefab using Guid(004e4a6aea928694fafc5a2488985ff3) Importer(815301076,1909f56bfc062723c751e8b465ee728b)  -> (artifact id: '63aded7cb8470eacbd1b846d7346cd6a') in 1.468437 seconds 
========================================================================
Received Import Request.
  Time since last request: 0.000082 seconds.
  path: Assets/Downloaded/PolygonFantasyKingdom/Prefabs/Buildings/SM_Bld_Wooden_Tower_02.prefab
  artifactKey: Guid(6cc6931132ad2164f88f29ddede19010) Importer(815301076,1909f56bfc062723c751e8b465ee728b)
Start importing Assets/Downloaded/PolygonFantasyKingdom/Prefabs/Buildings/SM_Bld_Wooden_Tower_02.prefab using Guid(6cc6931132ad2164f88f29ddede19010) Importer(815301076,1909f56bfc062723c751e8b465ee728b)  -> (artifact id: '16781a986e05766d479badf2c12cce17') in 0.081293 seconds 
========================================================================
Received Import Request.
  Time since last request: 2.183791 seconds.
  path: Assets/Downloaded/PolygonFantasyKingdom/Prefabs/Buildings/Preset_Houses/SM_Bld_Preset_Blacksmith_01_Optimized.prefab
  artifactKey: Guid(8adfb299be9e7f74c859e0c948e2f4c0) Importer(815301076,1909f56bfc062723c751e8b465ee728b)
Start importing Assets/Downloaded/PolygonFantasyKingdom/Prefabs/Buildings/Preset_Houses/SM_Bld_Preset_Blacksmith_01_Optimized.prefab using Guid(8adfb299be9e7f74c859e0c948e2f4c0) Importer(815301076,1909f56bfc062723c751e8b465ee728b)  -> (artifact id: 'ede22af5287bb76206a9ae93b3729e03') in 0.136910 seconds 
========================================================================
Received Import Request.
  Time since last request: 0.000086 seconds.
  path: Assets/Downloaded/PolygonFantasyKingdom/Prefabs/Buildings/Preset_Houses/SM_Bld_Preset_House_01_A_Optimized.prefab
  artifactKey: Guid(871736051670df6409b1c54e9710effe) Importer(815301076,1909f56bfc062723c751e8b465ee728b)
Start importing Assets/Downloaded/PolygonFantasyKingdom/Prefabs/Buildings/Preset_Houses/SM_Bld_Preset_House_01_A_Optimized.prefab using Guid(871736051670df6409b1c54e9710effe) Importer(815301076,1909f56bfc062723c751e8b465ee728b)  -> (artifact id: 'f9d30a0fa0c744508d725bbe292a6b90') in 0.195845 seconds 
========================================================================
Received Import Request.
  Time since last request: 0.000061 seconds.
  path: Assets/Downloaded/PolygonFantasyKingdom/Prefabs/Buildings/Preset_Houses/SM_Bld_Preset_Shelter_02_Optimized.prefab
  artifactKey: Guid(d78597ae17d16174487573108082e2d9) Importer(815301076,1909f56bfc062723c751e8b465ee728b)
Start importing Assets/Downloaded/PolygonFantasyKingdom/Prefabs/Buildings/Preset_Houses/SM_Bld_Preset_Shelter_02_Optimized.prefab using Guid(d78597ae17d16174487573108082e2d9) Importer(815301076,1909f56bfc062723c751e8b465ee728b)  -> (artifact id: '85b69216a09ce9ad2737d24487f96075') in 0.082117 seconds 
========================================================================
Received Import Request.
  Time since last request: 0.000077 seconds.
  path: Assets/Downloaded/PolygonFantasyKingdom/Prefabs/Buildings/Preset_Houses/SM_Bld_Preset_House_10_Optimized.prefab
  artifactKey: Guid(84097ddad6d7241409e382738aae22bb) Importer(815301076,1909f56bfc062723c751e8b465ee728b)
Start importing Assets/Downloaded/PolygonFantasyKingdom/Prefabs/Buildings/Preset_Houses/SM_Bld_Preset_House_10_Optimized.prefab using Guid(84097ddad6d7241409e382738aae22bb) Importer(815301076,1909f56bfc062723c751e8b465ee728b)  -> (artifact id: '4afd30f78d0ef7e76bbb4952ccfdbcc3') in 0.151800 seconds 
========================================================================
Received Import Request.
  Time since last request: 0.000151 seconds.
  path: Assets/Downloaded/PolygonFantasyKingdom/Prefabs/Buildings/Preset_Houses/SM_Bld_Preset_Stables_01_Optimized.prefab
  artifactKey: Guid(356fa83e91052c344953b8081a7d6f57) Importer(815301076,1909f56bfc062723c751e8b465ee728b)
Start importing Assets/Downloaded/PolygonFantasyKingdom/Prefabs/Buildings/Preset_Houses/SM_Bld_Preset_Stables_01_Optimized.prefab using Guid(356fa83e91052c344953b8081a7d6f57) Importer(815301076,1909f56bfc062723c751e8b465ee728b)  -> (artifact id: '22b157bd36d90168d0f79cabdcdd8b61') in 0.146562 seconds 
========================================================================
Received Import Request.
  Time since last request: 0.000119 seconds.
  path: Assets/Downloaded/PolygonFantasyKingdom/Prefabs/Buildings/Preset_Houses/SM_Bld_Preset_House_06_Optimized.prefab
  artifactKey: Guid(06f1b1d319174e14e952d95159a15259) Importer(815301076,1909f56bfc062723c751e8b465ee728b)
Start importing Assets/Downloaded/PolygonFantasyKingdom/Prefabs/Buildings/Preset_Houses/SM_Bld_Preset_House_06_Optimized.prefab using Guid(06f1b1d319174e14e952d95159a15259) Importer(815301076,1909f56bfc062723c751e8b465ee728b)  -> (artifact id: '3fb626a71d3f80094dfd82b8a3063db1') in 0.101051 seconds 
========================================================================
Received Import Request.
  Time since last request: 0.000183 seconds.
  path: Assets/Downloaded/PolygonFantasyKingdom/Prefabs/Buildings/Preset_Houses/SM_Bld_Preset_Outhouse_01_Optimized.prefab
  artifactKey: Guid(5a47459c828b0834aac48f15a22069f0) Importer(815301076,1909f56bfc062723c751e8b465ee728b)
Start importing Assets/Downloaded/PolygonFantasyKingdom/Prefabs/Buildings/Preset_Houses/SM_Bld_Preset_Outhouse_01_Optimized.prefab using Guid(5a47459c828b0834aac48f15a22069f0) Importer(815301076,1909f56bfc062723c751e8b465ee728b)  -> (artifact id: '54d59959fdedb1dfb18a2121ab8b62ee') in 0.072154 seconds 
========================================================================
Received Import Request.
  Time since last request: 0.000099 seconds.
  path: Assets/Downloaded/PolygonFantasyKingdom/Prefabs/Buildings/Preset_Houses/SM_Bld_Preset_Tavern_01_Optimized.prefab
  artifactKey: Guid(c4acdd3f8bf9cfe4e8db56a2f52a57db) Importer(815301076,1909f56bfc062723c751e8b465ee728b)
Start importing Assets/Downloaded/PolygonFantasyKingdom/Prefabs/Buildings/Preset_Houses/SM_Bld_Preset_Tavern_01_Optimized.prefab using Guid(c4acdd3f8bf9cfe4e8db56a2f52a57db) Importer(815301076,1909f56bfc062723c751e8b465ee728b)  -> (artifact id: 'c9ee3e08b119578422abe718245b53f2') in 0.109271 seconds 
========================================================================
Received Import Request.
  Time since last request: 13.005293 seconds.
  path: Assets/Downloaded/PolygonFantasyKingdom/Prefabs/Buildings/SM_Prop_Destroyed_House_Piece_06.prefab
  artifactKey: Guid(821e91d52e13c324e9733e5bd9f4ddad) Importer(815301076,1909f56bfc062723c751e8b465ee728b)
Start importing Assets/Downloaded/PolygonFantasyKingdom/Prefabs/Buildings/SM_Prop_Destroyed_House_Piece_06.prefab using Guid(821e91d52e13c324e9733e5bd9f4ddad) Importer(815301076,1909f56bfc062723c751e8b465ee728b)  -> (artifact id: '8005e54465c380dc59cd4ba7bf62f042') in 0.083627 seconds 
========================================================================
Received Import Request.
  Time since last request: 0.000070 seconds.
  path: Assets/Downloaded/PolygonFantasyKingdom/Prefabs/Buildings/SM_Prop_Destroyed_House_Preset_01.prefab
  artifactKey: Guid(89094594cda39a747bef09cf9e7dbd81) Importer(815301076,1909f56bfc062723c751e8b465ee728b)
Start importing Assets/Downloaded/PolygonFantasyKingdom/Prefabs/Buildings/SM_Prop_Destroyed_House_Preset_01.prefab using Guid(89094594cda39a747bef09cf9e7dbd81) Importer(815301076,1909f56bfc062723c751e8b465ee728b)  -> (artifact id: '89b7463ea84a1113bc1ba3b82fa89bcc') in 0.080672 seconds 
========================================================================
Received Import Request.
  Time since last request: 21.096039 seconds.
  path: Assets/Downloaded/PolygonFantasyKingdom/Prefabs/Environments/SM_Env_Big_Tree_01.prefab
  artifactKey: Guid(1847aa3ec5e8b29468675ceacfd7f8e6) Importer(815301076,1909f56bfc062723c751e8b465ee728b)
Start importing Assets/Downloaded/PolygonFantasyKingdom/Prefabs/Environments/SM_Env_Big_Tree_01.prefab using Guid(1847aa3ec5e8b29468675ceacfd7f8e6) Importer(815301076,1909f56bfc062723c751e8b465ee728b)  -> (artifact id: '4d6aff55f0ed13199b5d0b4a8e4a47bc') in 0.167697 seconds 
========================================================================
Received Import Request.
  Time since last request: 0.000114 seconds.
  path: Assets/Downloaded/PolygonFantasyKingdom/Prefabs/Environments/SM_Env_Bush_03.prefab
  artifactKey: Guid(bc597c00db3331b44a6e0faee5be1017) Importer(815301076,1909f56bfc062723c751e8b465ee728b)
Start importing Assets/Downloaded/PolygonFantasyKingdom/Prefabs/Environments/SM_Env_Bush_03.prefab using Guid(bc597c00db3331b44a6e0faee5be1017) Importer(815301076,1909f56bfc062723c751e8b465ee728b)  -> (artifact id: '74c6c7f4226bd6a2f05676dde41bb509') in 0.083454 seconds 
========================================================================
Received Import Request.
  Time since last request: 0.000053 seconds.
  path: Assets/Downloaded/PolygonFantasyKingdom/Prefabs/Environments/SM_Env_Bush_Small_03.prefab
  artifactKey: Guid(3fcdb912c23e32d4d8d67471b555afee) Importer(815301076,1909f56bfc062723c751e8b465ee728b)
Start importing Assets/Downloaded/PolygonFantasyKingdom/Prefabs/Environments/SM_Env_Bush_Small_03.prefab using Guid(3fcdb912c23e32d4d8d67471b555afee) Importer(815301076,1909f56bfc062723c751e8b465ee728b)  -> (artifact id: '961047150d68e83c22bae7cee698187b') in 0.084296 seconds 
========================================================================
Received Import Request.
  Time since last request: 0.000112 seconds.
  path: Assets/Downloaded/PolygonFantasyKingdom/Prefabs/Environments/SM_Env_Fern_04.prefab
  artifactKey: Guid(1618cc105bd08384b92f3c0ab3567972) Importer(815301076,1909f56bfc062723c751e8b465ee728b)
Start importing Assets/Downloaded/PolygonFantasyKingdom/Prefabs/Environments/SM_Env_Fern_04.prefab using Guid(1618cc105bd08384b92f3c0ab3567972) Importer(815301076,1909f56bfc062723c751e8b465ee728b)  -> (artifact id: 'fcec36880c0aaf10ab6203e651eb7814') in 0.069948 seconds 
========================================================================
Received Import Request.
  Time since last request: 0.000130 seconds.
  path: Assets/Downloaded/PolygonFantasyKingdom/Prefabs/Environments/SM_Env_Fern_02.prefab
  artifactKey: Guid(667a5257b374c8b4f97221394acdf004) Importer(815301076,1909f56bfc062723c751e8b465ee728b)
Start importing Assets/Downloaded/PolygonFantasyKingdom/Prefabs/Environments/SM_Env_Fern_02.prefab using Guid(667a5257b374c8b4f97221394acdf004) Importer(815301076,1909f56bfc062723c751e8b465ee728b)  -> (artifact id: '2d2643c5d68312a961be4361ce7f4fdb') in 0.073974 seconds 
========================================================================
Received Import Request.
  Time since last request: 0.000106 seconds.
  path: Assets/Downloaded/PolygonFantasyKingdom/Prefabs/Environments/SM_Env_Fern_01.prefab
  artifactKey: Guid(5e35c1135652c0341a813bd21f4869c3) Importer(815301076,1909f56bfc062723c751e8b465ee728b)
Start importing Assets/Downloaded/PolygonFantasyKingdom/Prefabs/Environments/SM_Env_Fern_01.prefab using Guid(5e35c1135652c0341a813bd21f4869c3) Importer(815301076,1909f56bfc062723c751e8b465ee728b)  -> (artifact id: 'ce0348cfc44b2caa6426c4c687fccbb0') in 0.081176 seconds 
========================================================================
Received Import Request.
  Time since last request: 0.000123 seconds.
  path: Assets/Downloaded/PolygonFantasyKingdom/Prefabs/Environments/SM_Env_Bush_Flowers_05.prefab
  artifactKey: Guid(64b29b6bee1c2594984b81b893b1abf2) Importer(815301076,1909f56bfc062723c751e8b465ee728b)
Start importing Assets/Downloaded/PolygonFantasyKingdom/Prefabs/Environments/SM_Env_Bush_Flowers_05.prefab using Guid(64b29b6bee1c2594984b81b893b1abf2) Importer(815301076,1909f56bfc062723c751e8b465ee728b)  -> (artifact id: '1ceba240c0f1429d933d4fb507b73552') in 0.086893 seconds 
========================================================================
Received Import Request.
  Time since last request: 0.000063 seconds.
  path: Assets/Downloaded/PolygonFantasyKingdom/Prefabs/Environments/SM_Env_Bush_Small_01.prefab
  artifactKey: Guid(84fa93cf8a1c0bc4fba3eea506edd964) Importer(815301076,1909f56bfc062723c751e8b465ee728b)
Start importing Assets/Downloaded/PolygonFantasyKingdom/Prefabs/Environments/SM_Env_Bush_Small_01.prefab using Guid(84fa93cf8a1c0bc4fba3eea506edd964) Importer(815301076,1909f56bfc062723c751e8b465ee728b)  -> (artifact id: '5d5baa684aed0f41d916aed2bb14c4f4') in 0.094027 seconds 
========================================================================
Received Import Request.
  Time since last request: 0.000103 seconds.
  path: Assets/Downloaded/PolygonFantasyKingdom/Prefabs/Environments/SM_Env_Bush_05.prefab
  artifactKey: Guid(b512242e1bb7cba419b004a8d930b563) Importer(815301076,1909f56bfc062723c751e8b465ee728b)
Start importing Assets/Downloaded/PolygonFantasyKingdom/Prefabs/Environments/SM_Env_Bush_05.prefab using Guid(b512242e1bb7cba419b004a8d930b563) Importer(815301076,1909f56bfc062723c751e8b465ee728b)  -> (artifact id: 'caef0275223ed3631963f6ff912c398b') in 0.072882 seconds 
========================================================================
Received Import Request.
  Time since last request: 2.165820 seconds.
  path: Assets/Downloaded/PolygonFantasyKingdom/Prefabs/Environments/SM_Env_Flowers_02.prefab
  artifactKey: Guid(32fafe6bd8dcb4646b89e973a11c173b) Importer(815301076,1909f56bfc062723c751e8b465ee728b)
Start importing Assets/Downloaded/PolygonFantasyKingdom/Prefabs/Environments/SM_Env_Flowers_02.prefab using Guid(32fafe6bd8dcb4646b89e973a11c173b) Importer(815301076,1909f56bfc062723c751e8b465ee728b)  -> (artifact id: 'b70c9c68019c7256b4e5b479ef672b8c') in 0.086906 seconds 
========================================================================
Received Import Request.
  Time since last request: 0.000086 seconds.
  path: Assets/Downloaded/PolygonFantasyKingdom/Prefabs/Environments/SM_Env_Flowers_07.prefab
  artifactKey: Guid(1c730840956988a45b25292c6797bd72) Importer(815301076,1909f56bfc062723c751e8b465ee728b)
Start importing Assets/Downloaded/PolygonFantasyKingdom/Prefabs/Environments/SM_Env_Flowers_07.prefab using Guid(1c730840956988a45b25292c6797bd72) Importer(815301076,1909f56bfc062723c751e8b465ee728b)  -> (artifact id: '1d8f05032c05692609bca3ea30bcc63a') in 0.086373 seconds 
========================================================================
Received Import Request.
  Time since last request: 0.000073 seconds.
  path: Assets/Downloaded/PolygonFantasyKingdom/Prefabs/Environments/SM_Env_Flowers_14.prefab
  artifactKey: Guid(de9592afdcf74fa4f852a0e2c59cada5) Importer(815301076,1909f56bfc062723c751e8b465ee728b)
Start importing Assets/Downloaded/PolygonFantasyKingdom/Prefabs/Environments/SM_Env_Flowers_14.prefab using Guid(de9592afdcf74fa4f852a0e2c59cada5) Importer(815301076,1909f56bfc062723c751e8b465ee728b)  -> (artifact id: '514baed4207b44f9661e097fcb8ffac0') in 0.082726 seconds 
========================================================================
Received Import Request.
  Time since last request: 0.000087 seconds.
  path: Assets/Downloaded/PolygonFantasyKingdom/Prefabs/Environments/SM_Env_Flowers_17.prefab
  artifactKey: Guid(e424c2171c55e3c47b4e7a08fbd286e5) Importer(815301076,1909f56bfc062723c751e8b465ee728b)
Start importing Assets/Downloaded/PolygonFantasyKingdom/Prefabs/Environments/SM_Env_Flowers_17.prefab using Guid(e424c2171c55e3c47b4e7a08fbd286e5) Importer(815301076,1909f56bfc062723c751e8b465ee728b)  -> (artifact id: 'acbab7aeb12578208d4ea8017dd927bd') in 0.081055 seconds 
========================================================================
Received Import Request.
  Time since last request: 0.736742 seconds.
  path: Assets/Downloaded/PolygonFantasyKingdom/Prefabs/Environments/SM_Env_Flowers_18.prefab
  artifactKey: Guid(885eba3dd922b7d4e9c8783c265adc96) Importer(815301076,1909f56bfc062723c751e8b465ee728b)
Start importing Assets/Downloaded/PolygonFantasyKingdom/Prefabs/Environments/SM_Env_Flowers_18.prefab using Guid(885eba3dd922b7d4e9c8783c265adc96) Importer(815301076,1909f56bfc062723c751e8b465ee728b)  -> (artifact id: '6ba20b5616d9ae5a2badf9d539e4fa35') in 0.080817 seconds 
========================================================================
Received Import Request.
  Time since last request: 0.000062 seconds.
  path: Assets/Downloaded/PolygonFantasyKingdom/Prefabs/Environments/SM_Env_Fountain_01.prefab
  artifactKey: Guid(7f687487d4bbab24fb547dc9af8ed83f) Importer(815301076,1909f56bfc062723c751e8b465ee728b)
Start importing Assets/Downloaded/PolygonFantasyKingdom/Prefabs/Environments/SM_Env_Fountain_01.prefab using Guid(7f687487d4bbab24fb547dc9af8ed83f) Importer(815301076,1909f56bfc062723c751e8b465ee728b)  -> (artifact id: '5d193e2b5b3402d8f76f6c607ed43f93') in 0.090958 seconds 
========================================================================
Received Import Request.
  Time since last request: 0.147437 seconds.
  path: Assets/Downloaded/PolygonFantasyKingdom/Prefabs/Environments/SM_Env_Grass_Tuft_01.prefab
  artifactKey: Guid(b1caf92b258944948a55d7a715a5afa0) Importer(815301076,1909f56bfc062723c751e8b465ee728b)
Start importing Assets/Downloaded/PolygonFantasyKingdom/Prefabs/Environments/SM_Env_Grass_Tuft_01.prefab using Guid(b1caf92b258944948a55d7a715a5afa0) Importer(815301076,1909f56bfc062723c751e8b465ee728b)  -> (artifact id: '3f077f106c1f48aba12228e044ca4f53') in 0.087759 seconds 
========================================================================
Received Import Request.
  Time since last request: 0.000063 seconds.
  path: Assets/Downloaded/PolygonFantasyKingdom/Prefabs/Environments/SM_Env_Ground_Crater_03.prefab
  artifactKey: Guid(259f297162418b94c8e4b0d018262bc8) Importer(815301076,1909f56bfc062723c751e8b465ee728b)
Start importing Assets/Downloaded/PolygonFantasyKingdom/Prefabs/Environments/SM_Env_Ground_Crater_03.prefab using Guid(259f297162418b94c8e4b0d018262bc8) Importer(815301076,1909f56bfc062723c751e8b465ee728b)  -> (artifact id: 'a306e3c9b16b1206c267ac9e3d51e6be') in 0.104231 seconds 
========================================================================
Received Import Request.
  Time since last request: 0.407985 seconds.
  path: Assets/Downloaded/PolygonFantasyKingdom/Prefabs/Environments/SM_Env_Ground_Farm_Flat_01.prefab
  artifactKey: Guid(214073465227b5944a5a4716cbf03507) Importer(815301076,1909f56bfc062723c751e8b465ee728b)
Start importing Assets/Downloaded/PolygonFantasyKingdom/Prefabs/Environments/SM_Env_Ground_Farm_Flat_01.prefab using Guid(214073465227b5944a5a4716cbf03507) Importer(815301076,1909f56bfc062723c751e8b465ee728b)  -> (artifact id: 'ca25d8450509150c42aa1b40a5b18d78') in 0.037235 seconds 
========================================================================
Received Import Request.
  Time since last request: 0.000090 seconds.
  path: Assets/Downloaded/PolygonFantasyKingdom/Prefabs/Environments/SM_Env_Ground_Farm_Row_04.prefab
  artifactKey: Guid(80ea1fa2ab510714a99c1170024fa4f5) Importer(815301076,1909f56bfc062723c751e8b465ee728b)
Start importing Assets/Downloaded/PolygonFantasyKingdom/Prefabs/Environments/SM_Env_Ground_Farm_Row_04.prefab using Guid(80ea1fa2ab510714a99c1170024fa4f5) Importer(815301076,1909f56bfc062723c751e8b465ee728b)  -> (artifact id: '69d5393f86fda9c67e56399f29657b06') in 0.072312 seconds 
========================================================================
Received Import Request.
  Time since last request: 0.241767 seconds.
  path: Assets/Downloaded/PolygonFantasyKingdom/Prefabs/Environments/SM_Env_Ground_Flat_Dirt_01.prefab
  artifactKey: Guid(a191aaa06ae9bb044be515a674fd12dd) Importer(815301076,1909f56bfc062723c751e8b465ee728b)
Start importing Assets/Downloaded/PolygonFantasyKingdom/Prefabs/Environments/SM_Env_Ground_Flat_Dirt_01.prefab using Guid(a191aaa06ae9bb044be515a674fd12dd) Importer(815301076,1909f56bfc062723c751e8b465ee728b)  -> (artifact id: '453d6d7de60d6bba4270e3bf5f5af89e') in 0.086090 seconds 
========================================================================
Received Import Request.
  Time since last request: 0.000069 seconds.
  path: Assets/Downloaded/PolygonFantasyKingdom/Prefabs/Environments/SM_Env_Ground_Ramp_01.prefab
  artifactKey: Guid(3a279e6d101803e4b8112667c23b3730) Importer(815301076,1909f56bfc062723c751e8b465ee728b)
Start importing Assets/Downloaded/PolygonFantasyKingdom/Prefabs/Environments/SM_Env_Ground_Ramp_01.prefab using Guid(3a279e6d101803e4b8112667c23b3730) Importer(815301076,1909f56bfc062723c751e8b465ee728b)  -> (artifact id: 'b56ddefb1dc7a7e9fec7f229c3376eda') in 0.081764 seconds 
========================================================================
Received Import Request.
  Time since last request: 0.458383 seconds.
  path: Assets/Downloaded/PolygonFantasyKingdom/Prefabs/Environments/SM_Env_Ivy_01.prefab
  artifactKey: Guid(5a19f2a78c64ff546a2818764e86f291) Importer(815301076,1909f56bfc062723c751e8b465ee728b)
Start importing Assets/Downloaded/PolygonFantasyKingdom/Prefabs/Environments/SM_Env_Ivy_01.prefab using Guid(5a19f2a78c64ff546a2818764e86f291) Importer(815301076,1909f56bfc062723c751e8b465ee728b)  -> (artifact id: 'c08fcc2ea85ca3c73f404d2f8efcda84') in 0.086046 seconds 
========================================================================
Received Import Request.
  Time since last request: 0.000067 seconds.
  path: Assets/Downloaded/PolygonFantasyKingdom/Prefabs/Environments/SM_Env_Ivy_07.prefab
  artifactKey: Guid(ac77d8a3b344c8749b7da973235357ba) Importer(815301076,1909f56bfc062723c751e8b465ee728b)
Start importing Assets/Downloaded/PolygonFantasyKingdom/Prefabs/Environments/SM_Env_Ivy_07.prefab using Guid(ac77d8a3b344c8749b7da973235357ba) Importer(815301076,1909f56bfc062723c751e8b465ee728b)  -> (artifact id: '01854a6f70f489b2da939b90e7ca5a44') in 0.101472 seconds 
========================================================================
Received Import Request.
  Time since last request: 0.000078 seconds.
  path: Assets/Downloaded/PolygonFantasyKingdom/Prefabs/Environments/SM_Env_Lily_01.prefab
  artifactKey: Guid(a5769229557ec854dbeda35e092858e0) Importer(815301076,1909f56bfc062723c751e8b465ee728b)
Start importing Assets/Downloaded/PolygonFantasyKingdom/Prefabs/Environments/SM_Env_Lily_01.prefab using Guid(a5769229557ec854dbeda35e092858e0) Importer(815301076,1909f56bfc062723c751e8b465ee728b)  -> (artifact id: 'b318b11b9c5d9bed096c638a26ddc7c7') in 0.083184 seconds 
========================================================================
Received Import Request.
  Time since last request: 0.000105 seconds.
  path: Assets/Downloaded/PolygonFantasyKingdom/Prefabs/Environments/SM_Env_Path_Brick_Group_01.prefab
  artifactKey: Guid(5e4ec47aa6d9b0d4bb155e143efb196c) Importer(815301076,1909f56bfc062723c751e8b465ee728b)
Start importing Assets/Downloaded/PolygonFantasyKingdom/Prefabs/Environments/SM_Env_Path_Brick_Group_01.prefab using Guid(5e4ec47aa6d9b0d4bb155e143efb196c) Importer(815301076,1909f56bfc062723c751e8b465ee728b)  -> (artifact id: 'c601ff5686f70cf559b4764ad2e120e6') in 0.083458 seconds 
========================================================================
Received Import Request.
  Time since last request: 0.000107 seconds.
  path: Assets/Downloaded/PolygonFantasyKingdom/Prefabs/Environments/SM_Env_Path_02.prefab
  artifactKey: Guid(052cd3834c8c6834f861073823aef120) Importer(815301076,1909f56bfc062723c751e8b465ee728b)
Start importing Assets/Downloaded/PolygonFantasyKingdom/Prefabs/Environments/SM_Env_Path_02.prefab using Guid(052cd3834c8c6834f861073823aef120) Importer(815301076,1909f56bfc062723c751e8b465ee728b)  -> (artifact id: '0ffb787f87812e92733de0a27f839e15') in 0.087199 seconds 
========================================================================
Received Import Request.
  Time since last request: 0.000079 seconds.
  path: Assets/Downloaded/PolygonFantasyKingdom/Prefabs/Environments/SM_Env_Path_Brick_Group_06.prefab
  artifactKey: Guid(61dec9ef4e7b7714997c18437830f38f) Importer(815301076,1909f56bfc062723c751e8b465ee728b)
Start importing Assets/Downloaded/PolygonFantasyKingdom/Prefabs/Environments/SM_Env_Path_Brick_Group_06.prefab using Guid(61dec9ef4e7b7714997c18437830f38f) Importer(815301076,1909f56bfc062723c751e8b465ee728b)  -> (artifact id: 'b5894cc70ae4a4017911940e39501915') in 0.081737 seconds 
========================================================================
Received Import Request.
  Time since last request: 0.000185 seconds.
  path: Assets/Downloaded/PolygonFantasyKingdom/Prefabs/Environments/SM_Env_Path_Brick_Group_02.prefab
  artifactKey: Guid(562cfbd9ad2b3fb4699c1b13b4ce2917) Importer(815301076,1909f56bfc062723c751e8b465ee728b)
Start importing Assets/Downloaded/PolygonFantasyKingdom/Prefabs/Environments/SM_Env_Path_Brick_Group_02.prefab using Guid(562cfbd9ad2b3fb4699c1b13b4ce2917) Importer(815301076,1909f56bfc062723c751e8b465ee728b)  -> (artifact id: 'd383c701868522d2b0373fd9bfc6d289') in 0.083237 seconds 
========================================================================
Received Import Request.
  Time since last request: 0.000115 seconds.
  path: Assets/Downloaded/PolygonFantasyKingdom/Prefabs/Environments/SM_Env_Path_Raised_02.prefab
  artifactKey: Guid(104cacfdfac39d64793682999fe9c1b4) Importer(815301076,1909f56bfc062723c751e8b465ee728b)
Start importing Assets/Downloaded/PolygonFantasyKingdom/Prefabs/Environments/SM_Env_Path_Raised_02.prefab using Guid(104cacfdfac39d64793682999fe9c1b4) Importer(815301076,1909f56bfc062723c751e8b465ee728b)  -> (artifact id: '4ab6b1c8fa494a5519c951c56415294c') in 0.088402 seconds 
========================================================================
Received Import Request.
  Time since last request: 0.299913 seconds.
  path: Assets/Downloaded/PolygonFantasyKingdom/Prefabs/Environments/SM_Env_Path_StepEdge_01.prefab
  artifactKey: Guid(5060cee4354d6e84599aac604f90b57a) Importer(815301076,1909f56bfc062723c751e8b465ee728b)
Start importing Assets/Downloaded/PolygonFantasyKingdom/Prefabs/Environments/SM_Env_Path_StepEdge_01.prefab using Guid(5060cee4354d6e84599aac604f90b57a) Importer(815301076,1909f56bfc062723c751e8b465ee728b)  -> (artifact id: 'e05235eb2781adb0050b0d6604fbacf2') in 0.080027 seconds 
========================================================================
Received Import Request.
  Time since last request: 0.000114 seconds.
  path: Assets/Downloaded/PolygonFantasyKingdom/Prefabs/Environments/SM_Env_Planter_Pedestal_01_Preset_03.prefab
  artifactKey: Guid(b9272edf4d57f1744bfcca87d815b5d0) Importer(815301076,1909f56bfc062723c751e8b465ee728b)
Start importing Assets/Downloaded/PolygonFantasyKingdom/Prefabs/Environments/SM_Env_Planter_Pedestal_01_Preset_03.prefab using Guid(b9272edf4d57f1744bfcca87d815b5d0) Importer(815301076,1909f56bfc062723c751e8b465ee728b)  -> (artifact id: 'a1c671934649505027652e60f81f1d82') in 0.085776 seconds 
========================================================================
Received Import Request.
  Time since last request: 0.000074 seconds.
  path: Assets/Downloaded/PolygonFantasyKingdom/Prefabs/Environments/SM_Env_Planter_Plinth_01.prefab
  artifactKey: Guid(49a580136d5e094439eedd863c6e1855) Importer(815301076,1909f56bfc062723c751e8b465ee728b)
Start importing Assets/Downloaded/PolygonFantasyKingdom/Prefabs/Environments/SM_Env_Planter_Plinth_01.prefab using Guid(49a580136d5e094439eedd863c6e1855) Importer(815301076,1909f56bfc062723c751e8b465ee728b)  -> (artifact id: '54a115e5ffe46bec7b836e1a3766b59f') in 0.085624 seconds 
========================================================================
Received Import Request.
  Time since last request: 0.000079 seconds.
  path: Assets/Downloaded/PolygonFantasyKingdom/Prefabs/Environments/SM_Env_Planter_Pot_05.prefab
  artifactKey: Guid(148588b149ccc98479ae06bb68c77451) Importer(815301076,1909f56bfc062723c751e8b465ee728b)
Start importing Assets/Downloaded/PolygonFantasyKingdom/Prefabs/Environments/SM_Env_Planter_Pot_05.prefab using Guid(148588b149ccc98479ae06bb68c77451) Importer(815301076,1909f56bfc062723c751e8b465ee728b)  -> (artifact id: 'f6f8d7e4265fc54f250d1c4d75411efe') in 0.107487 seconds 
========================================================================
Received Import Request.
  Time since last request: 0.000084 seconds.
  path: Assets/Downloaded/PolygonFantasyKingdom/Prefabs/Environments/SM_Env_Riverbed_01.prefab
  artifactKey: Guid(33b7b4bc585c27f4fa3b9f977b1f81db) Importer(815301076,1909f56bfc062723c751e8b465ee728b)
Start importing Assets/Downloaded/PolygonFantasyKingdom/Prefabs/Environments/SM_Env_Riverbed_01.prefab using Guid(33b7b4bc585c27f4fa3b9f977b1f81db) Importer(815301076,1909f56bfc062723c751e8b465ee728b)  -> (artifact id: '6f26dd14566e3cf700633616506bef01') in 0.099615 seconds 
========================================================================
Received Import Request.
  Time since last request: 0.000093 seconds.
  path: Assets/Downloaded/PolygonFantasyKingdom/Prefabs/Environments/SM_Env_Reeds_01.prefab
  artifactKey: Guid(7c50f10bc65b25c429cfa1de506b367b) Importer(815301076,1909f56bfc062723c751e8b465ee728b)
Start importing Assets/Downloaded/PolygonFantasyKingdom/Prefabs/Environments/SM_Env_Reeds_01.prefab using Guid(7c50f10bc65b25c429cfa1de506b367b) Importer(815301076,1909f56bfc062723c751e8b465ee728b)  -> (artifact id: '12eb4b5062826a5b4ffbe73208181d89') in 0.096836 seconds 
========================================================================
Received Import Request.
  Time since last request: 0.000071 seconds.
  path: Assets/Downloaded/PolygonFantasyKingdom/Prefabs/Environments/SM_Env_Planter_Pot_06.prefab
  artifactKey: Guid(b1252796bff25904aaeceb8be135dd4d) Importer(815301076,1909f56bfc062723c751e8b465ee728b)
Start importing Assets/Downloaded/PolygonFantasyKingdom/Prefabs/Environments/SM_Env_Planter_Pot_06.prefab using Guid(b1252796bff25904aaeceb8be135dd4d) Importer(815301076,1909f56bfc062723c751e8b465ee728b)  -> (artifact id: '99d092e8e0dbfecdcb970ebd5fc5a79e') in 0.085877 seconds 
========================================================================
Received Import Request.
  Time since last request: 0.000111 seconds.
  path: Assets/Downloaded/PolygonFantasyKingdom/Prefabs/Environments/SM_Env_Planter_Pot_03.prefab
  artifactKey: Guid(57f2b1142e209ea4685786f0d5a9a867) Importer(815301076,1909f56bfc062723c751e8b465ee728b)
Start importing Assets/Downloaded/PolygonFantasyKingdom/Prefabs/Environments/SM_Env_Planter_Pot_03.prefab using Guid(57f2b1142e209ea4685786f0d5a9a867) Importer(815301076,1909f56bfc062723c751e8b465ee728b)  -> (artifact id: '5c0ce753893bfee3e4f9c997994f48af') in 0.087437 seconds 
========================================================================
Received Import Request.
  Time since last request: 0.274801 seconds.
  path: Assets/Downloaded/PolygonFantasyKingdom/Prefabs/Environments/SM_Env_Rock_Chunk_01.prefab
  artifactKey: Guid(2f1cf358cb2eb1c43b8f7ecdad486700) Importer(815301076,1909f56bfc062723c751e8b465ee728b)
Start importing Assets/Downloaded/PolygonFantasyKingdom/Prefabs/Environments/SM_Env_Rock_Chunk_01.prefab using Guid(2f1cf358cb2eb1c43b8f7ecdad486700) Importer(815301076,1909f56bfc062723c751e8b465ee728b)  -> (artifact id: 'b4fbde1242c91ac8efe2f0dfad779ff2') in 0.091575 seconds 
========================================================================
Received Import Request.
  Time since last request: 0.000086 seconds.
  path: Assets/Downloaded/PolygonFantasyKingdom/Prefabs/Environments/SM_Env_Rock_Cliff_02.prefab
  artifactKey: Guid(6e3a7267ef25d464f9529e4f61b6a025) Importer(815301076,1909f56bfc062723c751e8b465ee728b)
Start importing Assets/Downloaded/PolygonFantasyKingdom/Prefabs/Environments/SM_Env_Rock_Cliff_02.prefab using Guid(6e3a7267ef25d464f9529e4f61b6a025) Importer(815301076,1909f56bfc062723c751e8b465ee728b)  -> (artifact id: 'c283160d50969a743a7c03a17921707e') in 0.101186 seconds 
========================================================================
Received Import Request.
  Time since last request: 1.602149 seconds.
  path: Assets/Downloaded/PolygonFantasyKingdom/Prefabs/Environments/SM_Env_StoneWall_01.prefab
  artifactKey: Guid(56f5a6de40a6f8f4d9078f2e524efd73) Importer(815301076,1909f56bfc062723c751e8b465ee728b)
Start importing Assets/Downloaded/PolygonFantasyKingdom/Prefabs/Environments/SM_Env_StoneWall_01.prefab using Guid(56f5a6de40a6f8f4d9078f2e524efd73) Importer(815301076,1909f56bfc062723c751e8b465ee728b)  -> (artifact id: '99539c858229e7b4b4a5ac9a752d81bd') in 0.089108 seconds 
========================================================================
Received Import Request.
  Time since last request: 0.000088 seconds.
  path: Assets/Downloaded/PolygonFantasyKingdom/Prefabs/Environments/SM_Env_Tree_Large_01.prefab
  artifactKey: Guid(c5fa94f9ebb29bd478295e8701712698) Importer(815301076,1909f56bfc062723c751e8b465ee728b)
Start importing Assets/Downloaded/PolygonFantasyKingdom/Prefabs/Environments/SM_Env_Tree_Large_01.prefab using Guid(c5fa94f9ebb29bd478295e8701712698) Importer(815301076,1909f56bfc062723c751e8b465ee728b)  -> (artifact id: '9a2a79e9dc3af70e7b90097cdbaccd61') in 0.107021 seconds 
========================================================================
Received Import Request.
  Time since last request: 0.000083 seconds.
  path: Assets/Downloaded/PolygonFantasyKingdom/Prefabs/Environments/SM_Env_Sunflower_03.prefab
  artifactKey: Guid(3afc18436889b854ab9a548ee3e323c8) Importer(815301076,1909f56bfc062723c751e8b465ee728b)
Start importing Assets/Downloaded/PolygonFantasyKingdom/Prefabs/Environments/SM_Env_Sunflower_03.prefab using Guid(3afc18436889b854ab9a548ee3e323c8) Importer(815301076,1909f56bfc062723c751e8b465ee728b)  -> (artifact id: 'b69ab8208441348dd3d823a9a47cdb3b') in 0.097045 seconds 
========================================================================
Received Import Request.
  Time since last request: 0.000078 seconds.
  path: Assets/Downloaded/PolygonFantasyKingdom/Prefabs/Environments/SM_Env_Tree_Dead_02.prefab
  artifactKey: Guid(ef619b5970133f2458367dda94962cd1) Importer(815301076,1909f56bfc062723c751e8b465ee728b)
Start importing Assets/Downloaded/PolygonFantasyKingdom/Prefabs/Environments/SM_Env_Tree_Dead_02.prefab using Guid(ef619b5970133f2458367dda94962cd1) Importer(815301076,1909f56bfc062723c751e8b465ee728b)  -> (artifact id: 'dd0c3ae9f1898664461cb2d52d52e906') in 0.100988 seconds 
========================================================================
Received Import Request.
  Time since last request: 0.000083 seconds.
  path: Assets/Downloaded/PolygonFantasyKingdom/Prefabs/Environments/SM_Env_Tree_Pine_Cluster_02.prefab
  artifactKey: Guid(b134f3b15eaeff041bc28faf7b5dc10c) Importer(815301076,1909f56bfc062723c751e8b465ee728b)
Start importing Assets/Downloaded/PolygonFantasyKingdom/Prefabs/Environments/SM_Env_Tree_Pine_Cluster_02.prefab using Guid(b134f3b15eaeff041bc28faf7b5dc10c) Importer(815301076,1909f56bfc062723c751e8b465ee728b)  -> (artifact id: '3a3de000b0b3adb4e23b5c3c94e51892') in 0.094019 seconds 
========================================================================
Received Import Request.
  Time since last request: 0.000154 seconds.
  path: Assets/Downloaded/PolygonFantasyKingdom/Prefabs/Environments/SM_Env_Tree_Round_03.prefab
  artifactKey: Guid(1ebc3d54345802648ae7650eedc41770) Importer(815301076,1909f56bfc062723c751e8b465ee728b)
Start importing Assets/Downloaded/PolygonFantasyKingdom/Prefabs/Environments/SM_Env_Tree_Round_03.prefab using Guid(1ebc3d54345802648ae7650eedc41770) Importer(815301076,1909f56bfc062723c751e8b465ee728b)  -> (artifact id: 'd64ab9b967d4e86723c60eec0e132bdd') in 0.085799 seconds 
========================================================================
Received Import Request.
  Time since last request: 0.569985 seconds.
  path: Assets/Downloaded/PolygonFantasyKingdom/Prefabs/Environments/SM_Env_Tree_Round_04.prefab
  artifactKey: Guid(1fc2b8687d6d20349b9e8b89981a3991) Importer(815301076,1909f56bfc062723c751e8b465ee728b)
Start importing Assets/Downloaded/PolygonFantasyKingdom/Prefabs/Environments/SM_Env_Tree_Round_04.prefab using Guid(1fc2b8687d6d20349b9e8b89981a3991) Importer(815301076,1909f56bfc062723c751e8b465ee728b)  -> (artifact id: '4b5cc163868451f7ac7cdcac305a17d5') in 0.085458 seconds 
========================================================================
Received Import Request.
  Time since last request: 0.000079 seconds.
  path: Assets/Downloaded/PolygonFantasyKingdom/Prefabs/Environments/SM_Env_Tree_Thin_04.prefab
  artifactKey: Guid(a68c5a3e609292840a73915dfba3f230) Importer(815301076,1909f56bfc062723c751e8b465ee728b)
Start importing Assets/Downloaded/PolygonFantasyKingdom/Prefabs/Environments/SM_Env_Tree_Thin_04.prefab using Guid(a68c5a3e609292840a73915dfba3f230) Importer(815301076,1909f56bfc062723c751e8b465ee728b)  -> (artifact id: '4c1d8c5e570e79557859f1fce412dbd9') in 0.083742 seconds 
========================================================================
Received Import Request.
  Time since last request: 0.037142 seconds.
  path: Assets/Downloaded/PolygonFantasyKingdom/Prefabs/Environments/SM_Env_Water_Slope_01.prefab
  artifactKey: Guid(44101910cc413d44fa15e9693ff6baee) Importer(815301076,1909f56bfc062723c751e8b465ee728b)
Start importing Assets/Downloaded/PolygonFantasyKingdom/Prefabs/Environments/SM_Env_Water_Slope_01.prefab using Guid(44101910cc413d44fa15e9693ff6baee) Importer(815301076,1909f56bfc062723c751e8b465ee728b)  -> (artifact id: 'aa409430057ed1eca95b2fc11d2e8566') in 0.007590 seconds 
========================================================================
Received Import Request.
  Time since last request: 190.068619 seconds.
  path: Assets/Prefabs/Props/Sailors/Water House Platform.prefab
  artifactKey: Guid(a79ed3af542451f469cb0c1865348829) Importer(815301076,1909f56bfc062723c751e8b465ee728b)
Start importing Assets/Prefabs/Props/Sailors/Water House Platform.prefab using Guid(a79ed3af542451f469cb0c1865348829) Importer(815301076,1909f56bfc062723c751e8b465ee728b)  -> (artifact id: 'a73ab1f18f3b12020e6a2188c5bd14bd') in 0.031868 seconds 
========================================================================
Received Import Request.
  Time since last request: 3.598833 seconds.
  path: Assets/Prefabs/Props/Sailors/Water House Platform.prefab
  artifactKey: Guid(a79ed3af542451f469cb0c1865348829) Importer(815301076,1909f56bfc062723c751e8b465ee728b)
Start importing Assets/Prefabs/Props/Sailors/Water House Platform.prefab using Guid(a79ed3af542451f469cb0c1865348829) Importer(815301076,1909f56bfc062723c751e8b465ee728b)  -> (artifact id: '912cd776f629444b1be9a62c1bcce4b7') in 0.021416 seconds 
========================================================================
Received Import Request.
  Time since last request: 2.563071 seconds.
  path: Assets/Prefabs/Props/Sailors/Water House Platform.prefab
  artifactKey: Guid(a79ed3af542451f469cb0c1865348829) Importer(815301076,1909f56bfc062723c751e8b465ee728b)
Start importing Assets/Prefabs/Props/Sailors/Water House Platform.prefab using Guid(a79ed3af542451f469cb0c1865348829) Importer(815301076,1909f56bfc062723c751e8b465ee728b)  -> (artifact id: '793bdd847903035e933aeb04cf69ac39') in 0.021488 seconds 
========================================================================
Received Import Request.
  Time since last request: 16.128895 seconds.
  path: Assets/Prefabs/Props/Sailors/Water House Platform.prefab
  artifactKey: Guid(a79ed3af542451f469cb0c1865348829) Importer(815301076,1909f56bfc062723c751e8b465ee728b)
Start importing Assets/Prefabs/Props/Sailors/Water House Platform.prefab using Guid(a79ed3af542451f469cb0c1865348829) Importer(815301076,1909f56bfc062723c751e8b465ee728b)  -> (artifact id: '5cd37c5f798c1680fab7a2e9fc37e770') in 0.022117 seconds 
========================================================================
Received Import Request.
  Time since last request: 2.178689 seconds.
  path: Assets/Prefabs/Props/Sailors/Water House Platform.prefab
  artifactKey: Guid(a79ed3af542451f469cb0c1865348829) Importer(815301076,1909f56bfc062723c751e8b465ee728b)
Start importing Assets/Prefabs/Props/Sailors/Water House Platform.prefab using Guid(a79ed3af542451f469cb0c1865348829) Importer(815301076,1909f56bfc062723c751e8b465ee728b)  -> (artifact id: '0c60f700c74856c05672888b567be49f') in 0.018963 seconds 
========================================================================
Received Import Request.
  Time since last request: 2.397723 seconds.
  path: Assets/Prefabs/Props/Sailors/Water House Platform.prefab
  artifactKey: Guid(a79ed3af542451f469cb0c1865348829) Importer(815301076,1909f56bfc062723c751e8b465ee728b)
Start importing Assets/Prefabs/Props/Sailors/Water House Platform.prefab using Guid(a79ed3af542451f469cb0c1865348829) Importer(815301076,1909f56bfc062723c751e8b465ee728b)  -> (artifact id: '0fa8e21874ac69a039ac7058bbb28ed3') in 0.020001 seconds 
========================================================================
Received Import Request.
  Time since last request: 9.292967 seconds.
  path: Assets/Prefabs/Props/Sailors/Water House Platform.prefab
  artifactKey: Guid(a79ed3af542451f469cb0c1865348829) Importer(815301076,1909f56bfc062723c751e8b465ee728b)
Start importing Assets/Prefabs/Props/Sailors/Water House Platform.prefab using Guid(a79ed3af542451f469cb0c1865348829) Importer(815301076,1909f56bfc062723c751e8b465ee728b)  -> (artifact id: '2eef62ca26e071458829edfbc2235f7b') in 0.021639 seconds 
========================================================================
Received Import Request.
  Time since last request: 6.627353 seconds.
  path: Assets/Prefabs/Props/Sailors/Water House Platform.prefab
  artifactKey: Guid(a79ed3af542451f469cb0c1865348829) Importer(815301076,1909f56bfc062723c751e8b465ee728b)
Start importing Assets/Prefabs/Props/Sailors/Water House Platform.prefab using Guid(a79ed3af542451f469cb0c1865348829) Importer(815301076,1909f56bfc062723c751e8b465ee728b)  -> (artifact id: 'a6a8761300486bb3132b6d90757b02a7') in 0.019997 seconds 
========================================================================
Received Import Request.
  Time since last request: 9.609258 seconds.
  path: Assets/Prefabs/Props/Sailors/Water House Platform.prefab
  artifactKey: Guid(a79ed3af542451f469cb0c1865348829) Importer(815301076,1909f56bfc062723c751e8b465ee728b)
Start importing Assets/Prefabs/Props/Sailors/Water House Platform.prefab using Guid(a79ed3af542451f469cb0c1865348829) Importer(815301076,1909f56bfc062723c751e8b465ee728b)  -> (artifact id: 'b536246685431d9b47e1af26b4d08006') in 0.023799 seconds 
========================================================================
Received Import Request.
  Time since last request: 15.778986 seconds.
  path: Assets/Prefabs/Props/Sailors/Water Terrace Platform.prefab
  artifactKey: Guid(31d4aed1e3fa69f48916a476ab5cebdf) Importer(815301076,1909f56bfc062723c751e8b465ee728b)
Start importing Assets/Prefabs/Props/Sailors/Water Terrace Platform.prefab using Guid(31d4aed1e3fa69f48916a476ab5cebdf) Importer(815301076,1909f56bfc062723c751e8b465ee728b)  -> (artifact id: '08662e1a46baf4f7e254273152e0206f') in 0.014342 seconds 
========================================================================
Received Import Request.
  Time since last request: 3.709335 seconds.
  path: Assets/Prefabs/Props/Sailors/Water Terrace Platform.prefab
  artifactKey: Guid(31d4aed1e3fa69f48916a476ab5cebdf) Importer(815301076,1909f56bfc062723c751e8b465ee728b)
Start importing Assets/Prefabs/Props/Sailors/Water Terrace Platform.prefab using Guid(31d4aed1e3fa69f48916a476ab5cebdf) Importer(815301076,1909f56bfc062723c751e8b465ee728b)  -> (artifact id: '04710cd5fe193911e8acafad35fe4b3d') in 0.036246 seconds 
========================================================================
Received Import Request.
  Time since last request: 2.759637 seconds.
  path: Assets/Prefabs/Props/Sailors/Water Terrace Platform.prefab
  artifactKey: Guid(31d4aed1e3fa69f48916a476ab5cebdf) Importer(815301076,1909f56bfc062723c751e8b465ee728b)
Start importing Assets/Prefabs/Props/Sailors/Water Terrace Platform.prefab using Guid(31d4aed1e3fa69f48916a476ab5cebdf) Importer(815301076,1909f56bfc062723c751e8b465ee728b)  -> (artifact id: '3fefb9b64b259ac520a1f98d9f7b4b61') in 0.033193 seconds 
========================================================================
Received Import Request.
  Time since last request: 5.233880 seconds.
  path: Assets/Prefabs/Props/Sailors/Water Terrace Platform.prefab
  artifactKey: Guid(31d4aed1e3fa69f48916a476ab5cebdf) Importer(815301076,1909f56bfc062723c751e8b465ee728b)
Start importing Assets/Prefabs/Props/Sailors/Water Terrace Platform.prefab using Guid(31d4aed1e3fa69f48916a476ab5cebdf) Importer(815301076,1909f56bfc062723c751e8b465ee728b)  -> (artifact id: 'c026f69686ab90b4643b577f28d22bd2') in 0.021749 seconds 
========================================================================
Received Import Request.
  Time since last request: 2.200871 seconds.
  path: Assets/Prefabs/Props/Sailors/Water Terrace Platform.prefab
  artifactKey: Guid(31d4aed1e3fa69f48916a476ab5cebdf) Importer(815301076,1909f56bfc062723c751e8b465ee728b)
Start importing Assets/Prefabs/Props/Sailors/Water Terrace Platform.prefab using Guid(31d4aed1e3fa69f48916a476ab5cebdf) Importer(815301076,1909f56bfc062723c751e8b465ee728b)  -> (artifact id: '998e02b17c2256182adf1878ac5fd0dd') in 0.022382 seconds 
========================================================================
Received Import Request.
  Time since last request: 2.173017 seconds.
  path: Assets/Prefabs/Props/Sailors/Water Terrace Platform.prefab
  artifactKey: Guid(31d4aed1e3fa69f48916a476ab5cebdf) Importer(815301076,1909f56bfc062723c751e8b465ee728b)
Start importing Assets/Prefabs/Props/Sailors/Water Terrace Platform.prefab using Guid(31d4aed1e3fa69f48916a476ab5cebdf) Importer(815301076,1909f56bfc062723c751e8b465ee728b)  -> (artifact id: '9448d568cd76c8bb6aa4ad27c053a4f3') in 0.018792 seconds 
========================================================================
Received Import Request.
  Time since last request: 2.612100 seconds.
  path: Assets/Prefabs/Props/Sailors/Water Terrace Platform.prefab
  artifactKey: Guid(31d4aed1e3fa69f48916a476ab5cebdf) Importer(815301076,1909f56bfc062723c751e8b465ee728b)
Start importing Assets/Prefabs/Props/Sailors/Water Terrace Platform.prefab using Guid(31d4aed1e3fa69f48916a476ab5cebdf) Importer(815301076,1909f56bfc062723c751e8b465ee728b)  -> (artifact id: 'd20563a57ab04c079d01e7b641359b02') in 0.019464 seconds 
========================================================================
Received Import Request.
  Time since last request: 4.204023 seconds.
  path: Assets/Prefabs/Props/Sailors/Water Terrace Platform.prefab
  artifactKey: Guid(31d4aed1e3fa69f48916a476ab5cebdf) Importer(815301076,1909f56bfc062723c751e8b465ee728b)
Start importing Assets/Prefabs/Props/Sailors/Water Terrace Platform.prefab using Guid(31d4aed1e3fa69f48916a476ab5cebdf) Importer(815301076,1909f56bfc062723c751e8b465ee728b)  -> (artifact id: '2679c5bdc824f4139c7f49a738884f79') in 0.031173 seconds 
========================================================================
Received Import Request.
  Time since last request: 9.869597 seconds.
  path: Assets/Prefabs/Props/Sailors/Water Terrace Platform.prefab
  artifactKey: Guid(31d4aed1e3fa69f48916a476ab5cebdf) Importer(815301076,1909f56bfc062723c751e8b465ee728b)
Start importing Assets/Prefabs/Props/Sailors/Water Terrace Platform.prefab using Guid(31d4aed1e3fa69f48916a476ab5cebdf) Importer(815301076,1909f56bfc062723c751e8b465ee728b)  -> (artifact id: '2897321dfd17b5776bbee4bae54128b5') in 0.013666 seconds 
========================================================================
Received Import Request.
  Time since last request: 1.187306 seconds.
  path: Assets/Prefabs/Props/Sailors/Water Terrace Platform.prefab
  artifactKey: Guid(31d4aed1e3fa69f48916a476ab5cebdf) Importer(815301076,1909f56bfc062723c751e8b465ee728b)
Start importing Assets/Prefabs/Props/Sailors/Water Terrace Platform.prefab using Guid(31d4aed1e3fa69f48916a476ab5cebdf) Importer(815301076,1909f56bfc062723c751e8b465ee728b)  -> (artifact id: '0b1115873910b56b122bc1af51a8921e') in 0.025466 seconds 
========================================================================
Received Import Request.
  Time since last request: 12.083196 seconds.
  path: Assets/Prefabs/Props/Sailors/Water Walkway Platform.prefab
  artifactKey: Guid(578f9d3214d5d44418cc636e3cabe5fa) Importer(815301076,1909f56bfc062723c751e8b465ee728b)
Start importing Assets/Prefabs/Props/Sailors/Water Walkway Platform.prefab using Guid(578f9d3214d5d44418cc636e3cabe5fa) Importer(815301076,1909f56bfc062723c751e8b465ee728b)  -> (artifact id: 'd170e7cbd02888cc69e707c94d5b36c9') in 0.025417 seconds 
========================================================================
Received Import Request.
  Time since last request: 3.560456 seconds.
  path: Assets/Prefabs/Props/Sailors/Water Walkway Platform.prefab
  artifactKey: Guid(578f9d3214d5d44418cc636e3cabe5fa) Importer(815301076,1909f56bfc062723c751e8b465ee728b)
Start importing Assets/Prefabs/Props/Sailors/Water Walkway Platform.prefab using Guid(578f9d3214d5d44418cc636e3cabe5fa) Importer(815301076,1909f56bfc062723c751e8b465ee728b)  -> (artifact id: '6440b59b1ed0252bc3243deee2cfeaf4') in 0.020322 seconds 
========================================================================
Received Import Request.
  Time since last request: 4.799253 seconds.
  path: Assets/Prefabs/Props/Sailors/Water Walkway Platform.prefab
  artifactKey: Guid(578f9d3214d5d44418cc636e3cabe5fa) Importer(815301076,1909f56bfc062723c751e8b465ee728b)
Start importing Assets/Prefabs/Props/Sailors/Water Walkway Platform.prefab using Guid(578f9d3214d5d44418cc636e3cabe5fa) Importer(815301076,1909f56bfc062723c751e8b465ee728b)  -> (artifact id: 'bb570ab2db42a30be880d90e832af180') in 0.022962 seconds 
========================================================================
Received Import Request.
  Time since last request: 9.271291 seconds.
  path: Assets/Prefabs/Props/Sailors/Water Walkway Platform.prefab
  artifactKey: Guid(578f9d3214d5d44418cc636e3cabe5fa) Importer(815301076,1909f56bfc062723c751e8b465ee728b)
Start importing Assets/Prefabs/Props/Sailors/Water Walkway Platform.prefab using Guid(578f9d3214d5d44418cc636e3cabe5fa) Importer(815301076,1909f56bfc062723c751e8b465ee728b)  -> (artifact id: 'f16656bcba9ae3ec93c3e77bb00d2e4d') in 0.021656 seconds 
========================================================================
Received Import Request.
  Time since last request: 3.169584 seconds.
  path: Assets/Prefabs/Props/Sailors/Water Walkway Platform.prefab
  artifactKey: Guid(578f9d3214d5d44418cc636e3cabe5fa) Importer(815301076,1909f56bfc062723c751e8b465ee728b)
Start importing Assets/Prefabs/Props/Sailors/Water Walkway Platform.prefab using Guid(578f9d3214d5d44418cc636e3cabe5fa) Importer(815301076,1909f56bfc062723c751e8b465ee728b)  -> (artifact id: '1c2284c3ef1751efbcb41987d3750b4e') in 0.022109 seconds 
========================================================================
Received Import Request.
  Time since last request: 4.630977 seconds.
  path: Assets/Prefabs/Props/Sailors/Water Walkway Platform.prefab
  artifactKey: Guid(578f9d3214d5d44418cc636e3cabe5fa) Importer(815301076,1909f56bfc062723c751e8b465ee728b)
Start importing Assets/Prefabs/Props/Sailors/Water Walkway Platform.prefab using Guid(578f9d3214d5d44418cc636e3cabe5fa) Importer(815301076,1909f56bfc062723c751e8b465ee728b)  -> (artifact id: 'bddfcbf472f7216364ca305ab2e7d576') in 0.021276 seconds 
========================================================================
Received Import Request.
  Time since last request: 5.008684 seconds.
  path: Assets/Prefabs/Props/Sailors/Water Walkway Platform.prefab
  artifactKey: Guid(578f9d3214d5d44418cc636e3cabe5fa) Importer(815301076,1909f56bfc062723c751e8b465ee728b)
Start importing Assets/Prefabs/Props/Sailors/Water Walkway Platform.prefab using Guid(578f9d3214d5d44418cc636e3cabe5fa) Importer(815301076,1909f56bfc062723c751e8b465ee728b)  -> (artifact id: '06204aab7df66ec227396cae00a713a8') in 0.020249 seconds 
========================================================================
Received Import Request.
  Time since last request: 13.703370 seconds.
  path: Assets/Prefabs/Props/Sailors/Water Walkway Platform.prefab
  artifactKey: Guid(578f9d3214d5d44418cc636e3cabe5fa) Importer(815301076,1909f56bfc062723c751e8b465ee728b)
Start importing Assets/Prefabs/Props/Sailors/Water Walkway Platform.prefab using Guid(578f9d3214d5d44418cc636e3cabe5fa) Importer(815301076,1909f56bfc062723c751e8b465ee728b)  -> (artifact id: 'bd184249ad367ce50a97cb7f12d1f3bc') in 0.020474 seconds 
========================================================================
Received Import Request.
  Time since last request: 4.403954 seconds.
  path: Assets/Prefabs/Props/Sailors/Water Walkway Platform.prefab
  artifactKey: Guid(578f9d3214d5d44418cc636e3cabe5fa) Importer(815301076,1909f56bfc062723c751e8b465ee728b)
Start importing Assets/Prefabs/Props/Sailors/Water Walkway Platform.prefab using Guid(578f9d3214d5d44418cc636e3cabe5fa) Importer(815301076,1909f56bfc062723c751e8b465ee728b)  -> (artifact id: 'ad0d98a32756c573b3a1f4548d24b9a3') in 0.027072 seconds 
========================================================================
Received Import Request.
  Time since last request: 4.404278 seconds.
  path: Assets/Prefabs/Props/Sailors/Water Walkway Platform.prefab
  artifactKey: Guid(578f9d3214d5d44418cc636e3cabe5fa) Importer(815301076,1909f56bfc062723c751e8b465ee728b)
Start importing Assets/Prefabs/Props/Sailors/Water Walkway Platform.prefab using Guid(578f9d3214d5d44418cc636e3cabe5fa) Importer(815301076,1909f56bfc062723c751e8b465ee728b)  -> (artifact id: '5cd98049cd5eea696af78c822cdf4f6b') in 0.027164 seconds 
========================================================================
Received Import Request.
  Time since last request: 14.099778 seconds.
  path: Assets/Prefabs/Props/Sailors/Water Walkway Platform.prefab
  artifactKey: Guid(578f9d3214d5d44418cc636e3cabe5fa) Importer(815301076,1909f56bfc062723c751e8b465ee728b)
Start importing Assets/Prefabs/Props/Sailors/Water Walkway Platform.prefab using Guid(578f9d3214d5d44418cc636e3cabe5fa) Importer(815301076,1909f56bfc062723c751e8b465ee728b)  -> (artifact id: '47f3e6065a998f40d84bd47b5d51247c') in 0.020459 seconds 
========================================================================
Received Import Request.
  Time since last request: 19.207029 seconds.
  path: Assets/Prefabs/Props/Sailors/Water Walkway Platform.prefab
  artifactKey: Guid(578f9d3214d5d44418cc636e3cabe5fa) Importer(815301076,1909f56bfc062723c751e8b465ee728b)
Start importing Assets/Prefabs/Props/Sailors/Water Walkway Platform.prefab using Guid(578f9d3214d5d44418cc636e3cabe5fa) Importer(815301076,1909f56bfc062723c751e8b465ee728b)  -> (artifact id: '51121c4207f1aeb6761f12d43104723b') in 0.020022 seconds 
========================================================================
Received Import Request.
  Time since last request: 11.686373 seconds.
  path: Assets/Prefabs/Props/Sailors/Water Walkway Platform.prefab
  artifactKey: Guid(578f9d3214d5d44418cc636e3cabe5fa) Importer(815301076,1909f56bfc062723c751e8b465ee728b)
Start importing Assets/Prefabs/Props/Sailors/Water Walkway Platform.prefab using Guid(578f9d3214d5d44418cc636e3cabe5fa) Importer(815301076,1909f56bfc062723c751e8b465ee728b)  -> (artifact id: 'eef02b62d2ee1422ab1ef22223200284') in 0.021502 seconds 
========================================================================
Received Import Request.
  Time since last request: 22.116259 seconds.
  path: Assets/Prefabs/Props/Sailors/SM_Bld_Shanty_Base_Stilts_01.prefab
  artifactKey: Guid(a79ed3af542451f469cb0c1865348829) Importer(815301076,1909f56bfc062723c751e8b465ee728b)
Start importing Assets/Prefabs/Props/Sailors/SM_Bld_Shanty_Base_Stilts_01.prefab using Guid(a79ed3af542451f469cb0c1865348829) Importer(815301076,1909f56bfc062723c751e8b465ee728b)  -> (artifact id: '2df3219a42a42c912b0fb243ff7ac008') in 0.012827 seconds 
========================================================================
Received Import Request.
  Time since last request: 165.544018 seconds.
  path: Assets/Downloaded/PolygonPirates/Prefabs/Buildings/SM_Bld_Shanty_Base_Stilts_02.prefab
  artifactKey: Guid(92c72bb486708425ab6c8a3e94ff9492) Importer(815301076,1909f56bfc062723c751e8b465ee728b)
Start importing Assets/Downloaded/PolygonPirates/Prefabs/Buildings/SM_Bld_Shanty_Base_Stilts_02.prefab using Guid(92c72bb486708425ab6c8a3e94ff9492) Importer(815301076,1909f56bfc062723c751e8b465ee728b)  -> (artifact id: '795155c2573bfd37d766eb8960b4e5e2') in 0.013821 seconds 
========================================================================
Received Import Request.
  Time since last request: 30.810143 seconds.
  path: Assets/Prefabs/Props/Sailors/SM_Bld_Shanty_Base_Stilts_01.prefab
  artifactKey: Guid(a79ed3af542451f469cb0c1865348829) Importer(815301076,1909f56bfc062723c751e8b465ee728b)
Start importing Assets/Prefabs/Props/Sailors/SM_Bld_Shanty_Base_Stilts_01.prefab using Guid(a79ed3af542451f469cb0c1865348829) Importer(815301076,1909f56bfc062723c751e8b465ee728b)  -> (artifact id: 'eab28d2a6cd4703f3283ffcca91fdf80') in 0.023851 seconds 
========================================================================
Received Import Request.
  Time since last request: 2.964601 seconds.
  path: Assets/Prefabs/Props/Sailors/SM_Bld_Shanty_Base_Stilts_01.prefab
  artifactKey: Guid(a79ed3af542451f469cb0c1865348829) Importer(815301076,1909f56bfc062723c751e8b465ee728b)
Start importing Assets/Prefabs/Props/Sailors/SM_Bld_Shanty_Base_Stilts_01.prefab using Guid(a79ed3af542451f469cb0c1865348829) Importer(815301076,1909f56bfc062723c751e8b465ee728b)  -> (artifact id: '62c677fc58868bb05ca871e059efff91') in 0.020957 seconds 
========================================================================
Received Import Request.
  Time since last request: 4.439397 seconds.
  path: Assets/Prefabs/Props/Sailors/SM_Bld_Shanty_Base_Stilts_01.prefab
  artifactKey: Guid(a79ed3af542451f469cb0c1865348829) Importer(815301076,1909f56bfc062723c751e8b465ee728b)
Start importing Assets/Prefabs/Props/Sailors/SM_Bld_Shanty_Base_Stilts_01.prefab using Guid(a79ed3af542451f469cb0c1865348829) Importer(815301076,1909f56bfc062723c751e8b465ee728b)  -> (artifact id: '11b838ec788074470c9724c91bd1e4ce') in 0.021499 seconds 
========================================================================
Received Import Request.
  Time since last request: 2.179449 seconds.
  path: Assets/Prefabs/Props/Sailors/SM_Bld_Shanty_Base_Stilts_01.prefab
  artifactKey: Guid(a79ed3af542451f469cb0c1865348829) Importer(815301076,1909f56bfc062723c751e8b465ee728b)
Start importing Assets/Prefabs/Props/Sailors/SM_Bld_Shanty_Base_Stilts_01.prefab using Guid(a79ed3af542451f469cb0c1865348829) Importer(815301076,1909f56bfc062723c751e8b465ee728b)  -> (artifact id: 'bed52a3f479d2f634201a60428a2df68') in 0.019933 seconds 
========================================================================
Received Import Request.
  Time since last request: 2.613078 seconds.
  path: Assets/Prefabs/Props/Sailors/SM_Bld_Shanty_Base_Stilts_01.prefab
  artifactKey: Guid(a79ed3af542451f469cb0c1865348829) Importer(815301076,1909f56bfc062723c751e8b465ee728b)
Start importing Assets/Prefabs/Props/Sailors/SM_Bld_Shanty_Base_Stilts_01.prefab using Guid(a79ed3af542451f469cb0c1865348829) Importer(815301076,1909f56bfc062723c751e8b465ee728b)  -> (artifact id: '9ddf9df26c1759d2024d4b79d93c821d') in 0.025146 seconds 
========================================================================
Received Import Request.
  Time since last request: 8.245556 seconds.
  path: Assets/Prefabs/Props/Sailors/SM_Bld_Shanty_Base_Stilts_01.prefab
  artifactKey: Guid(a79ed3af542451f469cb0c1865348829) Importer(815301076,1909f56bfc062723c751e8b465ee728b)
Start importing Assets/Prefabs/Props/Sailors/SM_Bld_Shanty_Base_Stilts_01.prefab using Guid(a79ed3af542451f469cb0c1865348829) Importer(815301076,1909f56bfc062723c751e8b465ee728b)  -> (artifact id: '9b9b2788011f5575f2ce264a2a8db4f0') in 0.011896 seconds 
========================================================================
Received Prepare
Registering precompiled user dll's ...
Registered in 0.002430 seconds.
Begin MonoManager ReloadAssembly
Symbol file LoadedFromMemory doesn't match image /Users/SpartanPip/Desktop/ComplexGamesApplicationProject/CannonGameUnity/Library/PackageCache/com.unity.visualscripting@1.8.0/Editor/VisualScripting.Core/Dependencies/YamlDotNet/Unity.VisualScripting.YamlDotNet.dll
Symbol file LoadedFromMemory doesn't match image /Users/SpartanPip/Desktop/ComplexGamesApplicationProject/CannonGameUnity/Library/PackageCache/com.unity.visualscripting@1.8.0/Editor/VisualScripting.Core/Dependencies/DotNetZip/Unity.VisualScripting.IonicZip.dll
Native extension for OSXStandalone target not found
Native extension for WebGL target not found
Refreshing native plugins compatible for Editor in 1.68 ms, found 2 plugins.
Preloading 0 native plugins for Editor in 0.00 ms.
Mono: successfully reloaded assembly
- Completed reload, in  1.298 seconds
Domain Reload Profiling:
	ReloadAssembly (1299ms)
		BeginReloadAssembly (227ms)
			ExecutionOrderSort (0ms)
			DisableScriptedObjects (8ms)
			BackupInstance (0ms)
			ReleaseScriptingObjects (0ms)
			CreateAndSetChildDomain (100ms)
		EndReloadAssembly (961ms)
			LoadAssemblies (104ms)
			RebuildTransferFunctionScriptingTraits (0ms)
			SetupTypeCache (325ms)
			ReleaseScriptCaches (2ms)
			RebuildScriptCaches (48ms)
			SetupLoadedEditorAssemblies (463ms)
				LogAssemblyErrors (0ms)
				InitializePlatformSupportModulesInManaged (5ms)
				SetLoadedEditorAssemblies (1ms)
				RefreshPlugins (2ms)
				BeforeProcessingInitializeOnLoad (50ms)
				ProcessInitializeOnLoadAttributes (386ms)
				ProcessInitializeOnLoadMethodAttributes (18ms)
				AfterProcessingInitializeOnLoad (2ms)
				EditorAssembliesLoaded (0ms)
			ExecutionOrderSort2 (0ms)
			AwakeInstancesAfterBackupRestoration (4ms)
Platform modules already initialized, skipping
Shader 'Distant Lands/Cozy/Stylized Terrain First Pass': dependency 'BaseMapShader' shader 'Distant Lands/Stylized Terrain' not found
Shader 'Distant Lands/Cozy/Stylized Terrain First Pass': dependency 'AddPassShader' shader 'Distant Lands/Stylized Terrain Add Pass' not found
Shader 'Distant Lands/Cozy/Stylized Terrain First Pass': dependency 'BaseMapShader' shader 'Distant Lands/Stylized Terrain' not found
Shader 'Distant Lands/Cozy/Stylized Terrain First Pass': dependency 'AddPassShader' shader 'Distant Lands/Stylized Terrain Add Pass' not found
Shader 'Distant Lands/Cozy/Stylized Terrain First Pass': dependency 'BaseMapShader' shader 'Distant Lands/Stylized Terrain' not found
Shader 'Distant Lands/Cozy/Stylized Terrain First Pass': dependency 'AddPassShader' shader 'Distant Lands/Stylized Terrain Add Pass' not found
Refreshing native plugins compatible for Editor in 3.29 ms, found 2 plugins.
Preloading 0 native plugins for Editor in 0.00 ms.
Unloading 3136 Unused Serialized files (Serialized files now loaded: 0)
Unloading 16 unused Assets / (3.2 MB). Loaded Objects now: 3666.
Memory consumption went from 138.0 MB to 134.8 MB.
Total: 4.731432 ms (FindLiveObjects: 0.227460 ms CreateObjectMapping: 0.153444 ms MarkObjects: 3.750255 ms  DeleteObjects: 0.599395 ms)

AssetImportParameters requested are different than current active one (requested -> active):
  custom:video-decoder-ogg-theora: a1e56fd34408186e4bbccfd4996cb3dc -> 
  custom:container-muxer-webm: aa71ff27fc2769a1b78a27578f13a17b -> 
  custom:container-demuxer-webm: 4f35f7cbe854078d1ac9338744f61a02 -> 
  custom:video-encoder-webm-vp8: eb34c28f22e8b96e1ab97ce403110664 -> 
  custom:framework-osx-AVFoundation: e770b220cccbd017edd2c1fefb359320 -> 
  custom:audio-encoder-webm-vorbis: bf7c407c2cedff20999df2af8eb42d56 -> 
  custom:container-demuxer-ogg: 62fdf1f143b41e24485cea50d1cbac27 -> 
  custom:video-decoder-webm-vp8: 9c59270c3fd7afecdb556c50c9e8de78 -> 
  custom:audio-decoder-ogg-vorbis: bf7c407c2cedff20999df2af8eb42d56 -> 
========================================================================
Received Import Request.
  Time since last request: 634.635905 seconds.
  path: Assets/Downloaded/PolygonPirates/Prefabs/Environments/SM_Env_Rock_Huge_03.prefab
  artifactKey: Guid(e0c965224454eb34e84586d6fe313eae) Importer(815301076,1909f56bfc062723c751e8b465ee728b)
Start importing Assets/Downloaded/PolygonPirates/Prefabs/Environments/SM_Env_Rock_Huge_03.prefab using Guid(e0c965224454eb34e84586d6fe313eae) Importer(815301076,1909f56bfc062723c751e8b465ee728b)  -> (artifact id: 'e7f50d0b7c158b7be52cae10e681f00f') in 0.082484 seconds 
========================================================================
Received Import Request.
  Time since last request: 0.254936 seconds.
  path: Assets/Downloaded/PolygonPirates/Prefabs/Environments/SM_Env_Rock_Huge_04.prefab
  artifactKey: Guid(292cf169b6cd4c5478006bf83b2a8b25) Importer(815301076,1909f56bfc062723c751e8b465ee728b)
Start importing Assets/Downloaded/PolygonPirates/Prefabs/Environments/SM_Env_Rock_Huge_04.prefab using Guid(292cf169b6cd4c5478006bf83b2a8b25) Importer(815301076,1909f56bfc062723c751e8b465ee728b)  -> (artifact id: '5fd6cd7e47a9c78413caa700dbfa5f91') in 0.016721 seconds 
========================================================================
Received Import Request.
  Time since last request: 0.000107 seconds.
  path: Assets/Downloaded/PolygonPirates/Prefabs/Environments/SM_Env_Rock_Large_02.prefab
  artifactKey: Guid(5bc229dfc40d9ae47be77c071dfa4e08) Importer(815301076,1909f56bfc062723c751e8b465ee728b)
Start importing Assets/Downloaded/PolygonPirates/Prefabs/Environments/SM_Env_Rock_Large_02.prefab using Guid(5bc229dfc40d9ae47be77c071dfa4e08) Importer(815301076,1909f56bfc062723c751e8b465ee728b)  -> (artifact id: '3a045712cf9126d347db7464e59d812f') in 0.013637 seconds 
========================================================================
Received Import Request.
  Time since last request: 0.000064 seconds.
  path: Assets/Downloaded/PolygonPirates/Prefabs/Environments/SM_Env_Rock_Large_06.prefab
  artifactKey: Guid(32c513dd4f75bc24692549a1a831b5c3) Importer(815301076,1909f56bfc062723c751e8b465ee728b)
Start importing Assets/Downloaded/PolygonPirates/Prefabs/Environments/SM_Env_Rock_Large_06.prefab using Guid(32c513dd4f75bc24692549a1a831b5c3) Importer(815301076,1909f56bfc062723c751e8b465ee728b)  -> (artifact id: 'f38151686172e8bf0a6f2bc532122418') in 0.016764 seconds 
========================================================================
Received Import Request.
  Time since last request: 0.000076 seconds.
  path: Assets/Downloaded/PolygonPirates/Prefabs/Environments/SM_Env_Rock_Large_07.prefab
  artifactKey: Guid(59c46909f95e9a94fae7eea9a6ddc7d9) Importer(815301076,1909f56bfc062723c751e8b465ee728b)
Start importing Assets/Downloaded/PolygonPirates/Prefabs/Environments/SM_Env_Rock_Large_07.prefab using Guid(59c46909f95e9a94fae7eea9a6ddc7d9) Importer(815301076,1909f56bfc062723c751e8b465ee728b)  -> (artifact id: '647a8ee95c32ce8d079fda3503b18c25') in 0.012239 seconds 
========================================================================
Received Import Request.
  Time since last request: 0.000057 seconds.
  path: Assets/Downloaded/PolygonPirates/Prefabs/Environments/SM_Env_Rock_Large_03.prefab
  artifactKey: Guid(2d3f20e70723c1c44bd53c786fdc7b7b) Importer(815301076,1909f56bfc062723c751e8b465ee728b)
Start importing Assets/Downloaded/PolygonPirates/Prefabs/Environments/SM_Env_Rock_Large_03.prefab using Guid(2d3f20e70723c1c44bd53c786fdc7b7b) Importer(815301076,1909f56bfc062723c751e8b465ee728b)  -> (artifact id: '9e9fe511e85c808228e09383c8005bf3') in 0.014256 seconds 
========================================================================
Received Import Request.
  Time since last request: 0.000061 seconds.
  path: Assets/Downloaded/PolygonPirates/Prefabs/Environments/SM_Env_Rock_Large_04.prefab
  artifactKey: Guid(178878bcf5455764d89195155eee7e66) Importer(815301076,1909f56bfc062723c751e8b465ee728b)
Start importing Assets/Downloaded/PolygonPirates/Prefabs/Environments/SM_Env_Rock_Large_04.prefab using Guid(178878bcf5455764d89195155eee7e66) Importer(815301076,1909f56bfc062723c751e8b465ee728b)  -> (artifact id: '9469eaf57ebefaed64e5dbf384008baf') in 0.011057 seconds 
========================================================================
Received Import Request.
  Time since last request: 1.680337 seconds.
  path: Assets/Downloaded/PolygonPirates/Prefabs/Environments/SM_Env_Rock_Large_08.prefab
  artifactKey: Guid(d9990814fad01bc40982daa055540d5a) Importer(815301076,1909f56bfc062723c751e8b465ee728b)
Start importing Assets/Downloaded/PolygonPirates/Prefabs/Environments/SM_Env_Rock_Large_08.prefab using Guid(d9990814fad01bc40982daa055540d5a) Importer(815301076,1909f56bfc062723c751e8b465ee728b)  -> (artifact id: 'bea56e85aaccd7bec40d69cad9dde5c5') in 0.014693 seconds 
========================================================================
Received Import Request.
  Time since last request: 0.000056 seconds.
  path: Assets/Downloaded/PolygonPirates/Prefabs/Environments/SM_Env_Rocks_03.prefab
  artifactKey: Guid(65599d67f43c9e3448b2846c4d9e8ab6) Importer(815301076,1909f56bfc062723c751e8b465ee728b)
Start importing Assets/Downloaded/PolygonPirates/Prefabs/Environments/SM_Env_Rocks_03.prefab using Guid(65599d67f43c9e3448b2846c4d9e8ab6) Importer(815301076,1909f56bfc062723c751e8b465ee728b)  -> (artifact id: '1b4a84263c0812ace72640e81b5d81af') in 0.011216 seconds 
========================================================================
Received Import Request.
  Time since last request: 0.000056 seconds.
  path: Assets/Downloaded/PolygonPirates/Prefabs/Environments/SM_Env_Rock_Large_011.prefab
  artifactKey: Guid(65b27e73a39db504095b263753b7d3d0) Importer(815301076,1909f56bfc062723c751e8b465ee728b)
Start importing Assets/Downloaded/PolygonPirates/Prefabs/Environments/SM_Env_Rock_Large_011.prefab using Guid(65b27e73a39db504095b263753b7d3d0) Importer(815301076,1909f56bfc062723c751e8b465ee728b)  -> (artifact id: 'b2d93f172a442db507f83809db3ed072') in 0.017638 seconds 
========================================================================
Received Import Request.
  Time since last request: 0.000055 seconds.
  path: Assets/Downloaded/PolygonPirates/Prefabs/Environments/SM_Env_Rock_Large_010.prefab
  artifactKey: Guid(6872f29794017c04cb0ae1e89e6828a5) Importer(815301076,1909f56bfc062723c751e8b465ee728b)
Start importing Assets/Downloaded/PolygonPirates/Prefabs/Environments/SM_Env_Rock_Large_010.prefab using Guid(6872f29794017c04cb0ae1e89e6828a5) Importer(815301076,1909f56bfc062723c751e8b465ee728b)  -> (artifact id: '1a5de184085b405e4625ab66be490870') in 0.015908 seconds 
========================================================================
Received Import Request.
  Time since last request: 1.433457 seconds.
  path: Assets/Downloaded/PolygonPirates/Prefabs/Environments/SM_Env_Seaweed_01.prefab
  artifactKey: Guid(e79e86cd9ea5dbe4bbeb9bab81514c72) Importer(815301076,1909f56bfc062723c751e8b465ee728b)
Start importing Assets/Downloaded/PolygonPirates/Prefabs/Environments/SM_Env_Seaweed_01.prefab using Guid(e79e86cd9ea5dbe4bbeb9bab81514c72) Importer(815301076,1909f56bfc062723c751e8b465ee728b)  -> (artifact id: '8bd0e27e5a04fd59aff50fd88877304c') in 0.014130 seconds 
========================================================================
Received Import Request.
  Time since last request: 0.000078 seconds.
  path: Assets/Downloaded/PolygonPirates/Prefabs/Environments/SM_Env_Tile_Grass_01.prefab
  artifactKey: Guid(c8e0036d1bcbc5f47b80672ab3051ad0) Importer(815301076,1909f56bfc062723c751e8b465ee728b)
Start importing Assets/Downloaded/PolygonPirates/Prefabs/Environments/SM_Env_Tile_Grass_01.prefab using Guid(c8e0036d1bcbc5f47b80672ab3051ad0) Importer(815301076,1909f56bfc062723c751e8b465ee728b)  -> (artifact id: 'b7d660c2205a2c8916b5d7e1163b8974') in 0.032955 seconds 
========================================================================
Received Import Request.
  Time since last request: 0.000054 seconds.
  path: Assets/Downloaded/PolygonPirates/Prefabs/Environments/SM_Env_SugarCane_01.prefab
  artifactKey: Guid(35bd99c1488c08c408272995ac5ca931) Importer(815301076,1909f56bfc062723c751e8b465ee728b)
Start importing Assets/Downloaded/PolygonPirates/Prefabs/Environments/SM_Env_SugarCane_01.prefab using Guid(35bd99c1488c08c408272995ac5ca931) Importer(815301076,1909f56bfc062723c751e8b465ee728b)  -> (artifact id: '3554b2db283285e117bc633f4d320d2f') in 0.020780 seconds 
========================================================================
Received Import Request.
  Time since last request: 0.000057 seconds.
  path: Assets/Downloaded/PolygonPirates/Prefabs/Environments/SM_Env_Sunflower_02.prefab
  artifactKey: Guid(cf6d77aef58c04146b5f9e2856e2d912) Importer(815301076,1909f56bfc062723c751e8b465ee728b)
Start importing Assets/Downloaded/PolygonPirates/Prefabs/Environments/SM_Env_Sunflower_02.prefab using Guid(cf6d77aef58c04146b5f9e2856e2d912) Importer(815301076,1909f56bfc062723c751e8b465ee728b)  -> (artifact id: 'f1bb19fb466f2a3174778b9098a76c9f') in 0.016942 seconds 
========================================================================
Received Import Request.
  Time since last request: 0.566330 seconds.
  path: Assets/Downloaded/PolygonPirates/Prefabs/Environments/SM_Env_Tile_Sand_01.prefab
  artifactKey: Guid(6d2853b9421ab6840a07a97d66fcef8c) Importer(815301076,1909f56bfc062723c751e8b465ee728b)
Start importing Assets/Downloaded/PolygonPirates/Prefabs/Environments/SM_Env_Tile_Sand_01.prefab using Guid(6d2853b9421ab6840a07a97d66fcef8c) Importer(815301076,1909f56bfc062723c751e8b465ee728b)  -> (artifact id: '1bde2fee0dd74c0d7fe9cc59140e747f') in 0.010777 seconds 
========================================================================
Received Import Request.
  Time since last request: 0.000065 seconds.
  path: Assets/Downloaded/PolygonPirates/Prefabs/Environments/SM_Env_Tree_Base_02.prefab
  artifactKey: Guid(dea130fa14f34fe4d9c01cc7f1e7f142) Importer(815301076,1909f56bfc062723c751e8b465ee728b)
Start importing Assets/Downloaded/PolygonPirates/Prefabs/Environments/SM_Env_Tree_Base_02.prefab using Guid(dea130fa14f34fe4d9c01cc7f1e7f142) Importer(815301076,1909f56bfc062723c751e8b465ee728b)  -> (artifact id: '65e19b00c79f05828c42721dac60dc21') in 0.013506 seconds 
========================================================================
Received Import Request.
  Time since last request: 0.000047 seconds.
  path: Assets/Downloaded/PolygonPirates/Prefabs/Environments/SM_Env_Tree_Canopy_01.prefab
  artifactKey: Guid(cfca1c089299e6d4bb39400674ffee14) Importer(815301076,1909f56bfc062723c751e8b465ee728b)
Start importing Assets/Downloaded/PolygonPirates/Prefabs/Environments/SM_Env_Tree_Canopy_01.prefab using Guid(cfca1c089299e6d4bb39400674ffee14) Importer(815301076,1909f56bfc062723c751e8b465ee728b)  -> (artifact id: 'c9c46905412f35c86f044d32d8c0e647') in 0.011049 seconds 
========================================================================
Received Import Request.
  Time since last request: 0.000076 seconds.
  path: Assets/Downloaded/PolygonPirates/Prefabs/Environments/SM_Env_Tree_Dead_01.prefab
  artifactKey: Guid(7bdfc15b94969874783c8029d8b918d8) Importer(815301076,1909f56bfc062723c751e8b465ee728b)
Start importing Assets/Downloaded/PolygonPirates/Prefabs/Environments/SM_Env_Tree_Dead_01.prefab using Guid(7bdfc15b94969874783c8029d8b918d8) Importer(815301076,1909f56bfc062723c751e8b465ee728b)  -> (artifact id: '7dfb3302b39e32a6b529e0df9b4a6a5b') in 0.013700 seconds 
========================================================================
Received Import Request.
  Time since last request: 1.376307 seconds.
  path: Assets/Downloaded/PolygonPirates/Prefabs/Environments/SM_Env_Tree_Large_02.prefab
  artifactKey: Guid(5020b8d7aa9cd7a46a242706ea6cdcb9) Importer(815301076,1909f56bfc062723c751e8b465ee728b)
Start importing Assets/Downloaded/PolygonPirates/Prefabs/Environments/SM_Env_Tree_Large_02.prefab using Guid(5020b8d7aa9cd7a46a242706ea6cdcb9) Importer(815301076,1909f56bfc062723c751e8b465ee728b)  -> (artifact id: 'ddfbb03fcc59defee902b0b9dff83565') in 0.012017 seconds 
========================================================================
Received Import Request.
  Time since last request: 0.000067 seconds.
  path: Assets/Downloaded/PolygonPirates/Prefabs/Environments/SM_Env_Tree_Vines_05.prefab
  artifactKey: Guid(7a0f2da323bd14e478d9c20dfb5dad6a) Importer(815301076,1909f56bfc062723c751e8b465ee728b)
Start importing Assets/Downloaded/PolygonPirates/Prefabs/Environments/SM_Env_Tree_Vines_05.prefab using Guid(7a0f2da323bd14e478d9c20dfb5dad6a) Importer(815301076,1909f56bfc062723c751e8b465ee728b)  -> (artifact id: '2c182d814a53c47b910e57def53134c8') in 0.014064 seconds 
========================================================================
Received Import Request.
  Time since last request: 0.000059 seconds.
  path: Assets/Downloaded/PolygonPirates/Prefabs/Environments/SM_Env_Tree_Vines_03.prefab
  artifactKey: Guid(8a7535e51b66a0446aa434e60175373d) Importer(815301076,1909f56bfc062723c751e8b465ee728b)
Start importing Assets/Downloaded/PolygonPirates/Prefabs/Environments/SM_Env_Tree_Vines_03.prefab using Guid(8a7535e51b66a0446aa434e60175373d) Importer(815301076,1909f56bfc062723c751e8b465ee728b)  -> (artifact id: 'd11b8afd0838456909166f733ac0409f') in 0.022783 seconds 
Editor requested this worker to shutdown with reason: Scaling down because of idle timeout
AssetImportWorker is now disconnected from the server
Process exiting
