Unity Editor version:    2021.3.22f1 (b6c551784ba3)
Branch:                  2021.3/staging
Build type:              Release
Batch mode:              YES
macOS version:           Version 13.3.1 (a) (Build 22E772610a)
Darwin version:          22.4.0
Architecture:            x86_64
Running under Rosetta:   NO
Available memory:        16384 MB
Using pre-set license
Pro License: YES

COMMAND LINE ARGUMENTS:
/Users/SpartanPip/Desktop/Unity Editors/2021.3.22f1/Unity.app/Contents/MacOS/Unity
-adb2
-batchMode
-noUpm
-name
AssetImportWorker14
-projectPath
/Users/SpartanPip/Desktop/ComplexGamesApplicationProject/CannonGameUnity
-logFile
Logs/AssetImportWorker14.log
-srvPort
62260
Successfully changed project path to: /Users/SpartanPip/Desktop/ComplexGamesApplicationProject/CannonGameUnity
/Users/SpartanPip/Desktop/ComplexGamesApplicationProject/CannonGameUnity
[UnityMemory] Configuration Parameters - Can be set up in boot.config
    "memorysetup-bucket-allocator-granularity=16"
    "memorysetup-bucket-allocator-bucket-count=8"
    "memorysetup-bucket-allocator-block-size=33554432"
    "memorysetup-bucket-allocator-block-count=8"
    "memorysetup-main-allocator-block-size=16777216"
    "memorysetup-thread-allocator-block-size=16777216"
    "memorysetup-gfx-main-allocator-block-size=16777216"
    "memorysetup-gfx-thread-allocator-block-size=16777216"
    "memorysetup-cache-allocator-block-size=4194304"
    "memorysetup-typetree-allocator-block-size=2097152"
    "memorysetup-profiler-bucket-allocator-granularity=16"
    "memorysetup-profiler-bucket-allocator-bucket-count=8"
    "memorysetup-profiler-bucket-allocator-block-size=33554432"
    "memorysetup-profiler-bucket-allocator-block-count=8"
    "memorysetup-profiler-allocator-block-size=16777216"
    "memorysetup-profiler-editor-allocator-block-size=1048576"
    "memorysetup-temp-allocator-size-main=16777216"
    "memorysetup-job-temp-allocator-block-size=2097152"
    "memorysetup-job-temp-allocator-block-size-background=1048576"
    "memorysetup-job-temp-allocator-reduction-small-platforms=262144"
    "memorysetup-temp-allocator-size-background-worker=32768"
    "memorysetup-temp-allocator-size-job-worker=262144"
    "memorysetup-temp-allocator-size-preload-manager=33554432"
    "memorysetup-temp-allocator-size-nav-mesh-worker=65536"
    "memorysetup-temp-allocator-size-audio-worker=65536"
    "memorysetup-temp-allocator-size-cloud-worker=32768"
    "memorysetup-temp-allocator-size-gi-baking-worker=262144"
    "memorysetup-temp-allocator-size-gfx=262144"
Player connection [140704515408704] Host "[IP] 10.0.0.211 [Port] 0 [Flags] 2 [Guid] 573683312 [EditorId] 573683312 [Version] 1048832 [Id] OSXEditor(0,MacBook-Pro-21.local) [Debug] 1 [PackageName] OSXEditor [ProjectName] Editor" joined multi-casting on [225.0.0.222:54997]...

Player connection [140704515408704] Host "[IP] 10.0.0.211 [Port] 0 [Flags] 2 [Guid] 573683312 [EditorId] 573683312 [Version] 1048832 [Id] OSXEditor(0,MacBook-Pro-21.local) [Debug] 1 [PackageName] OSXEditor [ProjectName] Editor" joined alternative multi-casting on [225.0.0.222:34997]...

Refreshing native plugins compatible for Editor in 174.41 ms, found 2 plugins.
Preloading 0 native plugins for Editor in 0.00 ms.
Initialize engine version: 2021.3.22f1 (b6c551784ba3)
[Subsystems] Discovering subsystems at path /Users/SpartanPip/Desktop/Unity Editors/2021.3.22f1/Unity.app/Contents/Resources/UnitySubsystems
[Subsystems] Discovering subsystems at path /Users/SpartanPip/Desktop/ComplexGamesApplicationProject/CannonGameUnity/Assets
GfxDevice: creating device client; threaded=0; jobified=0
Color LCD preferred device: AMD Radeon Pro 5500M (high power)
Metal devices available: 2
0: AMD Radeon Pro 5500M (high power)
1: Intel(R) UHD Graphics 630 (low power)
Using device AMD Radeon Pro 5500M (high power)
Initializing Metal device caps: AMD Radeon Pro 5500M
Initialize mono
Mono path[0] = '/Users/SpartanPip/Desktop/Unity Editors/2021.3.22f1/Unity.app/Contents/Managed'
Mono path[1] = '/Users/SpartanPip/Desktop/Unity Editors/2021.3.22f1/Unity.app/Contents/MonoBleedingEdge/lib/mono/unityjit-macos'
Mono config path = '/Users/SpartanPip/Desktop/Unity Editors/2021.3.22f1/Unity.app/Contents/MonoBleedingEdge/etc'
Using monoOptions --debugger-agent=transport=dt_socket,embedding=1,server=y,suspend=n,address=127.0.0.1:56958
Begin MonoManager ReloadAssembly
Registering precompiled unity dll's ...
Register platform support module: /Users/SpartanPip/Desktop/Unity Editors/2021.3.22f1/PlaybackEngines/WebGLSupport/UnityEditor.WebGL.Extensions.dll
Register platform support module: /Users/SpartanPip/Desktop/Unity Editors/2021.3.22f1/Unity.app/Contents/PlaybackEngines/MacStandaloneSupport/UnityEditor.OSXStandalone.Extensions.dll
Registered in 0.003346 seconds.
Native extension for OSXStandalone target not found
Native extension for WebGL target not found
Refreshing native plugins compatible for Editor in 158.00 ms, found 2 plugins.
Preloading 0 native plugins for Editor in 0.00 ms.
Mono: successfully reloaded assembly
- Completed reload, in  0.806 seconds
Domain Reload Profiling:
	ReloadAssembly (806ms)
		BeginReloadAssembly (147ms)
			ExecutionOrderSort (0ms)
			DisableScriptedObjects (0ms)
			BackupInstance (0ms)
			ReleaseScriptingObjects (0ms)
			CreateAndSetChildDomain (1ms)
		EndReloadAssembly (563ms)
			LoadAssemblies (149ms)
			RebuildTransferFunctionScriptingTraits (0ms)
			SetupTypeCache (121ms)
			ReleaseScriptCaches (0ms)
			RebuildScriptCaches (36ms)
			SetupLoadedEditorAssemblies (355ms)
				LogAssemblyErrors (0ms)
				InitializePlatformSupportModulesInManaged (7ms)
				SetLoadedEditorAssemblies (0ms)
				RefreshPlugins (158ms)
				BeforeProcessingInitializeOnLoad (1ms)
				ProcessInitializeOnLoadAttributes (144ms)
				ProcessInitializeOnLoadMethodAttributes (43ms)
				AfterProcessingInitializeOnLoad (0ms)
				EditorAssembliesLoaded (0ms)
			ExecutionOrderSort2 (0ms)
			AwakeInstancesAfterBackupRestoration (0ms)
Platform modules already initialized, skipping
Registering precompiled user dll's ...
Registered in 0.002168 seconds.
Begin MonoManager ReloadAssembly
Symbol file LoadedFromMemory doesn't match image /Users/SpartanPip/Desktop/ComplexGamesApplicationProject/CannonGameUnity/Library/PackageCache/com.unity.visualscripting@1.8.0/Editor/VisualScripting.Core/Dependencies/YamlDotNet/Unity.VisualScripting.YamlDotNet.dll
Symbol file LoadedFromMemory doesn't match image /Users/SpartanPip/Desktop/ComplexGamesApplicationProject/CannonGameUnity/Library/PackageCache/com.unity.visualscripting@1.8.0/Editor/VisualScripting.Core/Dependencies/DotNetZip/Unity.VisualScripting.IonicZip.dll
Native extension for OSXStandalone target not found
Native extension for WebGL target not found
Refreshing native plugins compatible for Editor in 2.37 ms, found 2 plugins.
Preloading 0 native plugins for Editor in 0.00 ms.
Mono: successfully reloaded assembly
- Completed reload, in  1.476 seconds
Domain Reload Profiling:
	ReloadAssembly (1477ms)
		BeginReloadAssembly (112ms)
			ExecutionOrderSort (0ms)
			DisableScriptedObjects (6ms)
			BackupInstance (0ms)
			ReleaseScriptingObjects (0ms)
			CreateAndSetChildDomain (24ms)
		EndReloadAssembly (1242ms)
			LoadAssemblies (88ms)
			RebuildTransferFunctionScriptingTraits (0ms)
			SetupTypeCache (319ms)
			ReleaseScriptCaches (1ms)
			RebuildScriptCaches (60ms)
			SetupLoadedEditorAssemblies (736ms)
				LogAssemblyErrors (0ms)
				InitializePlatformSupportModulesInManaged (8ms)
				SetLoadedEditorAssemblies (1ms)
				RefreshPlugins (2ms)
				BeforeProcessingInitializeOnLoad (75ms)
				ProcessInitializeOnLoadAttributes (622ms)
				ProcessInitializeOnLoadMethodAttributes (25ms)
				AfterProcessingInitializeOnLoad (2ms)
				EditorAssembliesLoaded (0ms)
			ExecutionOrderSort2 (0ms)
			AwakeInstancesAfterBackupRestoration (4ms)
Platform modules already initialized, skipping
========================================================================
Worker process is ready to serve import requests
Shader 'Distant Lands/Cozy/Stylized Terrain First Pass': dependency 'BaseMapShader' shader 'Distant Lands/Stylized Terrain' not found
Shader 'Distant Lands/Cozy/Stylized Terrain First Pass': dependency 'AddPassShader' shader 'Distant Lands/Stylized Terrain Add Pass' not found
Shader 'Distant Lands/Cozy/Stylized Terrain First Pass': dependency 'BaseMapShader' shader 'Distant Lands/Stylized Terrain' not found
Shader 'Distant Lands/Cozy/Stylized Terrain First Pass': dependency 'AddPassShader' shader 'Distant Lands/Stylized Terrain Add Pass' not found
Shader 'Distant Lands/Cozy/Stylized Terrain First Pass': dependency 'BaseMapShader' shader 'Distant Lands/Stylized Terrain' not found
Shader 'Distant Lands/Cozy/Stylized Terrain First Pass': dependency 'AddPassShader' shader 'Distant Lands/Stylized Terrain Add Pass' not found
Launching external process: /Users/SpartanPip/Desktop/Unity Editors/2021.3.22f1/Unity.app/Contents/Tools/UnityShaderCompiler
Launched and connected shader compiler UnityShaderCompiler after 0.08 seconds
Refreshing native plugins compatible for Editor in 2.23 ms, found 2 plugins.
Preloading 0 native plugins for Editor in 0.00 ms.
Unloading 3178 Unused Serialized files (Serialized files now loaded: 0)
Unloading 23 unused Assets / (3.1 MB). Loaded Objects now: 3656.
Memory consumption went from 136.4 MB to 133.3 MB.
Total: 3.811017 ms (FindLiveObjects: 0.224454 ms CreateObjectMapping: 0.149255 ms MarkObjects: 2.881952 ms  DeleteObjects: 0.554729 ms)

AssetImportParameters requested are different than current active one (requested -> active):
  custom:video-decoder-ogg-theora: a1e56fd34408186e4bbccfd4996cb3dc -> 
  custom:container-muxer-webm: aa71ff27fc2769a1b78a27578f13a17b -> 
  custom:container-demuxer-webm: 4f35f7cbe854078d1ac9338744f61a02 -> 
  custom:video-encoder-webm-vp8: eb34c28f22e8b96e1ab97ce403110664 -> 
  custom:framework-osx-AVFoundation: e770b220cccbd017edd2c1fefb359320 -> 
  custom:audio-encoder-webm-vorbis: bf7c407c2cedff20999df2af8eb42d56 -> 
  custom:container-demuxer-ogg: 62fdf1f143b41e24485cea50d1cbac27 -> 
  custom:video-decoder-webm-vp8: 9c59270c3fd7afecdb556c50c9e8de78 -> 
  custom:audio-decoder-ogg-vorbis: bf7c407c2cedff20999df2af8eb42d56 -> 
========================================================================
Received Import Request.
  Time since last request: 186832.097772 seconds.
  path: Assets/Downloaded/Cozy Weather/Contents/Resources/Profiles/Original Weather Profiles 1/Cirrus Clouds.asset
  artifactKey: Guid(8dfe4fd489399485494aeb27cf965cbb) Importer(815301076,1909f56bfc062723c751e8b465ee728b)
Start importing Assets/Downloaded/Cozy Weather/Contents/Resources/Profiles/Original Weather Profiles 1/Cirrus Clouds.asset using Guid(8dfe4fd489399485494aeb27cf965cbb) Importer(815301076,1909f56bfc062723c751e8b465ee728b)  -> (artifact id: '367835f5d76a64c5b07f434669e6884c') in 0.826465 seconds 
========================================================================
Received Import Request.
  Time since last request: 286.912595 seconds.
  path: Assets/Downloaded/Cozy Weather/Contents/Resources/Profiles/Viking Weather Profiles/Dense Clouds.asset
  artifactKey: Guid(7bc7da12e1dcf4caaa6c0f901f6349ad) Importer(815301076,1909f56bfc062723c751e8b465ee728b)
Start importing Assets/Downloaded/Cozy Weather/Contents/Resources/Profiles/Viking Weather Profiles/Dense Clouds.asset using Guid(7bc7da12e1dcf4caaa6c0f901f6349ad) Importer(815301076,1909f56bfc062723c751e8b465ee728b)  -> (artifact id: '34c950b686d4f54bc15b6f74fde06190') in 0.013560 seconds 
========================================================================
Received Import Request.
  Time since last request: 0.000086 seconds.
  path: Assets/Downloaded/Cozy Weather/Contents/Resources/Profiles/Viking Weather Profiles/Receeding Storm.asset
  artifactKey: Guid(1d48d7a3f9513474c861929027ba3346) Importer(815301076,1909f56bfc062723c751e8b465ee728b)
Start importing Assets/Downloaded/Cozy Weather/Contents/Resources/Profiles/Viking Weather Profiles/Receeding Storm.asset using Guid(1d48d7a3f9513474c861929027ba3346) Importer(815301076,1909f56bfc062723c751e8b465ee728b)  -> (artifact id: '5ba1feed299d9a70f7b0b3f67bdd6295') in 0.012569 seconds 
========================================================================
Received Import Request.
  Time since last request: 0.000077 seconds.
  path: Assets/Downloaded/Cozy Weather/Contents/Resources/Profiles/Viking Weather Profiles/Thunder Snow.asset
  artifactKey: Guid(70b579775b6bb4d32a665ea935de3f27) Importer(815301076,1909f56bfc062723c751e8b465ee728b)
Start importing Assets/Downloaded/Cozy Weather/Contents/Resources/Profiles/Viking Weather Profiles/Thunder Snow.asset using Guid(70b579775b6bb4d32a665ea935de3f27) Importer(815301076,1909f56bfc062723c751e8b465ee728b)  -> (artifact id: '0b299b2313c6474938e826cd110bf22f') in 0.012234 seconds 
========================================================================
Received Import Request.
  Time since last request: 0.000067 seconds.
  path: Assets/Downloaded/Cozy Weather/Contents/Resources/Profiles/Viking Weather Profiles/Dense Fog.asset
  artifactKey: Guid(1eb056d63fa4c4b57a71e52f83a13b6b) Importer(815301076,1909f56bfc062723c751e8b465ee728b)
Start importing Assets/Downloaded/Cozy Weather/Contents/Resources/Profiles/Viking Weather Profiles/Dense Fog.asset using Guid(1eb056d63fa4c4b57a71e52f83a13b6b) Importer(815301076,1909f56bfc062723c751e8b465ee728b)  -> (artifact id: 'a26bc263ef8a8fe2cf08fcd51edd56ca') in 0.013079 seconds 
========================================================================
Received Import Request.
  Time since last request: 0.000071 seconds.
  path: Assets/Downloaded/Cozy Weather/Contents/Resources/Profiles/Viking Weather Profiles/Imminent Storm.asset
  artifactKey: Guid(507487116ebef4a7599b9f68137f23bf) Importer(815301076,1909f56bfc062723c751e8b465ee728b)
Start importing Assets/Downloaded/Cozy Weather/Contents/Resources/Profiles/Viking Weather Profiles/Imminent Storm.asset using Guid(507487116ebef4a7599b9f68137f23bf) Importer(815301076,1909f56bfc062723c751e8b465ee728b)  -> (artifact id: 'f0961d529bffe5e3ad9ae7f4a15e2103') in 0.010035 seconds 
========================================================================
Received Import Request.
  Time since last request: 0.000052 seconds.
  path: Assets/Downloaded/Cozy Weather/Contents/Resources/Profiles/Viking Weather Profiles/Heavy Rain.asset
  artifactKey: Guid(edc845036b70942f4b2110461637baaf) Importer(815301076,1909f56bfc062723c751e8b465ee728b)
Start importing Assets/Downloaded/Cozy Weather/Contents/Resources/Profiles/Viking Weather Profiles/Heavy Rain.asset using Guid(edc845036b70942f4b2110461637baaf) Importer(815301076,1909f56bfc062723c751e8b465ee728b)  -> (artifact id: '5691c721863d2ef74b023b4891cb4165') in 0.010731 seconds 
Editor requested this worker to shutdown with reason: Scaling down because of idle timeout
AssetImportWorker is now disconnected from the server
Process exiting
