Unity Editor version:    2021.3.22f1 (b6c551784ba3)
Branch:                  2021.3/staging
Build type:              Release
Batch mode:              YES
macOS version:           Version 13.3.1 (a) (Build 22E772610a)
Darwin version:          22.4.0
Architecture:            x86_64
Running under Rosetta:   NO
Available memory:        16384 MB
Using pre-set license
Pro License: YES

COMMAND LINE ARGUMENTS:
/Users/SpartanPip/Desktop/Unity Editors/2021.3.22f1/Unity.app/Contents/MacOS/Unity
-adb2
-batchMode
-noUpm
-name
AssetImportWorker8
-projectPath
/Users/SpartanPip/Desktop/ComplexGamesApplicationProject/CannonGameUnity
-logFile
Logs/AssetImportWorker8.log
-srvPort
62260
Successfully changed project path to: /Users/SpartanPip/Desktop/ComplexGamesApplicationProject/CannonGameUnity
/Users/SpartanPip/Desktop/ComplexGamesApplicationProject/CannonGameUnity
[UnityMemory] Configuration Parameters - Can be set up in boot.config
    "memorysetup-bucket-allocator-granularity=16"
    "memorysetup-bucket-allocator-bucket-count=8"
    "memorysetup-bucket-allocator-block-size=33554432"
    "memorysetup-bucket-allocator-block-count=8"
    "memorysetup-main-allocator-block-size=16777216"
    "memorysetup-thread-allocator-block-size=16777216"
    "memorysetup-gfx-main-allocator-block-size=16777216"
    "memorysetup-gfx-thread-allocator-block-size=16777216"
    "memorysetup-cache-allocator-block-size=4194304"
    "memorysetup-typetree-allocator-block-size=2097152"
    "memorysetup-profiler-bucket-allocator-granularity=16"
    "memorysetup-profiler-bucket-allocator-bucket-count=8"
    "memorysetup-profiler-bucket-allocator-block-size=33554432"
    "memorysetup-profiler-bucket-allocator-block-count=8"
    "memorysetup-profiler-allocator-block-size=16777216"
    "memorysetup-profiler-editor-allocator-block-size=1048576"
    "memorysetup-temp-allocator-size-main=16777216"
    "memorysetup-job-temp-allocator-block-size=2097152"
    "memorysetup-job-temp-allocator-block-size-background=1048576"
    "memorysetup-job-temp-allocator-reduction-small-platforms=262144"
    "memorysetup-temp-allocator-size-background-worker=32768"
    "memorysetup-temp-allocator-size-job-worker=262144"
    "memorysetup-temp-allocator-size-preload-manager=33554432"
    "memorysetup-temp-allocator-size-nav-mesh-worker=65536"
    "memorysetup-temp-allocator-size-audio-worker=65536"
    "memorysetup-temp-allocator-size-cloud-worker=32768"
    "memorysetup-temp-allocator-size-gi-baking-worker=262144"
    "memorysetup-temp-allocator-size-gfx=262144"
Player connection [140704515408704] Host "[IP] 10.0.0.211 [Port] 0 [Flags] 2 [Guid] 4058866543 [EditorId] 4058866543 [Version] 1048832 [Id] OSXEditor(0,MacBook-Pro-21.local) [Debug] 1 [PackageName] OSXEditor [ProjectName] Editor" joined multi-casting on [225.0.0.222:54997]...

Player connection [140704515408704] Host "[IP] 10.0.0.211 [Port] 0 [Flags] 2 [Guid] 4058866543 [EditorId] 4058866543 [Version] 1048832 [Id] OSXEditor(0,MacBook-Pro-21.local) [Debug] 1 [PackageName] OSXEditor [ProjectName] Editor" joined alternative multi-casting on [225.0.0.222:34997]...

Refreshing native plugins compatible for Editor in 178.23 ms, found 2 plugins.
Preloading 0 native plugins for Editor in 0.00 ms.
Initialize engine version: 2021.3.22f1 (b6c551784ba3)
[Subsystems] Discovering subsystems at path /Users/SpartanPip/Desktop/Unity Editors/2021.3.22f1/Unity.app/Contents/Resources/UnitySubsystems
[Subsystems] Discovering subsystems at path /Users/SpartanPip/Desktop/ComplexGamesApplicationProject/CannonGameUnity/Assets
GfxDevice: creating device client; threaded=0; jobified=0
Color LCD preferred device: AMD Radeon Pro 5500M (high power)
Metal devices available: 2
0: AMD Radeon Pro 5500M (high power)
1: Intel(R) UHD Graphics 630 (low power)
Using device AMD Radeon Pro 5500M (high power)
Initializing Metal device caps: AMD Radeon Pro 5500M
Initialize mono
Mono path[0] = '/Users/SpartanPip/Desktop/Unity Editors/2021.3.22f1/Unity.app/Contents/Managed'
Mono path[1] = '/Users/SpartanPip/Desktop/Unity Editors/2021.3.22f1/Unity.app/Contents/MonoBleedingEdge/lib/mono/unityjit-macos'
Mono config path = '/Users/SpartanPip/Desktop/Unity Editors/2021.3.22f1/Unity.app/Contents/MonoBleedingEdge/etc'
Using monoOptions --debugger-agent=transport=dt_socket,embedding=1,server=y,suspend=n,address=127.0.0.1:56761
Begin MonoManager ReloadAssembly
Registering precompiled unity dll's ...
Register platform support module: /Users/SpartanPip/Desktop/Unity Editors/2021.3.22f1/PlaybackEngines/WebGLSupport/UnityEditor.WebGL.Extensions.dll
Register platform support module: /Users/SpartanPip/Desktop/Unity Editors/2021.3.22f1/Unity.app/Contents/PlaybackEngines/MacStandaloneSupport/UnityEditor.OSXStandalone.Extensions.dll
Registered in 0.002835 seconds.
Native extension for OSXStandalone target not found
Native extension for WebGL target not found
Refreshing native plugins compatible for Editor in 159.48 ms, found 2 plugins.
Preloading 0 native plugins for Editor in 0.00 ms.
Mono: successfully reloaded assembly
- Completed reload, in  0.833 seconds
Domain Reload Profiling:
	ReloadAssembly (833ms)
		BeginReloadAssembly (136ms)
			ExecutionOrderSort (0ms)
			DisableScriptedObjects (0ms)
			BackupInstance (0ms)
			ReleaseScriptingObjects (0ms)
			CreateAndSetChildDomain (1ms)
		EndReloadAssembly (588ms)
			LoadAssemblies (139ms)
			RebuildTransferFunctionScriptingTraits (0ms)
			SetupTypeCache (126ms)
			ReleaseScriptCaches (0ms)
			RebuildScriptCaches (35ms)
			SetupLoadedEditorAssemblies (369ms)
				LogAssemblyErrors (0ms)
				InitializePlatformSupportModulesInManaged (9ms)
				SetLoadedEditorAssemblies (0ms)
				RefreshPlugins (160ms)
				BeforeProcessingInitializeOnLoad (2ms)
				ProcessInitializeOnLoadAttributes (152ms)
				ProcessInitializeOnLoadMethodAttributes (45ms)
				AfterProcessingInitializeOnLoad (0ms)
				EditorAssembliesLoaded (0ms)
			ExecutionOrderSort2 (0ms)
			AwakeInstancesAfterBackupRestoration (0ms)
Platform modules already initialized, skipping
Registering precompiled user dll's ...
Registered in 0.002398 seconds.
Begin MonoManager ReloadAssembly
Symbol file LoadedFromMemory doesn't match image /Users/SpartanPip/Desktop/ComplexGamesApplicationProject/CannonGameUnity/Library/PackageCache/com.unity.visualscripting@1.8.0/Editor/VisualScripting.Core/Dependencies/YamlDotNet/Unity.VisualScripting.YamlDotNet.dll
Symbol file LoadedFromMemory doesn't match image /Users/SpartanPip/Desktop/ComplexGamesApplicationProject/CannonGameUnity/Library/PackageCache/com.unity.visualscripting@1.8.0/Editor/VisualScripting.Core/Dependencies/DotNetZip/Unity.VisualScripting.IonicZip.dll
Native extension for OSXStandalone target not found
Native extension for WebGL target not found
Refreshing native plugins compatible for Editor in 1.99 ms, found 2 plugins.
Preloading 0 native plugins for Editor in 0.00 ms.
Mono: successfully reloaded assembly
- Completed reload, in  1.393 seconds
Domain Reload Profiling:
	ReloadAssembly (1394ms)
		BeginReloadAssembly (112ms)
			ExecutionOrderSort (0ms)
			DisableScriptedObjects (6ms)
			BackupInstance (0ms)
			ReleaseScriptingObjects (0ms)
			CreateAndSetChildDomain (26ms)
		EndReloadAssembly (1169ms)
			LoadAssemblies (100ms)
			RebuildTransferFunctionScriptingTraits (0ms)
			SetupTypeCache (302ms)
			ReleaseScriptCaches (1ms)
			RebuildScriptCaches (65ms)
			SetupLoadedEditorAssemblies (655ms)
				LogAssemblyErrors (0ms)
				InitializePlatformSupportModulesInManaged (5ms)
				SetLoadedEditorAssemblies (1ms)
				RefreshPlugins (2ms)
				BeforeProcessingInitializeOnLoad (65ms)
				ProcessInitializeOnLoadAttributes (558ms)
				ProcessInitializeOnLoadMethodAttributes (21ms)
				AfterProcessingInitializeOnLoad (3ms)
				EditorAssembliesLoaded (0ms)
			ExecutionOrderSort2 (0ms)
			AwakeInstancesAfterBackupRestoration (4ms)
Platform modules already initialized, skipping
========================================================================
Worker process is ready to serve import requests
Shader 'Distant Lands/Cozy/Stylized Terrain First Pass': dependency 'BaseMapShader' shader 'Distant Lands/Stylized Terrain' not found
Shader 'Distant Lands/Cozy/Stylized Terrain First Pass': dependency 'AddPassShader' shader 'Distant Lands/Stylized Terrain Add Pass' not found
Shader 'Distant Lands/Cozy/Stylized Terrain First Pass': dependency 'BaseMapShader' shader 'Distant Lands/Stylized Terrain' not found
Shader 'Distant Lands/Cozy/Stylized Terrain First Pass': dependency 'AddPassShader' shader 'Distant Lands/Stylized Terrain Add Pass' not found
Shader 'Distant Lands/Cozy/Stylized Terrain First Pass': dependency 'BaseMapShader' shader 'Distant Lands/Stylized Terrain' not found
Shader 'Distant Lands/Cozy/Stylized Terrain First Pass': dependency 'AddPassShader' shader 'Distant Lands/Stylized Terrain Add Pass' not found
Launching external process: /Users/SpartanPip/Desktop/Unity Editors/2021.3.22f1/Unity.app/Contents/Tools/UnityShaderCompiler
Launched and connected shader compiler UnityShaderCompiler after 0.08 seconds
Refreshing native plugins compatible for Editor in 1.61 ms, found 2 plugins.
Preloading 0 native plugins for Editor in 0.00 ms.
Unloading 3178 Unused Serialized files (Serialized files now loaded: 0)
Unloading 23 unused Assets / (3.1 MB). Loaded Objects now: 3656.
Memory consumption went from 136.4 MB to 133.3 MB.
Total: 4.092569 ms (FindLiveObjects: 0.255969 ms CreateObjectMapping: 0.186077 ms MarkObjects: 3.052499 ms  DeleteObjects: 0.596675 ms)

AssetImportParameters requested are different than current active one (requested -> active):
  custom:video-decoder-ogg-theora: a1e56fd34408186e4bbccfd4996cb3dc -> 
  custom:container-muxer-webm: aa71ff27fc2769a1b78a27578f13a17b -> 
  custom:container-demuxer-webm: 4f35f7cbe854078d1ac9338744f61a02 -> 
  custom:video-encoder-webm-vp8: eb34c28f22e8b96e1ab97ce403110664 -> 
  custom:framework-osx-AVFoundation: e770b220cccbd017edd2c1fefb359320 -> 
  custom:audio-encoder-webm-vorbis: bf7c407c2cedff20999df2af8eb42d56 -> 
  custom:container-demuxer-ogg: 62fdf1f143b41e24485cea50d1cbac27 -> 
  custom:video-decoder-webm-vp8: 9c59270c3fd7afecdb556c50c9e8de78 -> 
  custom:audio-decoder-ogg-vorbis: bf7c407c2cedff20999df2af8eb42d56 -> 
========================================================================
Received Import Request.
  Time since last request: 186100.712171 seconds.
  path: Assets/Downloaded/Cozy Weather/Contents/Resources/Profiles/Forecast Profiles/Normal Profile.asset
  artifactKey: Guid(04b46ab7417684ed5b888500b6bdce50) Importer(815301076,1909f56bfc062723c751e8b465ee728b)
Start importing Assets/Downloaded/Cozy Weather/Contents/Resources/Profiles/Forecast Profiles/Normal Profile.asset using Guid(04b46ab7417684ed5b888500b6bdce50) Importer(815301076,1909f56bfc062723c751e8b465ee728b)  -> (artifact id: '83afb539fff228cf5b7e1d5aad418d86') in 0.882488 seconds 
========================================================================
Received Prepare
Registering precompiled user dll's ...
Registered in 0.002497 seconds.
Begin MonoManager ReloadAssembly
Symbol file LoadedFromMemory doesn't match image /Users/SpartanPip/Desktop/ComplexGamesApplicationProject/CannonGameUnity/Library/PackageCache/com.unity.visualscripting@1.8.0/Editor/VisualScripting.Core/Dependencies/YamlDotNet/Unity.VisualScripting.YamlDotNet.dll
Symbol file LoadedFromMemory doesn't match image /Users/SpartanPip/Desktop/ComplexGamesApplicationProject/CannonGameUnity/Library/PackageCache/com.unity.visualscripting@1.8.0/Editor/VisualScripting.Core/Dependencies/DotNetZip/Unity.VisualScripting.IonicZip.dll
Native extension for OSXStandalone target not found
Native extension for WebGL target not found
Refreshing native plugins compatible for Editor in 1.93 ms, found 2 plugins.
Preloading 0 native plugins for Editor in 0.00 ms.
Mono: successfully reloaded assembly
- Completed reload, in  1.416 seconds
Domain Reload Profiling:
	ReloadAssembly (1416ms)
		BeginReloadAssembly (160ms)
			ExecutionOrderSort (0ms)
			DisableScriptedObjects (7ms)
			BackupInstance (0ms)
			ReleaseScriptingObjects (0ms)
			CreateAndSetChildDomain (58ms)
		EndReloadAssembly (1160ms)
			LoadAssemblies (86ms)
			RebuildTransferFunctionScriptingTraits (0ms)
			SetupTypeCache (384ms)
			ReleaseScriptCaches (1ms)
			RebuildScriptCaches (57ms)
			SetupLoadedEditorAssemblies (575ms)
				LogAssemblyErrors (0ms)
				InitializePlatformSupportModulesInManaged (6ms)
				SetLoadedEditorAssemblies (1ms)
				RefreshPlugins (2ms)
				BeforeProcessingInitializeOnLoad (59ms)
				ProcessInitializeOnLoadAttributes (481ms)
				ProcessInitializeOnLoadMethodAttributes (24ms)
				AfterProcessingInitializeOnLoad (2ms)
				EditorAssembliesLoaded (0ms)
			ExecutionOrderSort2 (0ms)
			AwakeInstancesAfterBackupRestoration (5ms)
Platform modules already initialized, skipping
Shader 'Distant Lands/Cozy/Stylized Terrain First Pass': dependency 'BaseMapShader' shader 'Distant Lands/Stylized Terrain' not found
Shader 'Distant Lands/Cozy/Stylized Terrain First Pass': dependency 'AddPassShader' shader 'Distant Lands/Stylized Terrain Add Pass' not found
Shader 'Distant Lands/Cozy/Stylized Terrain First Pass': dependency 'BaseMapShader' shader 'Distant Lands/Stylized Terrain' not found
Shader 'Distant Lands/Cozy/Stylized Terrain First Pass': dependency 'AddPassShader' shader 'Distant Lands/Stylized Terrain Add Pass' not found
Shader 'Distant Lands/Cozy/Stylized Terrain First Pass': dependency 'BaseMapShader' shader 'Distant Lands/Stylized Terrain' not found
Shader 'Distant Lands/Cozy/Stylized Terrain First Pass': dependency 'AddPassShader' shader 'Distant Lands/Stylized Terrain Add Pass' not found
Refreshing native plugins compatible for Editor in 2.73 ms, found 2 plugins.
Preloading 0 native plugins for Editor in 0.00 ms.
Unloading 3137 Unused Serialized files (Serialized files now loaded: 0)
Unloading 16 unused Assets / (3.0 MB). Loaded Objects now: 3661.
Memory consumption went from 135.7 MB to 132.6 MB.
Total: 5.502498 ms (FindLiveObjects: 0.313081 ms CreateObjectMapping: 0.178440 ms MarkObjects: 4.244120 ms  DeleteObjects: 0.766120 ms)

AssetImportParameters requested are different than current active one (requested -> active):
  custom:video-decoder-ogg-theora: a1e56fd34408186e4bbccfd4996cb3dc -> 
  custom:container-muxer-webm: aa71ff27fc2769a1b78a27578f13a17b -> 
  custom:container-demuxer-webm: 4f35f7cbe854078d1ac9338744f61a02 -> 
  custom:video-encoder-webm-vp8: eb34c28f22e8b96e1ab97ce403110664 -> 
  custom:framework-osx-AVFoundation: e770b220cccbd017edd2c1fefb359320 -> 
  custom:audio-encoder-webm-vorbis: bf7c407c2cedff20999df2af8eb42d56 -> 
  custom:container-demuxer-ogg: 62fdf1f143b41e24485cea50d1cbac27 -> 
  custom:video-decoder-webm-vp8: 9c59270c3fd7afecdb556c50c9e8de78 -> 
  custom:audio-decoder-ogg-vorbis: bf7c407c2cedff20999df2af8eb42d56 -> 
========================================================================
Received Prepare
Registering precompiled user dll's ...
Registered in 0.003008 seconds.
Begin MonoManager ReloadAssembly
Symbol file LoadedFromMemory doesn't match image /Users/SpartanPip/Desktop/ComplexGamesApplicationProject/CannonGameUnity/Library/PackageCache/com.unity.visualscripting@1.8.0/Editor/VisualScripting.Core/Dependencies/YamlDotNet/Unity.VisualScripting.YamlDotNet.dll
Symbol file LoadedFromMemory doesn't match image /Users/SpartanPip/Desktop/ComplexGamesApplicationProject/CannonGameUnity/Library/PackageCache/com.unity.visualscripting@1.8.0/Editor/VisualScripting.Core/Dependencies/DotNetZip/Unity.VisualScripting.IonicZip.dll
Native extension for OSXStandalone target not found
Native extension for WebGL target not found
Refreshing native plugins compatible for Editor in 2.32 ms, found 2 plugins.
Preloading 0 native plugins for Editor in 0.00 ms.
Mono: successfully reloaded assembly
- Completed reload, in  1.793 seconds
Domain Reload Profiling:
	ReloadAssembly (1794ms)
		BeginReloadAssembly (211ms)
			ExecutionOrderSort (0ms)
			DisableScriptedObjects (9ms)
			BackupInstance (0ms)
			ReleaseScriptingObjects (0ms)
			CreateAndSetChildDomain (88ms)
		EndReloadAssembly (1449ms)
			LoadAssemblies (113ms)
			RebuildTransferFunctionScriptingTraits (0ms)
			SetupTypeCache (457ms)
			ReleaseScriptCaches (2ms)
			RebuildScriptCaches (70ms)
			SetupLoadedEditorAssemblies (716ms)
				LogAssemblyErrors (0ms)
				InitializePlatformSupportModulesInManaged (11ms)
				SetLoadedEditorAssemblies (1ms)
				RefreshPlugins (2ms)
				BeforeProcessingInitializeOnLoad (104ms)
				ProcessInitializeOnLoadAttributes (572ms)
				ProcessInitializeOnLoadMethodAttributes (23ms)
				AfterProcessingInitializeOnLoad (2ms)
				EditorAssembliesLoaded (0ms)
			ExecutionOrderSort2 (0ms)
			AwakeInstancesAfterBackupRestoration (6ms)
Platform modules already initialized, skipping
Shader 'Distant Lands/Cozy/Stylized Terrain First Pass': dependency 'BaseMapShader' shader 'Distant Lands/Stylized Terrain' not found
Shader 'Distant Lands/Cozy/Stylized Terrain First Pass': dependency 'AddPassShader' shader 'Distant Lands/Stylized Terrain Add Pass' not found
Shader 'Distant Lands/Cozy/Stylized Terrain First Pass': dependency 'BaseMapShader' shader 'Distant Lands/Stylized Terrain' not found
Shader 'Distant Lands/Cozy/Stylized Terrain First Pass': dependency 'AddPassShader' shader 'Distant Lands/Stylized Terrain Add Pass' not found
Shader 'Distant Lands/Cozy/Stylized Terrain First Pass': dependency 'BaseMapShader' shader 'Distant Lands/Stylized Terrain' not found
Shader 'Distant Lands/Cozy/Stylized Terrain First Pass': dependency 'AddPassShader' shader 'Distant Lands/Stylized Terrain Add Pass' not found
Refreshing native plugins compatible for Editor in 3.71 ms, found 2 plugins.
Preloading 0 native plugins for Editor in 0.00 ms.
Unloading 3137 Unused Serialized files (Serialized files now loaded: 0)
Unloading 16 unused Assets / (3.1 MB). Loaded Objects now: 3664.
Memory consumption went from 135.7 MB to 132.6 MB.
Total: 6.402761 ms (FindLiveObjects: 0.363872 ms CreateObjectMapping: 0.312790 ms MarkObjects: 4.553461 ms  DeleteObjects: 1.171590 ms)

AssetImportParameters requested are different than current active one (requested -> active):
  custom:video-decoder-ogg-theora: a1e56fd34408186e4bbccfd4996cb3dc -> 
  custom:container-muxer-webm: aa71ff27fc2769a1b78a27578f13a17b -> 
  custom:container-demuxer-webm: 4f35f7cbe854078d1ac9338744f61a02 -> 
  custom:video-encoder-webm-vp8: eb34c28f22e8b96e1ab97ce403110664 -> 
  custom:framework-osx-AVFoundation: e770b220cccbd017edd2c1fefb359320 -> 
  custom:audio-encoder-webm-vorbis: bf7c407c2cedff20999df2af8eb42d56 -> 
  custom:container-demuxer-ogg: 62fdf1f143b41e24485cea50d1cbac27 -> 
  custom:video-decoder-webm-vp8: 9c59270c3fd7afecdb556c50c9e8de78 -> 
  custom:audio-decoder-ogg-vorbis: bf7c407c2cedff20999df2af8eb42d56 -> 
========================================================================
Received Prepare
Registering precompiled user dll's ...
Registered in 0.002970 seconds.
Begin MonoManager ReloadAssembly
Symbol file LoadedFromMemory doesn't match image /Users/SpartanPip/Desktop/ComplexGamesApplicationProject/CannonGameUnity/Library/PackageCache/com.unity.visualscripting@1.8.0/Editor/VisualScripting.Core/Dependencies/YamlDotNet/Unity.VisualScripting.YamlDotNet.dll
Symbol file LoadedFromMemory doesn't match image /Users/SpartanPip/Desktop/ComplexGamesApplicationProject/CannonGameUnity/Library/PackageCache/com.unity.visualscripting@1.8.0/Editor/VisualScripting.Core/Dependencies/DotNetZip/Unity.VisualScripting.IonicZip.dll
Native extension for OSXStandalone target not found
Native extension for WebGL target not found
Refreshing native plugins compatible for Editor in 1.98 ms, found 2 plugins.
Preloading 0 native plugins for Editor in 0.00 ms.
Mono: successfully reloaded assembly
- Completed reload, in  1.342 seconds
Domain Reload Profiling:
	ReloadAssembly (1343ms)
		BeginReloadAssembly (156ms)
			ExecutionOrderSort (0ms)
			DisableScriptedObjects (6ms)
			BackupInstance (0ms)
			ReleaseScriptingObjects (0ms)
			CreateAndSetChildDomain (52ms)
		EndReloadAssembly (1086ms)
			LoadAssemblies (82ms)
			RebuildTransferFunctionScriptingTraits (0ms)
			SetupTypeCache (328ms)
			ReleaseScriptCaches (1ms)
			RebuildScriptCaches (54ms)
			SetupLoadedEditorAssemblies (569ms)
				LogAssemblyErrors (0ms)
				InitializePlatformSupportModulesInManaged (6ms)
				SetLoadedEditorAssemblies (1ms)
				RefreshPlugins (2ms)
				BeforeProcessingInitializeOnLoad (64ms)
				ProcessInitializeOnLoadAttributes (471ms)
				ProcessInitializeOnLoadMethodAttributes (23ms)
				AfterProcessingInitializeOnLoad (2ms)
				EditorAssembliesLoaded (0ms)
			ExecutionOrderSort2 (0ms)
			AwakeInstancesAfterBackupRestoration (5ms)
Platform modules already initialized, skipping
Shader 'Distant Lands/Cozy/Stylized Terrain First Pass': dependency 'BaseMapShader' shader 'Distant Lands/Stylized Terrain' not found
Shader 'Distant Lands/Cozy/Stylized Terrain First Pass': dependency 'AddPassShader' shader 'Distant Lands/Stylized Terrain Add Pass' not found
Shader 'Distant Lands/Cozy/Stylized Terrain First Pass': dependency 'BaseMapShader' shader 'Distant Lands/Stylized Terrain' not found
Shader 'Distant Lands/Cozy/Stylized Terrain First Pass': dependency 'AddPassShader' shader 'Distant Lands/Stylized Terrain Add Pass' not found
Shader 'Distant Lands/Cozy/Stylized Terrain First Pass': dependency 'BaseMapShader' shader 'Distant Lands/Stylized Terrain' not found
Shader 'Distant Lands/Cozy/Stylized Terrain First Pass': dependency 'AddPassShader' shader 'Distant Lands/Stylized Terrain Add Pass' not found
Refreshing native plugins compatible for Editor in 2.68 ms, found 2 plugins.
Preloading 0 native plugins for Editor in 0.00 ms.
Unloading 3137 Unused Serialized files (Serialized files now loaded: 0)
Unloading 16 unused Assets / (3.0 MB). Loaded Objects now: 3667.
Memory consumption went from 135.7 MB to 132.6 MB.
Total: 4.721575 ms (FindLiveObjects: 0.318051 ms CreateObjectMapping: 0.180691 ms MarkObjects: 3.555813 ms  DeleteObjects: 0.666277 ms)

AssetImportParameters requested are different than current active one (requested -> active):
  custom:video-decoder-ogg-theora: a1e56fd34408186e4bbccfd4996cb3dc -> 
  custom:container-muxer-webm: aa71ff27fc2769a1b78a27578f13a17b -> 
  custom:container-demuxer-webm: 4f35f7cbe854078d1ac9338744f61a02 -> 
  custom:video-encoder-webm-vp8: eb34c28f22e8b96e1ab97ce403110664 -> 
  custom:framework-osx-AVFoundation: e770b220cccbd017edd2c1fefb359320 -> 
  custom:audio-encoder-webm-vorbis: bf7c407c2cedff20999df2af8eb42d56 -> 
  custom:container-demuxer-ogg: 62fdf1f143b41e24485cea50d1cbac27 -> 
  custom:video-decoder-webm-vp8: 9c59270c3fd7afecdb556c50c9e8de78 -> 
  custom:audio-decoder-ogg-vorbis: bf7c407c2cedff20999df2af8eb42d56 -> 
========================================================================
Received Import Request.
  Time since last request: 439.841324 seconds.
  path: Assets/Downloaded/Cozy Weather/Contents/Resources/Profiles/Normal Weather Profiles/Cirrostratus Clouds.asset
  artifactKey: Guid(49f8daea6cd1a418d8c1c07559dee6ef) Importer(815301076,1909f56bfc062723c751e8b465ee728b)
Start importing Assets/Downloaded/Cozy Weather/Contents/Resources/Profiles/Normal Weather Profiles/Cirrostratus Clouds.asset using Guid(49f8daea6cd1a418d8c1c07559dee6ef) Importer(815301076,1909f56bfc062723c751e8b465ee728b)  -> (artifact id: 'fcca30df588e3a6013cb8ebf6a7b8284') in 0.028026 seconds 
========================================================================
Received Import Request.
  Time since last request: 0.000060 seconds.
  path: Assets/Downloaded/Cozy Weather/Contents/Resources/Profiles/Normal Weather Profiles/Particle Based Clouds.asset
  artifactKey: Guid(eeb5d554e61e943d1b6031542b640792) Importer(815301076,1909f56bfc062723c751e8b465ee728b)
Start importing Assets/Downloaded/Cozy Weather/Contents/Resources/Profiles/Normal Weather Profiles/Particle Based Clouds.asset using Guid(eeb5d554e61e943d1b6031542b640792) Importer(815301076,1909f56bfc062723c751e8b465ee728b)  -> (artifact id: 'a44e55d0f9354749b3016f91e089e958') in 0.005738 seconds 
========================================================================
Received Import Request.
  Time since last request: 0.000059 seconds.
  path: Assets/Downloaded/Cozy Weather/Contents/Resources/Profiles/Normal Weather Profiles/High Altitude Clouds.asset
  artifactKey: Guid(433698ee8dfff44f8b9fc60db0fdd345) Importer(815301076,1909f56bfc062723c751e8b465ee728b)
Start importing Assets/Downloaded/Cozy Weather/Contents/Resources/Profiles/Normal Weather Profiles/High Altitude Clouds.asset using Guid(433698ee8dfff44f8b9fc60db0fdd345) Importer(815301076,1909f56bfc062723c751e8b465ee728b)  -> (artifact id: '6fb52aa1ee5a5f8bcdac058f5ee49d3f') in 0.005207 seconds 
========================================================================
Received Import Request.
  Time since last request: 0.000057 seconds.
  path: Assets/Downloaded/Cozy Weather/Contents/Resources/Profiles/Normal Weather Profiles/Clear.asset
  artifactKey: Guid(cf668a7e62cbe4eb5ad3b4e4b2569e5c) Importer(815301076,1909f56bfc062723c751e8b465ee728b)
Start importing Assets/Downloaded/Cozy Weather/Contents/Resources/Profiles/Normal Weather Profiles/Clear.asset using Guid(cf668a7e62cbe4eb5ad3b4e4b2569e5c) Importer(815301076,1909f56bfc062723c751e8b465ee728b)  -> (artifact id: '6ca7c772802ca3ab5fec175076f47812') in 0.004993 seconds 
========================================================================
Received Import Request.
  Time since last request: 0.000053 seconds.
  path: Assets/Downloaded/Cozy Weather/Contents/Resources/Profiles/Normal Weather Profiles/Mostly Clear.asset
  artifactKey: Guid(5349a6befa46d4eddaed456dd6a48101) Importer(815301076,1909f56bfc062723c751e8b465ee728b)
Start importing Assets/Downloaded/Cozy Weather/Contents/Resources/Profiles/Normal Weather Profiles/Mostly Clear.asset using Guid(5349a6befa46d4eddaed456dd6a48101) Importer(815301076,1909f56bfc062723c751e8b465ee728b)  -> (artifact id: 'd6ce74824e737a599e527f53a2b0039b') in 0.005167 seconds 
========================================================================
Received Import Request.
  Time since last request: 0.000070 seconds.
  path: Assets/Downloaded/Cozy Weather/Contents/Resources/Profiles/Normal Weather Profiles/Light Rain.asset
  artifactKey: Guid(4d0caf61f78554a369575b888848560f) Importer(815301076,1909f56bfc062723c751e8b465ee728b)
Start importing Assets/Downloaded/Cozy Weather/Contents/Resources/Profiles/Normal Weather Profiles/Light Rain.asset using Guid(4d0caf61f78554a369575b888848560f) Importer(815301076,1909f56bfc062723c751e8b465ee728b)  -> (artifact id: '5d53e7c371fd7349b07e2c6c363fd166') in 0.005930 seconds 
========================================================================
Received Import Request.
  Time since last request: 0.000081 seconds.
  path: Assets/Downloaded/Cozy Weather/Contents/Resources/Profiles/Normal Weather Profiles/Partly Cloudy.asset
  artifactKey: Guid(4498c97340fe84e8aa0c696df14be8b7) Importer(815301076,1909f56bfc062723c751e8b465ee728b)
Start importing Assets/Downloaded/Cozy Weather/Contents/Resources/Profiles/Normal Weather Profiles/Partly Cloudy.asset using Guid(4498c97340fe84e8aa0c696df14be8b7) Importer(815301076,1909f56bfc062723c751e8b465ee728b)  -> (artifact id: '8cf299c5ce2c330de4d84a662fe041f1') in 0.005453 seconds 
========================================================================
Received Prepare
Registering precompiled user dll's ...
Registered in 0.002805 seconds.
Begin MonoManager ReloadAssembly
Symbol file LoadedFromMemory doesn't match image /Users/SpartanPip/Desktop/ComplexGamesApplicationProject/CannonGameUnity/Library/PackageCache/com.unity.visualscripting@1.8.0/Editor/VisualScripting.Core/Dependencies/YamlDotNet/Unity.VisualScripting.YamlDotNet.dll
Symbol file LoadedFromMemory doesn't match image /Users/SpartanPip/Desktop/ComplexGamesApplicationProject/CannonGameUnity/Library/PackageCache/com.unity.visualscripting@1.8.0/Editor/VisualScripting.Core/Dependencies/DotNetZip/Unity.VisualScripting.IonicZip.dll
Native extension for OSXStandalone target not found
Native extension for WebGL target not found
Refreshing native plugins compatible for Editor in 1.85 ms, found 2 plugins.
Preloading 0 native plugins for Editor in 0.00 ms.
Mono: successfully reloaded assembly
- Completed reload, in  1.482 seconds
Domain Reload Profiling:
	ReloadAssembly (1483ms)
		BeginReloadAssembly (159ms)
			ExecutionOrderSort (0ms)
			DisableScriptedObjects (6ms)
			BackupInstance (0ms)
			ReleaseScriptingObjects (0ms)
			CreateAndSetChildDomain (59ms)
		EndReloadAssembly (1218ms)
			LoadAssemblies (83ms)
			RebuildTransferFunctionScriptingTraits (0ms)
			SetupTypeCache (352ms)
			ReleaseScriptCaches (1ms)
			RebuildScriptCaches (51ms)
			SetupLoadedEditorAssemblies (659ms)
				LogAssemblyErrors (0ms)
				InitializePlatformSupportModulesInManaged (6ms)
				SetLoadedEditorAssemblies (1ms)
				RefreshPlugins (2ms)
				BeforeProcessingInitializeOnLoad (65ms)
				ProcessInitializeOnLoadAttributes (561ms)
				ProcessInitializeOnLoadMethodAttributes (22ms)
				AfterProcessingInitializeOnLoad (2ms)
				EditorAssembliesLoaded (0ms)
			ExecutionOrderSort2 (0ms)
			AwakeInstancesAfterBackupRestoration (6ms)
Platform modules already initialized, skipping
Shader 'Distant Lands/Cozy/Stylized Terrain First Pass': dependency 'BaseMapShader' shader 'Distant Lands/Stylized Terrain' not found
Shader 'Distant Lands/Cozy/Stylized Terrain First Pass': dependency 'AddPassShader' shader 'Distant Lands/Stylized Terrain Add Pass' not found
Shader 'Distant Lands/Cozy/Stylized Terrain First Pass': dependency 'BaseMapShader' shader 'Distant Lands/Stylized Terrain' not found
Shader 'Distant Lands/Cozy/Stylized Terrain First Pass': dependency 'AddPassShader' shader 'Distant Lands/Stylized Terrain Add Pass' not found
Shader 'Distant Lands/Cozy/Stylized Terrain First Pass': dependency 'BaseMapShader' shader 'Distant Lands/Stylized Terrain' not found
Shader 'Distant Lands/Cozy/Stylized Terrain First Pass': dependency 'AddPassShader' shader 'Distant Lands/Stylized Terrain Add Pass' not found
Refreshing native plugins compatible for Editor in 4.18 ms, found 2 plugins.
Preloading 0 native plugins for Editor in 0.00 ms.
Unloading 3137 Unused Serialized files (Serialized files now loaded: 0)
Unloading 16 unused Assets / (3.1 MB). Loaded Objects now: 3670.
Memory consumption went from 135.7 MB to 132.6 MB.
Total: 5.184555 ms (FindLiveObjects: 0.298736 ms CreateObjectMapping: 0.264851 ms MarkObjects: 4.044298 ms  DeleteObjects: 0.575686 ms)

AssetImportParameters requested are different than current active one (requested -> active):
  custom:video-decoder-ogg-theora: a1e56fd34408186e4bbccfd4996cb3dc -> 
  custom:container-muxer-webm: aa71ff27fc2769a1b78a27578f13a17b -> 
  custom:container-demuxer-webm: 4f35f7cbe854078d1ac9338744f61a02 -> 
  custom:video-encoder-webm-vp8: eb34c28f22e8b96e1ab97ce403110664 -> 
  custom:framework-osx-AVFoundation: e770b220cccbd017edd2c1fefb359320 -> 
  custom:audio-encoder-webm-vorbis: bf7c407c2cedff20999df2af8eb42d56 -> 
  custom:container-demuxer-ogg: 62fdf1f143b41e24485cea50d1cbac27 -> 
  custom:video-decoder-webm-vp8: 9c59270c3fd7afecdb556c50c9e8de78 -> 
  custom:audio-decoder-ogg-vorbis: bf7c407c2cedff20999df2af8eb42d56 -> 
Editor requested this worker to shutdown with reason: Scaling down because of idle timeout
AssetImportWorker is now disconnected from the server
Process exiting
