Unity Editor version:    2021.3.22f1 (b6c551784ba3)
Branch:                  2021.3/staging
Build type:              Release
Batch mode:              YES
macOS version:           Version 13.3.1 (a) (Build 22E772610a)
Darwin version:          22.4.0
Architecture:            x86_64
Running under Rosetta:   NO
Available memory:        16384 MB
Using pre-set license
Pro License: YES

COMMAND LINE ARGUMENTS:
/Users/SpartanPip/Desktop/Unity Editors/2021.3.22f1/Unity.app/Contents/MacOS/Unity
-adb2
-batchMode
-noUpm
-name
AssetImportWorker13
-projectPath
/Users/SpartanPip/Desktop/ComplexGamesApplicationProject/CannonGameUnity
-logFile
Logs/AssetImportWorker13.log
-srvPort
62260
Successfully changed project path to: /Users/SpartanPip/Desktop/ComplexGamesApplicationProject/CannonGameUnity
/Users/SpartanPip/Desktop/ComplexGamesApplicationProject/CannonGameUnity
[UnityMemory] Configuration Parameters - Can be set up in boot.config
    "memorysetup-bucket-allocator-granularity=16"
    "memorysetup-bucket-allocator-bucket-count=8"
    "memorysetup-bucket-allocator-block-size=33554432"
    "memorysetup-bucket-allocator-block-count=8"
    "memorysetup-main-allocator-block-size=16777216"
    "memorysetup-thread-allocator-block-size=16777216"
    "memorysetup-gfx-main-allocator-block-size=16777216"
    "memorysetup-gfx-thread-allocator-block-size=16777216"
    "memorysetup-cache-allocator-block-size=4194304"
    "memorysetup-typetree-allocator-block-size=2097152"
    "memorysetup-profiler-bucket-allocator-granularity=16"
    "memorysetup-profiler-bucket-allocator-bucket-count=8"
    "memorysetup-profiler-bucket-allocator-block-size=33554432"
    "memorysetup-profiler-bucket-allocator-block-count=8"
    "memorysetup-profiler-allocator-block-size=16777216"
    "memorysetup-profiler-editor-allocator-block-size=1048576"
    "memorysetup-temp-allocator-size-main=16777216"
    "memorysetup-job-temp-allocator-block-size=2097152"
    "memorysetup-job-temp-allocator-block-size-background=1048576"
    "memorysetup-job-temp-allocator-reduction-small-platforms=262144"
    "memorysetup-temp-allocator-size-background-worker=32768"
    "memorysetup-temp-allocator-size-job-worker=262144"
    "memorysetup-temp-allocator-size-preload-manager=33554432"
    "memorysetup-temp-allocator-size-nav-mesh-worker=65536"
    "memorysetup-temp-allocator-size-audio-worker=65536"
    "memorysetup-temp-allocator-size-cloud-worker=32768"
    "memorysetup-temp-allocator-size-gi-baking-worker=262144"
    "memorysetup-temp-allocator-size-gfx=262144"
Player connection [140704515408704] Host "[IP] 10.0.0.211 [Port] 0 [Flags] 2 [Guid] 2208037695 [EditorId] 2208037695 [Version] 1048832 [Id] OSXEditor(0,MacBook-Pro-21.local) [Debug] 1 [PackageName] OSXEditor [ProjectName] Editor" joined multi-casting on [225.0.0.222:54997]...

Player connection [140704515408704] Host "[IP] 10.0.0.211 [Port] 0 [Flags] 2 [Guid] 2208037695 [EditorId] 2208037695 [Version] 1048832 [Id] OSXEditor(0,MacBook-Pro-21.local) [Debug] 1 [PackageName] OSXEditor [ProjectName] Editor" joined alternative multi-casting on [225.0.0.222:34997]...

Refreshing native plugins compatible for Editor in 171.98 ms, found 2 plugins.
Preloading 0 native plugins for Editor in 0.00 ms.
Initialize engine version: 2021.3.22f1 (b6c551784ba3)
[Subsystems] Discovering subsystems at path /Users/SpartanPip/Desktop/Unity Editors/2021.3.22f1/Unity.app/Contents/Resources/UnitySubsystems
[Subsystems] Discovering subsystems at path /Users/SpartanPip/Desktop/ComplexGamesApplicationProject/CannonGameUnity/Assets
GfxDevice: creating device client; threaded=0; jobified=0
Color LCD preferred device: AMD Radeon Pro 5500M (high power)
Metal devices available: 2
0: AMD Radeon Pro 5500M (high power)
1: Intel(R) UHD Graphics 630 (low power)
Using device AMD Radeon Pro 5500M (high power)
Initializing Metal device caps: AMD Radeon Pro 5500M
Initialize mono
Mono path[0] = '/Users/SpartanPip/Desktop/Unity Editors/2021.3.22f1/Unity.app/Contents/Managed'
Mono path[1] = '/Users/SpartanPip/Desktop/Unity Editors/2021.3.22f1/Unity.app/Contents/MonoBleedingEdge/lib/mono/unityjit-macos'
Mono config path = '/Users/SpartanPip/Desktop/Unity Editors/2021.3.22f1/Unity.app/Contents/MonoBleedingEdge/etc'
Using monoOptions --debugger-agent=transport=dt_socket,embedding=1,server=y,suspend=n,address=127.0.0.1:56937
Begin MonoManager ReloadAssembly
Registering precompiled unity dll's ...
Register platform support module: /Users/SpartanPip/Desktop/Unity Editors/2021.3.22f1/PlaybackEngines/WebGLSupport/UnityEditor.WebGL.Extensions.dll
Register platform support module: /Users/SpartanPip/Desktop/Unity Editors/2021.3.22f1/Unity.app/Contents/PlaybackEngines/MacStandaloneSupport/UnityEditor.OSXStandalone.Extensions.dll
Registered in 0.002526 seconds.
Native extension for OSXStandalone target not found
Native extension for WebGL target not found
Refreshing native plugins compatible for Editor in 173.93 ms, found 2 plugins.
Preloading 0 native plugins for Editor in 0.00 ms.
Mono: successfully reloaded assembly
- Completed reload, in  0.853 seconds
Domain Reload Profiling:
	ReloadAssembly (854ms)
		BeginReloadAssembly (116ms)
			ExecutionOrderSort (0ms)
			DisableScriptedObjects (0ms)
			BackupInstance (0ms)
			ReleaseScriptingObjects (0ms)
			CreateAndSetChildDomain (1ms)
		EndReloadAssembly (634ms)
			LoadAssemblies (117ms)
			RebuildTransferFunctionScriptingTraits (0ms)
			SetupTypeCache (125ms)
			ReleaseScriptCaches (0ms)
			RebuildScriptCaches (34ms)
			SetupLoadedEditorAssemblies (419ms)
				LogAssemblyErrors (0ms)
				InitializePlatformSupportModulesInManaged (8ms)
				SetLoadedEditorAssemblies (0ms)
				RefreshPlugins (174ms)
				BeforeProcessingInitializeOnLoad (1ms)
				ProcessInitializeOnLoadAttributes (181ms)
				ProcessInitializeOnLoadMethodAttributes (54ms)
				AfterProcessingInitializeOnLoad (0ms)
				EditorAssembliesLoaded (0ms)
			ExecutionOrderSort2 (0ms)
			AwakeInstancesAfterBackupRestoration (0ms)
Platform modules already initialized, skipping
Registering precompiled user dll's ...
Registered in 0.002696 seconds.
Begin MonoManager ReloadAssembly
Symbol file LoadedFromMemory doesn't match image /Users/SpartanPip/Desktop/ComplexGamesApplicationProject/CannonGameUnity/Library/PackageCache/com.unity.visualscripting@1.8.0/Editor/VisualScripting.Core/Dependencies/YamlDotNet/Unity.VisualScripting.YamlDotNet.dll
Symbol file LoadedFromMemory doesn't match image /Users/SpartanPip/Desktop/ComplexGamesApplicationProject/CannonGameUnity/Library/PackageCache/com.unity.visualscripting@1.8.0/Editor/VisualScripting.Core/Dependencies/DotNetZip/Unity.VisualScripting.IonicZip.dll
Native extension for OSXStandalone target not found
Native extension for WebGL target not found
Refreshing native plugins compatible for Editor in 1.94 ms, found 2 plugins.
Preloading 0 native plugins for Editor in 0.00 ms.
Mono: successfully reloaded assembly
- Completed reload, in  1.487 seconds
Domain Reload Profiling:
	ReloadAssembly (1489ms)
		BeginReloadAssembly (126ms)
			ExecutionOrderSort (0ms)
			DisableScriptedObjects (7ms)
			BackupInstance (0ms)
			ReleaseScriptingObjects (0ms)
			CreateAndSetChildDomain (28ms)
		EndReloadAssembly (1242ms)
			LoadAssemblies (106ms)
			RebuildTransferFunctionScriptingTraits (0ms)
			SetupTypeCache (332ms)
			ReleaseScriptCaches (1ms)
			RebuildScriptCaches (66ms)
			SetupLoadedEditorAssemblies (699ms)
				LogAssemblyErrors (0ms)
				InitializePlatformSupportModulesInManaged (5ms)
				SetLoadedEditorAssemblies (1ms)
				RefreshPlugins (2ms)
				BeforeProcessingInitializeOnLoad (76ms)
				ProcessInitializeOnLoadAttributes (590ms)
				ProcessInitializeOnLoadMethodAttributes (24ms)
				AfterProcessingInitializeOnLoad (2ms)
				EditorAssembliesLoaded (0ms)
			ExecutionOrderSort2 (0ms)
			AwakeInstancesAfterBackupRestoration (4ms)
Platform modules already initialized, skipping
========================================================================
Worker process is ready to serve import requests
Shader 'Distant Lands/Cozy/Stylized Terrain First Pass': dependency 'BaseMapShader' shader 'Distant Lands/Stylized Terrain' not found
Shader 'Distant Lands/Cozy/Stylized Terrain First Pass': dependency 'AddPassShader' shader 'Distant Lands/Stylized Terrain Add Pass' not found
Shader 'Distant Lands/Cozy/Stylized Terrain First Pass': dependency 'BaseMapShader' shader 'Distant Lands/Stylized Terrain' not found
Shader 'Distant Lands/Cozy/Stylized Terrain First Pass': dependency 'AddPassShader' shader 'Distant Lands/Stylized Terrain Add Pass' not found
Shader 'Distant Lands/Cozy/Stylized Terrain First Pass': dependency 'BaseMapShader' shader 'Distant Lands/Stylized Terrain' not found
Shader 'Distant Lands/Cozy/Stylized Terrain First Pass': dependency 'AddPassShader' shader 'Distant Lands/Stylized Terrain Add Pass' not found
Launching external process: /Users/SpartanPip/Desktop/Unity Editors/2021.3.22f1/Unity.app/Contents/Tools/UnityShaderCompiler
Launched and connected shader compiler UnityShaderCompiler after 0.08 seconds
Refreshing native plugins compatible for Editor in 1.68 ms, found 2 plugins.
Preloading 0 native plugins for Editor in 0.00 ms.
Unloading 3178 Unused Serialized files (Serialized files now loaded: 0)
Unloading 23 unused Assets / (3.1 MB). Loaded Objects now: 3656.
Memory consumption went from 136.4 MB to 133.4 MB.
Total: 4.902463 ms (FindLiveObjects: 0.376837 ms CreateObjectMapping: 0.296015 ms MarkObjects: 3.619922 ms  DeleteObjects: 0.608697 ms)

AssetImportParameters requested are different than current active one (requested -> active):
  custom:video-decoder-ogg-theora: a1e56fd34408186e4bbccfd4996cb3dc -> 
  custom:container-muxer-webm: aa71ff27fc2769a1b78a27578f13a17b -> 
  custom:container-demuxer-webm: 4f35f7cbe854078d1ac9338744f61a02 -> 
  custom:video-encoder-webm-vp8: eb34c28f22e8b96e1ab97ce403110664 -> 
  custom:framework-osx-AVFoundation: e770b220cccbd017edd2c1fefb359320 -> 
  custom:audio-encoder-webm-vorbis: bf7c407c2cedff20999df2af8eb42d56 -> 
  custom:container-demuxer-ogg: 62fdf1f143b41e24485cea50d1cbac27 -> 
  custom:video-decoder-webm-vp8: 9c59270c3fd7afecdb556c50c9e8de78 -> 
  custom:audio-decoder-ogg-vorbis: bf7c407c2cedff20999df2af8eb42d56 -> 
========================================================================
Received Import Request.
  Time since last request: 186790.081771 seconds.
  path: Assets/Downloaded/Cozy Weather/Contents/Resources/Profiles/Original Weather Profiles 1/Cirrostratus Clouds.asset
  artifactKey: Guid(e1e17c9c05bb84579befa584003f3b17) Importer(815301076,1909f56bfc062723c751e8b465ee728b)
Start importing Assets/Downloaded/Cozy Weather/Contents/Resources/Profiles/Original Weather Profiles 1/Cirrostratus Clouds.asset using Guid(e1e17c9c05bb84579befa584003f3b17) Importer(815301076,1909f56bfc062723c751e8b465ee728b)  -> (artifact id: 'aa3b0b03143c1ab564d4f129d2a3e211') in 0.163306 seconds 
========================================================================
Received Import Request.
  Time since last request: 0.000128 seconds.
  path: Assets/Downloaded/Cozy Weather/Contents/Resources/Profiles/Original Weather Profiles 1/Distant Storm.asset
  artifactKey: Guid(ca435f3ffed5542ea80efedca125c1dd) Importer(815301076,1909f56bfc062723c751e8b465ee728b)
Start importing Assets/Downloaded/Cozy Weather/Contents/Resources/Profiles/Original Weather Profiles 1/Distant Storm.asset using Guid(ca435f3ffed5542ea80efedca125c1dd) Importer(815301076,1909f56bfc062723c751e8b465ee728b)  -> (artifact id: '60639bc288563f8cc04a635ecced7ea3') in 0.021446 seconds 
========================================================================
Received Import Request.
  Time since last request: 0.000060 seconds.
  path: Assets/Downloaded/Cozy Weather/Contents/Resources/Profiles/Original Weather Profiles 1/Heavy Rain.asset
  artifactKey: Guid(9b4a66a6282484ca8b01bbd2c7e0c503) Importer(815301076,1909f56bfc062723c751e8b465ee728b)
Start importing Assets/Downloaded/Cozy Weather/Contents/Resources/Profiles/Original Weather Profiles 1/Heavy Rain.asset using Guid(9b4a66a6282484ca8b01bbd2c7e0c503) Importer(815301076,1909f56bfc062723c751e8b465ee728b)  -> (artifact id: '18ac039d546e2241d89d67a599fa13eb') in 0.020115 seconds 
========================================================================
Received Import Request.
  Time since last request: 0.000074 seconds.
  path: Assets/Downloaded/Cozy Weather/Contents/Resources/Profiles/Original Weather Profiles 1/Electric Fog.asset
  artifactKey: Guid(9460dc8d7c74f4ae38c8bafb22a1476a) Importer(815301076,1909f56bfc062723c751e8b465ee728b)
Start importing Assets/Downloaded/Cozy Weather/Contents/Resources/Profiles/Original Weather Profiles 1/Electric Fog.asset using Guid(9460dc8d7c74f4ae38c8bafb22a1476a) Importer(815301076,1909f56bfc062723c751e8b465ee728b)  -> (artifact id: 'c03ac84322aaface07a83b10910a2fd6') in 0.018891 seconds 
========================================================================
Received Import Request.
  Time since last request: 0.000085 seconds.
  path: Assets/Downloaded/Cozy Weather/Contents/Resources/Profiles/Original Weather Profiles 1/Imminent Storm.asset
  artifactKey: Guid(562da336159c948918a624da98f6408e) Importer(815301076,1909f56bfc062723c751e8b465ee728b)
Start importing Assets/Downloaded/Cozy Weather/Contents/Resources/Profiles/Original Weather Profiles 1/Imminent Storm.asset using Guid(562da336159c948918a624da98f6408e) Importer(815301076,1909f56bfc062723c751e8b465ee728b)  -> (artifact id: '6158b38bba75ec09a5e1ebd72b969a1e') in 0.019433 seconds 
========================================================================
Received Import Request.
  Time since last request: 0.000082 seconds.
  path: Assets/Downloaded/Cozy Weather/Contents/Resources/Profiles/Original Weather Profiles 1/Light Rain.asset
  artifactKey: Guid(a1641c036c9c4492d97f9628cd297771) Importer(815301076,1909f56bfc062723c751e8b465ee728b)
Start importing Assets/Downloaded/Cozy Weather/Contents/Resources/Profiles/Original Weather Profiles 1/Light Rain.asset using Guid(a1641c036c9c4492d97f9628cd297771) Importer(815301076,1909f56bfc062723c751e8b465ee728b)  -> (artifact id: '7409003c18eb620813a4cbb5a80b245d') in 0.019212 seconds 
========================================================================
Received Import Request.
  Time since last request: 0.000110 seconds.
  path: Assets/Downloaded/Cozy Weather/Contents/Resources/Profiles/Original Weather Profiles 1/Thunder Snow.asset
  artifactKey: Guid(10512683359ea49f0ae52d21c2ff12df) Importer(815301076,1909f56bfc062723c751e8b465ee728b)
Start importing Assets/Downloaded/Cozy Weather/Contents/Resources/Profiles/Original Weather Profiles 1/Thunder Snow.asset using Guid(10512683359ea49f0ae52d21c2ff12df) Importer(815301076,1909f56bfc062723c751e8b465ee728b)  -> (artifact id: '7708ae4cb62829defc111a4ca82207dd') in 0.019198 seconds 
========================================================================
Received Import Request.
  Time since last request: 41.682571 seconds.
  path: Assets/Downloaded/Cozy Weather/Contents/Resources/Profiles/Original Weather Profiles 1/Cirrostratus Clouds.asset
  artifactKey: Guid(4daab3529430549378ff7de98814dce8) Importer(815301076,1909f56bfc062723c751e8b465ee728b)
Start importing Assets/Downloaded/Cozy Weather/Contents/Resources/Profiles/Original Weather Profiles 1/Cirrostratus Clouds.asset using Guid(4daab3529430549378ff7de98814dce8) Importer(815301076,1909f56bfc062723c751e8b465ee728b)  -> (artifact id: '51ba4f3a8206bc4fa548cb1a76cd2288') in 0.018926 seconds 
========================================================================
Received Import Request.
  Time since last request: 0.000106 seconds.
  path: Assets/Downloaded/Cozy Weather/Contents/Resources/Profiles/Original Weather Profiles 1/Light Snow.asset
  artifactKey: Guid(a54935315df794ac4a15d9ef47668e78) Importer(815301076,1909f56bfc062723c751e8b465ee728b)
Start importing Assets/Downloaded/Cozy Weather/Contents/Resources/Profiles/Original Weather Profiles 1/Light Snow.asset using Guid(a54935315df794ac4a15d9ef47668e78) Importer(815301076,1909f56bfc062723c751e8b465ee728b)  -> (artifact id: 'c38646268168434c1d61a92dbbcd98a3') in 0.020080 seconds 
========================================================================
Received Import Request.
  Time since last request: 0.000064 seconds.
  path: Assets/Downloaded/Cozy Weather/Contents/Resources/Profiles/Original Weather Profiles 1/Dust Storm.asset
  artifactKey: Guid(209e4f1d98e1442c697735272788e275) Importer(815301076,1909f56bfc062723c751e8b465ee728b)
Start importing Assets/Downloaded/Cozy Weather/Contents/Resources/Profiles/Original Weather Profiles 1/Dust Storm.asset using Guid(209e4f1d98e1442c697735272788e275) Importer(815301076,1909f56bfc062723c751e8b465ee728b)  -> (artifact id: '6d7bed59be21490467f6bfdc6285950c') in 0.018347 seconds 
========================================================================
Received Import Request.
  Time since last request: 0.000118 seconds.
  path: Assets/Downloaded/Cozy Weather/Contents/Resources/Profiles/Original Weather Profiles 1/Mostly Cloudy.asset
  artifactKey: Guid(4ce4464f2c8f94efa8c1cb549bd3140d) Importer(815301076,1909f56bfc062723c751e8b465ee728b)
Start importing Assets/Downloaded/Cozy Weather/Contents/Resources/Profiles/Original Weather Profiles 1/Mostly Cloudy.asset using Guid(4ce4464f2c8f94efa8c1cb549bd3140d) Importer(815301076,1909f56bfc062723c751e8b465ee728b)  -> (artifact id: '8fd127277a4b02204c4e0bfdb3b3b7ce') in 0.018628 seconds 
========================================================================
Received Import Request.
  Time since last request: 0.000067 seconds.
  path: Assets/Downloaded/Cozy Weather/Contents/Resources/Profiles/Original Weather Profiles 1/Thunder Storm.asset
  artifactKey: Guid(ba579b3a43ab14a3a9c332fe8bc52bc6) Importer(815301076,1909f56bfc062723c751e8b465ee728b)
Start importing Assets/Downloaded/Cozy Weather/Contents/Resources/Profiles/Original Weather Profiles 1/Thunder Storm.asset using Guid(ba579b3a43ab14a3a9c332fe8bc52bc6) Importer(815301076,1909f56bfc062723c751e8b465ee728b)  -> (artifact id: '7b1e9dede921ca36219e5b23d02250a7') in 0.019314 seconds 
========================================================================
Received Import Request.
  Time since last request: 0.000108 seconds.
  path: Assets/Downloaded/Cozy Weather/Contents/Resources/Profiles/Original Weather Profiles 1/Heavy Snow.asset
  artifactKey: Guid(794641e3ffb43462e9c5d3a873cc4bea) Importer(815301076,1909f56bfc062723c751e8b465ee728b)
Start importing Assets/Downloaded/Cozy Weather/Contents/Resources/Profiles/Original Weather Profiles 1/Heavy Snow.asset using Guid(794641e3ffb43462e9c5d3a873cc4bea) Importer(815301076,1909f56bfc062723c751e8b465ee728b)  -> (artifact id: 'e85f895bfd32d33da800264da0f459aa') in 0.018920 seconds 
========================================================================
Received Import Request.
  Time since last request: 0.000083 seconds.
  path: Assets/Downloaded/Cozy Weather/Contents/Resources/Profiles/Original Weather Profiles 1/Light Rain.asset
  artifactKey: Guid(5c8d462980e4047f2a410843363b3851) Importer(815301076,1909f56bfc062723c751e8b465ee728b)
Start importing Assets/Downloaded/Cozy Weather/Contents/Resources/Profiles/Original Weather Profiles 1/Light Rain.asset using Guid(5c8d462980e4047f2a410843363b3851) Importer(815301076,1909f56bfc062723c751e8b465ee728b)  -> (artifact id: 'b377699fd48ca3d5cc7088dbbd051cde') in 0.019310 seconds 
========================================================================
Received Import Request.
  Time since last request: 0.000072 seconds.
  path: Assets/Downloaded/Cozy Weather/Contents/Resources/Profiles/Original Weather Profiles 1/Imminent Storm.asset
  artifactKey: Guid(507487116ebef4a7599b9f68137f23bf) Importer(815301076,1909f56bfc062723c751e8b465ee728b)
Start importing Assets/Downloaded/Cozy Weather/Contents/Resources/Profiles/Original Weather Profiles 1/Imminent Storm.asset using Guid(507487116ebef4a7599b9f68137f23bf) Importer(815301076,1909f56bfc062723c751e8b465ee728b)  -> (artifact id: '2c5347f858b78fadb6eacf2dd01ae58b') in 0.019223 seconds 
========================================================================
Received Import Request.
  Time since last request: 0.000072 seconds.
  path: Assets/Downloaded/Cozy Weather/Contents/Resources/Profiles/Original Weather Profiles 1/Filtered Fog.asset
  artifactKey: Guid(e65fb851062e44356b8f3d7daa602a4c) Importer(815301076,1909f56bfc062723c751e8b465ee728b)
Start importing Assets/Downloaded/Cozy Weather/Contents/Resources/Profiles/Original Weather Profiles 1/Filtered Fog.asset using Guid(e65fb851062e44356b8f3d7daa602a4c) Importer(815301076,1909f56bfc062723c751e8b465ee728b)  -> (artifact id: 'a75cddd4edaab4d4e590cb7f9b21e473') in 0.018682 seconds 
Editor requested this worker to shutdown with reason: Scaling down because of idle timeout
AssetImportWorker is now disconnected from the server
Process exiting
