Unity Editor version:    2021.3.22f1 (b6c551784ba3)
Branch:                  2021.3/staging
Build type:              Release
Batch mode:              YES
macOS version:           Version 13.3.1 (a) (Build 22E772610a)
Darwin version:          22.4.0
Architecture:            x86_64
Running under Rosetta:   NO
Available memory:        16384 MB
Using pre-set license
Pro License: YES

COMMAND LINE ARGUMENTS:
/Users/SpartanPip/Desktop/Unity Editors/2021.3.22f1/Unity.app/Contents/MacOS/Unity
-adb2
-batchMode
-noUpm
-name
AssetImportWorker5
-projectPath
/Users/SpartanPip/Desktop/ComplexGamesApplicationProject/CannonGameUnity
-logFile
Logs/AssetImportWorker5.log
-srvPort
62260
Successfully changed project path to: /Users/SpartanPip/Desktop/ComplexGamesApplicationProject/CannonGameUnity
/Users/SpartanPip/Desktop/ComplexGamesApplicationProject/CannonGameUnity
[UnityMemory] Configuration Parameters - Can be set up in boot.config
    "memorysetup-bucket-allocator-granularity=16"
    "memorysetup-bucket-allocator-bucket-count=8"
    "memorysetup-bucket-allocator-block-size=33554432"
    "memorysetup-bucket-allocator-block-count=8"
    "memorysetup-main-allocator-block-size=16777216"
    "memorysetup-thread-allocator-block-size=16777216"
    "memorysetup-gfx-main-allocator-block-size=16777216"
    "memorysetup-gfx-thread-allocator-block-size=16777216"
    "memorysetup-cache-allocator-block-size=4194304"
    "memorysetup-typetree-allocator-block-size=2097152"
    "memorysetup-profiler-bucket-allocator-granularity=16"
    "memorysetup-profiler-bucket-allocator-bucket-count=8"
    "memorysetup-profiler-bucket-allocator-block-size=33554432"
    "memorysetup-profiler-bucket-allocator-block-count=8"
    "memorysetup-profiler-allocator-block-size=16777216"
    "memorysetup-profiler-editor-allocator-block-size=1048576"
    "memorysetup-temp-allocator-size-main=16777216"
    "memorysetup-job-temp-allocator-block-size=2097152"
    "memorysetup-job-temp-allocator-block-size-background=1048576"
    "memorysetup-job-temp-allocator-reduction-small-platforms=262144"
    "memorysetup-temp-allocator-size-background-worker=32768"
    "memorysetup-temp-allocator-size-job-worker=262144"
    "memorysetup-temp-allocator-size-preload-manager=33554432"
    "memorysetup-temp-allocator-size-nav-mesh-worker=65536"
    "memorysetup-temp-allocator-size-audio-worker=65536"
    "memorysetup-temp-allocator-size-cloud-worker=32768"
    "memorysetup-temp-allocator-size-gi-baking-worker=262144"
    "memorysetup-temp-allocator-size-gfx=262144"
Player connection [140704515408704] Host "[IP] 10.0.0.211 [Port] 0 [Flags] 2 [Guid] 849931067 [EditorId] 849931067 [Version] 1048832 [Id] OSXEditor(0,MacBook-Pro-21.local) [Debug] 1 [PackageName] OSXEditor [ProjectName] Editor" joined multi-casting on [225.0.0.222:54997]...

Player connection [140704515408704] Host "[IP] 10.0.0.211 [Port] 0 [Flags] 2 [Guid] 849931067 [EditorId] 849931067 [Version] 1048832 [Id] OSXEditor(0,MacBook-Pro-21.local) [Debug] 1 [PackageName] OSXEditor [ProjectName] Editor" joined alternative multi-casting on [225.0.0.222:34997]...

Refreshing native plugins compatible for Editor in 176.08 ms, found 2 plugins.
Preloading 0 native plugins for Editor in 0.00 ms.
Initialize engine version: 2021.3.22f1 (b6c551784ba3)
[Subsystems] Discovering subsystems at path /Users/SpartanPip/Desktop/Unity Editors/2021.3.22f1/Unity.app/Contents/Resources/UnitySubsystems
[Subsystems] Discovering subsystems at path /Users/SpartanPip/Desktop/ComplexGamesApplicationProject/CannonGameUnity/Assets
GfxDevice: creating device client; threaded=0; jobified=0
Color LCD preferred device: AMD Radeon Pro 5500M (high power)
Metal devices available: 2
0: AMD Radeon Pro 5500M (high power)
1: Intel(R) UHD Graphics 630 (low power)
Using device AMD Radeon Pro 5500M (high power)
Initializing Metal device caps: AMD Radeon Pro 5500M
Initialize mono
Mono path[0] = '/Users/SpartanPip/Desktop/Unity Editors/2021.3.22f1/Unity.app/Contents/Managed'
Mono path[1] = '/Users/SpartanPip/Desktop/Unity Editors/2021.3.22f1/Unity.app/Contents/MonoBleedingEdge/lib/mono/unityjit-macos'
Mono config path = '/Users/SpartanPip/Desktop/Unity Editors/2021.3.22f1/Unity.app/Contents/MonoBleedingEdge/etc'
Using monoOptions --debugger-agent=transport=dt_socket,embedding=1,server=y,suspend=n,address=127.0.0.1:56856
Begin MonoManager ReloadAssembly
Registering precompiled unity dll's ...
Register platform support module: /Users/SpartanPip/Desktop/Unity Editors/2021.3.22f1/PlaybackEngines/WebGLSupport/UnityEditor.WebGL.Extensions.dll
Register platform support module: /Users/SpartanPip/Desktop/Unity Editors/2021.3.22f1/Unity.app/Contents/PlaybackEngines/MacStandaloneSupport/UnityEditor.OSXStandalone.Extensions.dll
Registered in 0.004095 seconds.
Native extension for OSXStandalone target not found
Native extension for WebGL target not found
Refreshing native plugins compatible for Editor in 170.05 ms, found 2 plugins.
Preloading 0 native plugins for Editor in 0.00 ms.
Mono: successfully reloaded assembly
- Completed reload, in  0.901 seconds
Domain Reload Profiling:
	ReloadAssembly (901ms)
		BeginReloadAssembly (123ms)
			ExecutionOrderSort (0ms)
			DisableScriptedObjects (0ms)
			BackupInstance (0ms)
			ReleaseScriptingObjects (0ms)
			CreateAndSetChildDomain (1ms)
		EndReloadAssembly (655ms)
			LoadAssemblies (126ms)
			RebuildTransferFunctionScriptingTraits (0ms)
			SetupTypeCache (151ms)
			ReleaseScriptCaches (0ms)
			RebuildScriptCaches (39ms)
			SetupLoadedEditorAssemblies (405ms)
				LogAssemblyErrors (0ms)
				InitializePlatformSupportModulesInManaged (9ms)
				SetLoadedEditorAssemblies (0ms)
				RefreshPlugins (170ms)
				BeforeProcessingInitializeOnLoad (1ms)
				ProcessInitializeOnLoadAttributes (172ms)
				ProcessInitializeOnLoadMethodAttributes (52ms)
				AfterProcessingInitializeOnLoad (0ms)
				EditorAssembliesLoaded (0ms)
			ExecutionOrderSort2 (0ms)
			AwakeInstancesAfterBackupRestoration (0ms)
Platform modules already initialized, skipping
Registering precompiled user dll's ...
Registered in 0.008820 seconds.
Begin MonoManager ReloadAssembly
Symbol file LoadedFromMemory doesn't match image /Users/SpartanPip/Desktop/ComplexGamesApplicationProject/CannonGameUnity/Library/PackageCache/com.unity.visualscripting@1.8.0/Editor/VisualScripting.Core/Dependencies/YamlDotNet/Unity.VisualScripting.YamlDotNet.dll
Symbol file LoadedFromMemory doesn't match image /Users/SpartanPip/Desktop/ComplexGamesApplicationProject/CannonGameUnity/Library/PackageCache/com.unity.visualscripting@1.8.0/Editor/VisualScripting.Core/Dependencies/DotNetZip/Unity.VisualScripting.IonicZip.dll
Native extension for OSXStandalone target not found
Native extension for WebGL target not found
Refreshing native plugins compatible for Editor in 1.69 ms, found 2 plugins.
Preloading 0 native plugins for Editor in 0.00 ms.
Mono: successfully reloaded assembly
- Completed reload, in  1.583 seconds
Domain Reload Profiling:
	ReloadAssembly (1584ms)
		BeginReloadAssembly (115ms)
			ExecutionOrderSort (0ms)
			DisableScriptedObjects (6ms)
			BackupInstance (0ms)
			ReleaseScriptingObjects (0ms)
			CreateAndSetChildDomain (25ms)
		EndReloadAssembly (1334ms)
			LoadAssemblies (106ms)
			RebuildTransferFunctionScriptingTraits (0ms)
			SetupTypeCache (365ms)
			ReleaseScriptCaches (1ms)
			RebuildScriptCaches (71ms)
			SetupLoadedEditorAssemblies (742ms)
				LogAssemblyErrors (0ms)
				InitializePlatformSupportModulesInManaged (7ms)
				SetLoadedEditorAssemblies (1ms)
				RefreshPlugins (2ms)
				BeforeProcessingInitializeOnLoad (76ms)
				ProcessInitializeOnLoadAttributes (629ms)
				ProcessInitializeOnLoadMethodAttributes (25ms)
				AfterProcessingInitializeOnLoad (3ms)
				EditorAssembliesLoaded (0ms)
			ExecutionOrderSort2 (0ms)
			AwakeInstancesAfterBackupRestoration (4ms)
Platform modules already initialized, skipping
========================================================================
Worker process is ready to serve import requests
Shader 'Distant Lands/Cozy/Stylized Terrain First Pass': dependency 'BaseMapShader' shader 'Distant Lands/Stylized Terrain' not found
Shader 'Distant Lands/Cozy/Stylized Terrain First Pass': dependency 'AddPassShader' shader 'Distant Lands/Stylized Terrain Add Pass' not found
Shader 'Distant Lands/Cozy/Stylized Terrain First Pass': dependency 'BaseMapShader' shader 'Distant Lands/Stylized Terrain' not found
Shader 'Distant Lands/Cozy/Stylized Terrain First Pass': dependency 'AddPassShader' shader 'Distant Lands/Stylized Terrain Add Pass' not found
Shader 'Distant Lands/Cozy/Stylized Terrain First Pass': dependency 'BaseMapShader' shader 'Distant Lands/Stylized Terrain' not found
Shader 'Distant Lands/Cozy/Stylized Terrain First Pass': dependency 'AddPassShader' shader 'Distant Lands/Stylized Terrain Add Pass' not found
Launching external process: /Users/SpartanPip/Desktop/Unity Editors/2021.3.22f1/Unity.app/Contents/Tools/UnityShaderCompiler
Launched and connected shader compiler UnityShaderCompiler after 0.09 seconds
Refreshing native plugins compatible for Editor in 1.54 ms, found 2 plugins.
Preloading 0 native plugins for Editor in 0.00 ms.
Unloading 3177 Unused Serialized files (Serialized files now loaded: 0)
Unloading 23 unused Assets / (3.1 MB). Loaded Objects now: 3655.
Memory consumption went from 136.2 MB to 133.2 MB.
Total: 5.490204 ms (FindLiveObjects: 0.322807 ms CreateObjectMapping: 0.300763 ms MarkObjects: 4.169643 ms  DeleteObjects: 0.696036 ms)

AssetImportParameters requested are different than current active one (requested -> active):
  custom:video-decoder-ogg-theora: a1e56fd34408186e4bbccfd4996cb3dc -> 
  custom:container-muxer-webm: aa71ff27fc2769a1b78a27578f13a17b -> 
  custom:container-demuxer-webm: 4f35f7cbe854078d1ac9338744f61a02 -> 
  custom:video-encoder-webm-vp8: eb34c28f22e8b96e1ab97ce403110664 -> 
  custom:framework-osx-AVFoundation: e770b220cccbd017edd2c1fefb359320 -> 
  custom:audio-encoder-webm-vorbis: bf7c407c2cedff20999df2af8eb42d56 -> 
  custom:container-demuxer-ogg: 62fdf1f143b41e24485cea50d1cbac27 -> 
  custom:video-decoder-webm-vp8: 9c59270c3fd7afecdb556c50c9e8de78 -> 
  custom:audio-decoder-ogg-vorbis: bf7c407c2cedff20999df2af8eb42d56 -> 
========================================================================
Received Import Request.
  Time since last request: 181884.314686 seconds.
  path: Assets/Downloaded/PolygonPirates/Prefabs/Environments/SM_Env_Tree_Vines_02.prefab
  artifactKey: Guid(d66b02cc8edfab74ea7962d65224bfb4) Importer(815301076,1909f56bfc062723c751e8b465ee728b)
Start importing Assets/Downloaded/PolygonPirates/Prefabs/Environments/SM_Env_Tree_Vines_02.prefab using Guid(d66b02cc8edfab74ea7962d65224bfb4) Importer(815301076,1909f56bfc062723c751e8b465ee728b)  -> (artifact id: 'cb26c33c2f89f3a78f400fab63748d7a') in 1.005361 seconds 
========================================================================
Received Prepare
Registering precompiled user dll's ...
Registered in 0.002818 seconds.
Begin MonoManager ReloadAssembly
Symbol file LoadedFromMemory doesn't match image /Users/SpartanPip/Desktop/ComplexGamesApplicationProject/CannonGameUnity/Library/PackageCache/com.unity.visualscripting@1.8.0/Editor/VisualScripting.Core/Dependencies/YamlDotNet/Unity.VisualScripting.YamlDotNet.dll
Symbol file LoadedFromMemory doesn't match image /Users/SpartanPip/Desktop/ComplexGamesApplicationProject/CannonGameUnity/Library/PackageCache/com.unity.visualscripting@1.8.0/Editor/VisualScripting.Core/Dependencies/DotNetZip/Unity.VisualScripting.IonicZip.dll
Native extension for OSXStandalone target not found
Native extension for WebGL target not found
Refreshing native plugins compatible for Editor in 1.69 ms, found 2 plugins.
Preloading 0 native plugins for Editor in 0.00 ms.
Mono: successfully reloaded assembly
- Completed reload, in  1.358 seconds
Domain Reload Profiling:
	ReloadAssembly (1359ms)
		BeginReloadAssembly (168ms)
			ExecutionOrderSort (0ms)
			DisableScriptedObjects (6ms)
			BackupInstance (0ms)
			ReleaseScriptingObjects (0ms)
			CreateAndSetChildDomain (64ms)
		EndReloadAssembly (1077ms)
			LoadAssemblies (88ms)
			RebuildTransferFunctionScriptingTraits (0ms)
			SetupTypeCache (327ms)
			ReleaseScriptCaches (1ms)
			RebuildScriptCaches (49ms)
			SetupLoadedEditorAssemblies (577ms)
				LogAssemblyErrors (0ms)
				InitializePlatformSupportModulesInManaged (5ms)
				SetLoadedEditorAssemblies (0ms)
				RefreshPlugins (2ms)
				BeforeProcessingInitializeOnLoad (49ms)
				ProcessInitializeOnLoadAttributes (499ms)
				ProcessInitializeOnLoadMethodAttributes (19ms)
				AfterProcessingInitializeOnLoad (2ms)
				EditorAssembliesLoaded (0ms)
			ExecutionOrderSort2 (0ms)
			AwakeInstancesAfterBackupRestoration (4ms)
Platform modules already initialized, skipping
Shader 'Distant Lands/Cozy/Stylized Terrain First Pass': dependency 'BaseMapShader' shader 'Distant Lands/Stylized Terrain' not found
Shader 'Distant Lands/Cozy/Stylized Terrain First Pass': dependency 'AddPassShader' shader 'Distant Lands/Stylized Terrain Add Pass' not found
Shader 'Distant Lands/Cozy/Stylized Terrain First Pass': dependency 'BaseMapShader' shader 'Distant Lands/Stylized Terrain' not found
Shader 'Distant Lands/Cozy/Stylized Terrain First Pass': dependency 'AddPassShader' shader 'Distant Lands/Stylized Terrain Add Pass' not found
Shader 'Distant Lands/Cozy/Stylized Terrain First Pass': dependency 'BaseMapShader' shader 'Distant Lands/Stylized Terrain' not found
Shader 'Distant Lands/Cozy/Stylized Terrain First Pass': dependency 'AddPassShader' shader 'Distant Lands/Stylized Terrain Add Pass' not found
Refreshing native plugins compatible for Editor in 2.88 ms, found 2 plugins.
Preloading 0 native plugins for Editor in 0.00 ms.
Unloading 3136 Unused Serialized files (Serialized files now loaded: 0)
Unloading 16 unused Assets / (3.2 MB). Loaded Objects now: 3666.
Memory consumption went from 137.8 MB to 134.6 MB.
Total: 4.263405 ms (FindLiveObjects: 0.222167 ms CreateObjectMapping: 0.378530 ms MarkObjects: 3.141553 ms  DeleteObjects: 0.520446 ms)

AssetImportParameters requested are different than current active one (requested -> active):
  custom:video-decoder-ogg-theora: a1e56fd34408186e4bbccfd4996cb3dc -> 
  custom:container-muxer-webm: aa71ff27fc2769a1b78a27578f13a17b -> 
  custom:container-demuxer-webm: 4f35f7cbe854078d1ac9338744f61a02 -> 
  custom:video-encoder-webm-vp8: eb34c28f22e8b96e1ab97ce403110664 -> 
  custom:framework-osx-AVFoundation: e770b220cccbd017edd2c1fefb359320 -> 
  custom:audio-encoder-webm-vorbis: bf7c407c2cedff20999df2af8eb42d56 -> 
  custom:container-demuxer-ogg: 62fdf1f143b41e24485cea50d1cbac27 -> 
  custom:video-decoder-webm-vp8: 9c59270c3fd7afecdb556c50c9e8de78 -> 
  custom:audio-decoder-ogg-vorbis: bf7c407c2cedff20999df2af8eb42d56 -> 
========================================================================
Received Import Request.
  Time since last request: 1739.073688 seconds.
  path: Assets/Downloaded/Cozy Weather/Contents/Resources/Profiles/Climate Profiles/Desert Climate.asset
  artifactKey: Guid(3a9bcb4aa7ff3f641a1f4495b40ddff5) Importer(815301076,1909f56bfc062723c751e8b465ee728b)
Start importing Assets/Downloaded/Cozy Weather/Contents/Resources/Profiles/Climate Profiles/Desert Climate.asset using Guid(3a9bcb4aa7ff3f641a1f4495b40ddff5) Importer(815301076,1909f56bfc062723c751e8b465ee728b)  -> (artifact id: '8b10a9c1f4ebd3f9dc12ce03873d9774') in 0.871142 seconds 
========================================================================
Received Prepare
Registering precompiled user dll's ...
Registered in 0.002909 seconds.
Begin MonoManager ReloadAssembly
Symbol file LoadedFromMemory doesn't match image /Users/SpartanPip/Desktop/ComplexGamesApplicationProject/CannonGameUnity/Library/PackageCache/com.unity.visualscripting@1.8.0/Editor/VisualScripting.Core/Dependencies/YamlDotNet/Unity.VisualScripting.YamlDotNet.dll
Symbol file LoadedFromMemory doesn't match image /Users/SpartanPip/Desktop/ComplexGamesApplicationProject/CannonGameUnity/Library/PackageCache/com.unity.visualscripting@1.8.0/Editor/VisualScripting.Core/Dependencies/DotNetZip/Unity.VisualScripting.IonicZip.dll
Native extension for OSXStandalone target not found
Native extension for WebGL target not found
Refreshing native plugins compatible for Editor in 1.76 ms, found 2 plugins.
Preloading 0 native plugins for Editor in 0.00 ms.
Mono: successfully reloaded assembly
- Completed reload, in  1.409 seconds
Domain Reload Profiling:
	ReloadAssembly (1410ms)
		BeginReloadAssembly (202ms)
			ExecutionOrderSort (0ms)
			DisableScriptedObjects (6ms)
			BackupInstance (0ms)
			ReleaseScriptingObjects (0ms)
			CreateAndSetChildDomain (77ms)
		EndReloadAssembly (1076ms)
			LoadAssemblies (115ms)
			RebuildTransferFunctionScriptingTraits (0ms)
			SetupTypeCache (342ms)
			ReleaseScriptCaches (1ms)
			RebuildScriptCaches (52ms)
			SetupLoadedEditorAssemblies (541ms)
				LogAssemblyErrors (0ms)
				InitializePlatformSupportModulesInManaged (5ms)
				SetLoadedEditorAssemblies (1ms)
				RefreshPlugins (2ms)
				BeforeProcessingInitializeOnLoad (60ms)
				ProcessInitializeOnLoadAttributes (453ms)
				ProcessInitializeOnLoadMethodAttributes (18ms)
				AfterProcessingInitializeOnLoad (2ms)
				EditorAssembliesLoaded (0ms)
			ExecutionOrderSort2 (0ms)
			AwakeInstancesAfterBackupRestoration (5ms)
Platform modules already initialized, skipping
Shader 'Distant Lands/Cozy/Stylized Terrain First Pass': dependency 'BaseMapShader' shader 'Distant Lands/Stylized Terrain' not found
Shader 'Distant Lands/Cozy/Stylized Terrain First Pass': dependency 'AddPassShader' shader 'Distant Lands/Stylized Terrain Add Pass' not found
Shader 'Distant Lands/Cozy/Stylized Terrain First Pass': dependency 'BaseMapShader' shader 'Distant Lands/Stylized Terrain' not found
Shader 'Distant Lands/Cozy/Stylized Terrain First Pass': dependency 'AddPassShader' shader 'Distant Lands/Stylized Terrain Add Pass' not found
Shader 'Distant Lands/Cozy/Stylized Terrain First Pass': dependency 'BaseMapShader' shader 'Distant Lands/Stylized Terrain' not found
Shader 'Distant Lands/Cozy/Stylized Terrain First Pass': dependency 'AddPassShader' shader 'Distant Lands/Stylized Terrain Add Pass' not found
Refreshing native plugins compatible for Editor in 2.79 ms, found 2 plugins.
Preloading 0 native plugins for Editor in 0.00 ms.
Unloading 3137 Unused Serialized files (Serialized files now loaded: 0)
Unloading 16 unused Assets / (3.2 MB). Loaded Objects now: 3670.
Memory consumption went from 142.0 MB to 138.8 MB.
Total: 5.256517 ms (FindLiveObjects: 0.291270 ms CreateObjectMapping: 0.162261 ms MarkObjects: 4.175423 ms  DeleteObjects: 0.612102 ms)

AssetImportParameters requested are different than current active one (requested -> active):
  custom:video-decoder-ogg-theora: a1e56fd34408186e4bbccfd4996cb3dc -> 
  custom:container-muxer-webm: aa71ff27fc2769a1b78a27578f13a17b -> 
  custom:container-demuxer-webm: 4f35f7cbe854078d1ac9338744f61a02 -> 
  custom:video-encoder-webm-vp8: eb34c28f22e8b96e1ab97ce403110664 -> 
  custom:framework-osx-AVFoundation: e770b220cccbd017edd2c1fefb359320 -> 
  custom:audio-encoder-webm-vorbis: bf7c407c2cedff20999df2af8eb42d56 -> 
  custom:container-demuxer-ogg: 62fdf1f143b41e24485cea50d1cbac27 -> 
  custom:video-decoder-webm-vp8: 9c59270c3fd7afecdb556c50c9e8de78 -> 
  custom:audio-decoder-ogg-vorbis: bf7c407c2cedff20999df2af8eb42d56 -> 
========================================================================
Received Prepare
Registering precompiled user dll's ...
Registered in 0.002907 seconds.
Begin MonoManager ReloadAssembly
Symbol file LoadedFromMemory doesn't match image /Users/SpartanPip/Desktop/ComplexGamesApplicationProject/CannonGameUnity/Library/PackageCache/com.unity.visualscripting@1.8.0/Editor/VisualScripting.Core/Dependencies/YamlDotNet/Unity.VisualScripting.YamlDotNet.dll
Symbol file LoadedFromMemory doesn't match image /Users/SpartanPip/Desktop/ComplexGamesApplicationProject/CannonGameUnity/Library/PackageCache/com.unity.visualscripting@1.8.0/Editor/VisualScripting.Core/Dependencies/DotNetZip/Unity.VisualScripting.IonicZip.dll
Native extension for OSXStandalone target not found
Native extension for WebGL target not found
Refreshing native plugins compatible for Editor in 1.56 ms, found 2 plugins.
Preloading 0 native plugins for Editor in 0.00 ms.
Mono: successfully reloaded assembly
- Completed reload, in  1.167 seconds
Domain Reload Profiling:
	ReloadAssembly (1167ms)
		BeginReloadAssembly (164ms)
			ExecutionOrderSort (0ms)
			DisableScriptedObjects (7ms)
			BackupInstance (0ms)
			ReleaseScriptingObjects (0ms)
			CreateAndSetChildDomain (55ms)
		EndReloadAssembly (903ms)
			LoadAssemblies (90ms)
			RebuildTransferFunctionScriptingTraits (0ms)
			SetupTypeCache (288ms)
			ReleaseScriptCaches (1ms)
			RebuildScriptCaches (50ms)
			SetupLoadedEditorAssemblies (448ms)
				LogAssemblyErrors (0ms)
				InitializePlatformSupportModulesInManaged (5ms)
				SetLoadedEditorAssemblies (1ms)
				RefreshPlugins (2ms)
				BeforeProcessingInitializeOnLoad (49ms)
				ProcessInitializeOnLoadAttributes (374ms)
				ProcessInitializeOnLoadMethodAttributes (16ms)
				AfterProcessingInitializeOnLoad (2ms)
				EditorAssembliesLoaded (0ms)
			ExecutionOrderSort2 (0ms)
			AwakeInstancesAfterBackupRestoration (4ms)
Platform modules already initialized, skipping
Shader 'Distant Lands/Cozy/Stylized Terrain First Pass': dependency 'BaseMapShader' shader 'Distant Lands/Stylized Terrain' not found
Shader 'Distant Lands/Cozy/Stylized Terrain First Pass': dependency 'AddPassShader' shader 'Distant Lands/Stylized Terrain Add Pass' not found
Shader 'Distant Lands/Cozy/Stylized Terrain First Pass': dependency 'BaseMapShader' shader 'Distant Lands/Stylized Terrain' not found
Shader 'Distant Lands/Cozy/Stylized Terrain First Pass': dependency 'AddPassShader' shader 'Distant Lands/Stylized Terrain Add Pass' not found
Shader 'Distant Lands/Cozy/Stylized Terrain First Pass': dependency 'BaseMapShader' shader 'Distant Lands/Stylized Terrain' not found
Shader 'Distant Lands/Cozy/Stylized Terrain First Pass': dependency 'AddPassShader' shader 'Distant Lands/Stylized Terrain Add Pass' not found
Refreshing native plugins compatible for Editor in 3.11 ms, found 2 plugins.
Preloading 0 native plugins for Editor in 0.00 ms.
Unloading 3137 Unused Serialized files (Serialized files now loaded: 0)
Unloading 16 unused Assets / (3.2 MB). Loaded Objects now: 3673.
Memory consumption went from 142.0 MB to 138.8 MB.
Total: 4.087798 ms (FindLiveObjects: 0.229192 ms CreateObjectMapping: 0.193003 ms MarkObjects: 3.079482 ms  DeleteObjects: 0.585483 ms)

AssetImportParameters requested are different than current active one (requested -> active):
  custom:video-decoder-ogg-theora: a1e56fd34408186e4bbccfd4996cb3dc -> 
  custom:container-muxer-webm: aa71ff27fc2769a1b78a27578f13a17b -> 
  custom:container-demuxer-webm: 4f35f7cbe854078d1ac9338744f61a02 -> 
  custom:video-encoder-webm-vp8: eb34c28f22e8b96e1ab97ce403110664 -> 
  custom:framework-osx-AVFoundation: e770b220cccbd017edd2c1fefb359320 -> 
  custom:audio-encoder-webm-vorbis: bf7c407c2cedff20999df2af8eb42d56 -> 
  custom:container-demuxer-ogg: 62fdf1f143b41e24485cea50d1cbac27 -> 
  custom:video-decoder-webm-vp8: 9c59270c3fd7afecdb556c50c9e8de78 -> 
  custom:audio-decoder-ogg-vorbis: bf7c407c2cedff20999df2af8eb42d56 -> 
========================================================================
Received Prepare
Registering precompiled user dll's ...
Registered in 0.002453 seconds.
Begin MonoManager ReloadAssembly
Symbol file LoadedFromMemory doesn't match image /Users/SpartanPip/Desktop/ComplexGamesApplicationProject/CannonGameUnity/Library/PackageCache/com.unity.visualscripting@1.8.0/Editor/VisualScripting.Core/Dependencies/YamlDotNet/Unity.VisualScripting.YamlDotNet.dll
Symbol file LoadedFromMemory doesn't match image /Users/SpartanPip/Desktop/ComplexGamesApplicationProject/CannonGameUnity/Library/PackageCache/com.unity.visualscripting@1.8.0/Editor/VisualScripting.Core/Dependencies/DotNetZip/Unity.VisualScripting.IonicZip.dll
Native extension for OSXStandalone target not found
Native extension for WebGL target not found
Refreshing native plugins compatible for Editor in 1.67 ms, found 2 plugins.
Preloading 0 native plugins for Editor in 0.00 ms.
Mono: successfully reloaded assembly
- Completed reload, in  1.473 seconds
Domain Reload Profiling:
	ReloadAssembly (1475ms)
		BeginReloadAssembly (299ms)
			ExecutionOrderSort (0ms)
			DisableScriptedObjects (9ms)
			BackupInstance (0ms)
			ReleaseScriptingObjects (0ms)
			CreateAndSetChildDomain (127ms)
		EndReloadAssembly (1068ms)
			LoadAssemblies (128ms)
			RebuildTransferFunctionScriptingTraits (0ms)
			SetupTypeCache (367ms)
			ReleaseScriptCaches (2ms)
			RebuildScriptCaches (51ms)
			SetupLoadedEditorAssemblies (517ms)
				LogAssemblyErrors (0ms)
				InitializePlatformSupportModulesInManaged (5ms)
				SetLoadedEditorAssemblies (1ms)
				RefreshPlugins (2ms)
				BeforeProcessingInitializeOnLoad (51ms)
				ProcessInitializeOnLoadAttributes (434ms)
				ProcessInitializeOnLoadMethodAttributes (20ms)
				AfterProcessingInitializeOnLoad (4ms)
				EditorAssembliesLoaded (0ms)
			ExecutionOrderSort2 (0ms)
			AwakeInstancesAfterBackupRestoration (4ms)
Platform modules already initialized, skipping
Shader 'Distant Lands/Cozy/Stylized Terrain First Pass': dependency 'BaseMapShader' shader 'Distant Lands/Stylized Terrain' not found
Shader 'Distant Lands/Cozy/Stylized Terrain First Pass': dependency 'AddPassShader' shader 'Distant Lands/Stylized Terrain Add Pass' not found
Shader 'Distant Lands/Cozy/Stylized Terrain First Pass': dependency 'BaseMapShader' shader 'Distant Lands/Stylized Terrain' not found
Shader 'Distant Lands/Cozy/Stylized Terrain First Pass': dependency 'AddPassShader' shader 'Distant Lands/Stylized Terrain Add Pass' not found
Shader 'Distant Lands/Cozy/Stylized Terrain First Pass': dependency 'BaseMapShader' shader 'Distant Lands/Stylized Terrain' not found
Shader 'Distant Lands/Cozy/Stylized Terrain First Pass': dependency 'AddPassShader' shader 'Distant Lands/Stylized Terrain Add Pass' not found
Refreshing native plugins compatible for Editor in 2.66 ms, found 2 plugins.
Preloading 0 native plugins for Editor in 0.00 ms.
Unloading 3137 Unused Serialized files (Serialized files now loaded: 0)
Unloading 16 unused Assets / (3.2 MB). Loaded Objects now: 3676.
Memory consumption went from 142.0 MB to 138.8 MB.
Total: 5.521840 ms (FindLiveObjects: 0.434226 ms CreateObjectMapping: 0.342941 ms MarkObjects: 4.139033 ms  DeleteObjects: 0.604107 ms)

AssetImportParameters requested are different than current active one (requested -> active):
  custom:video-decoder-ogg-theora: a1e56fd34408186e4bbccfd4996cb3dc -> 
  custom:container-muxer-webm: aa71ff27fc2769a1b78a27578f13a17b -> 
  custom:container-demuxer-webm: 4f35f7cbe854078d1ac9338744f61a02 -> 
  custom:video-encoder-webm-vp8: eb34c28f22e8b96e1ab97ce403110664 -> 
  custom:framework-osx-AVFoundation: e770b220cccbd017edd2c1fefb359320 -> 
  custom:audio-encoder-webm-vorbis: bf7c407c2cedff20999df2af8eb42d56 -> 
  custom:container-demuxer-ogg: 62fdf1f143b41e24485cea50d1cbac27 -> 
  custom:video-decoder-webm-vp8: 9c59270c3fd7afecdb556c50c9e8de78 -> 
  custom:audio-decoder-ogg-vorbis: bf7c407c2cedff20999df2af8eb42d56 -> 
========================================================================
Received Import Request.
  Time since last request: 1932.733211 seconds.
  path: Assets/Downloaded/Cozy Weather/Contents/Resources/Profiles/Forecast Profiles/Simple Forecast Profile.asset
  artifactKey: Guid(eacc8459f121a3d4c83bf331999911ef) Importer(815301076,1909f56bfc062723c751e8b465ee728b)
Start importing Assets/Downloaded/Cozy Weather/Contents/Resources/Profiles/Forecast Profiles/Simple Forecast Profile.asset using Guid(eacc8459f121a3d4c83bf331999911ef) Importer(815301076,1909f56bfc062723c751e8b465ee728b)  -> (artifact id: 'b745b18333cd478e3b501b02c8f59e58') in 0.066122 seconds 
========================================================================
Received Import Request.
  Time since last request: 43.564036 seconds.
  path: Assets/Downloaded/Cozy Weather/Contents/Resources/Profiles/Weather Profiles/Chemtrails.asset
  artifactKey: Guid(de311de87cd9d1e4cbe2d9899cbc5680) Importer(815301076,1909f56bfc062723c751e8b465ee728b)
Start importing Assets/Downloaded/Cozy Weather/Contents/Resources/Profiles/Weather Profiles/Chemtrails.asset using Guid(de311de87cd9d1e4cbe2d9899cbc5680) Importer(815301076,1909f56bfc062723c751e8b465ee728b)  -> (artifact id: '239a9b4107f84734d73509dc86bacda4') in 0.021798 seconds 
========================================================================
Received Import Request.
  Time since last request: 0.000063 seconds.
  path: Assets/Downloaded/Cozy Weather/Contents/Resources/Profiles/Weather Profiles/Distant Storm.asset
  artifactKey: Guid(ccbfe05b7967917448c280fffa3a86d1) Importer(815301076,1909f56bfc062723c751e8b465ee728b)
Start importing Assets/Downloaded/Cozy Weather/Contents/Resources/Profiles/Weather Profiles/Distant Storm.asset using Guid(ccbfe05b7967917448c280fffa3a86d1) Importer(815301076,1909f56bfc062723c751e8b465ee728b)  -> (artifact id: '3de94efd474e7ad6e15bde96f88cb74d') in 0.020950 seconds 
========================================================================
Received Import Request.
  Time since last request: 0.000056 seconds.
  path: Assets/Downloaded/Cozy Weather/Contents/Resources/Profiles/Weather Profiles/Mixed Clouds.asset
  artifactKey: Guid(06463e4286524d6499365570b36216aa) Importer(815301076,1909f56bfc062723c751e8b465ee728b)
Start importing Assets/Downloaded/Cozy Weather/Contents/Resources/Profiles/Weather Profiles/Mixed Clouds.asset using Guid(06463e4286524d6499365570b36216aa) Importer(815301076,1909f56bfc062723c751e8b465ee728b)  -> (artifact id: 'd4b55b383ea1201234f3f75414cd9a36') in 0.018346 seconds 
========================================================================
Received Import Request.
  Time since last request: 0.000055 seconds.
  path: Assets/Downloaded/Cozy Weather/Contents/Resources/Profiles/Weather Profiles/Hail Storm.asset
  artifactKey: Guid(971a290a51fcdf54f93efbe42a8e86a7) Importer(815301076,1909f56bfc062723c751e8b465ee728b)
Start importing Assets/Downloaded/Cozy Weather/Contents/Resources/Profiles/Weather Profiles/Hail Storm.asset using Guid(971a290a51fcdf54f93efbe42a8e86a7) Importer(815301076,1909f56bfc062723c751e8b465ee728b)  -> (artifact id: '4b5c05ab64bbdd155837a32159537748') in 0.018079 seconds 
========================================================================
Received Import Request.
  Time since last request: 0.000066 seconds.
  path: Assets/Downloaded/Cozy Weather/Contents/Resources/Profiles/Weather Profiles/Dust Storm.asset
  artifactKey: Guid(de62367a00d8753469a83e1f6f8079d3) Importer(815301076,1909f56bfc062723c751e8b465ee728b)
Start importing Assets/Downloaded/Cozy Weather/Contents/Resources/Profiles/Weather Profiles/Dust Storm.asset using Guid(de62367a00d8753469a83e1f6f8079d3) Importer(815301076,1909f56bfc062723c751e8b465ee728b)  -> (artifact id: '792feaf8a5b92a7bb759b58ed9c9f0d2') in 0.019047 seconds 
========================================================================
Received Import Request.
  Time since last request: 0.000058 seconds.
  path: Assets/Downloaded/Cozy Weather/Contents/Resources/Profiles/Weather Profiles/Imminent Storm.asset
  artifactKey: Guid(5f1173877e77b3b40af72776ce4ae64a) Importer(815301076,1909f56bfc062723c751e8b465ee728b)
Start importing Assets/Downloaded/Cozy Weather/Contents/Resources/Profiles/Weather Profiles/Imminent Storm.asset using Guid(5f1173877e77b3b40af72776ce4ae64a) Importer(815301076,1909f56bfc062723c751e8b465ee728b)  -> (artifact id: '05b8343eac2e128c0035c56f8de826d3') in 0.019093 seconds 
========================================================================
Received Import Request.
  Time since last request: 0.000064 seconds.
  path: Assets/Downloaded/Cozy Weather/Contents/Resources/Profiles/Weather Profiles/Mostly Clear.asset
  artifactKey: Guid(5a5650a48d2869048b392b88aab5df10) Importer(815301076,1909f56bfc062723c751e8b465ee728b)
Start importing Assets/Downloaded/Cozy Weather/Contents/Resources/Profiles/Weather Profiles/Mostly Clear.asset using Guid(5a5650a48d2869048b392b88aab5df10) Importer(815301076,1909f56bfc062723c751e8b465ee728b)  -> (artifact id: '4abda17ba467e94cac5e7b758c747b5a') in 0.017329 seconds 
========================================================================
Received Import Request.
  Time since last request: 0.000076 seconds.
  path: Assets/Downloaded/Cozy Weather/Contents/Resources/Profiles/Weather Profiles/Particle Based Clouds.asset
  artifactKey: Guid(6837940ca502b594281d7bbc93dd7034) Importer(815301076,1909f56bfc062723c751e8b465ee728b)
Start importing Assets/Downloaded/Cozy Weather/Contents/Resources/Profiles/Weather Profiles/Particle Based Clouds.asset using Guid(6837940ca502b594281d7bbc93dd7034) Importer(815301076,1909f56bfc062723c751e8b465ee728b)  -> (artifact id: '9fdd73ae31acf58febc7fc1a3dd774cb') in 0.017587 seconds 
========================================================================
Received Import Request.
  Time since last request: 0.000054 seconds.
  path: Assets/Downloaded/Cozy Weather/Contents/Resources/Profiles/Weather Profiles/Cirrostratus Clouds.asset
  artifactKey: Guid(7f04a132092857749bdd83087014011c) Importer(815301076,1909f56bfc062723c751e8b465ee728b)
Start importing Assets/Downloaded/Cozy Weather/Contents/Resources/Profiles/Weather Profiles/Cirrostratus Clouds.asset using Guid(7f04a132092857749bdd83087014011c) Importer(815301076,1909f56bfc062723c751e8b465ee728b)  -> (artifact id: '0167be5745ae046e7c0c39cc2c59b0f2') in 0.019039 seconds 
========================================================================
Received Import Request.
  Time since last request: 0.000061 seconds.
  path: Assets/Downloaded/Cozy Weather/Contents/Resources/Profiles/Weather Profiles/Filtered Fog.asset
  artifactKey: Guid(93d26988b3de2134b9a80fb22acd8dac) Importer(815301076,1909f56bfc062723c751e8b465ee728b)
Start importing Assets/Downloaded/Cozy Weather/Contents/Resources/Profiles/Weather Profiles/Filtered Fog.asset using Guid(93d26988b3de2134b9a80fb22acd8dac) Importer(815301076,1909f56bfc062723c751e8b465ee728b)  -> (artifact id: '8625a3cfe9d36bd2e599eb0642b5d7c8') in 0.022172 seconds 
========================================================================
Received Import Request.
  Time since last request: 0.000101 seconds.
  path: Assets/Downloaded/Cozy Weather/Contents/Resources/Profiles/Weather Profiles/Heavy Snow.asset
  artifactKey: Guid(e2fbee6f21ca32740a76a387cf2a0abc) Importer(815301076,1909f56bfc062723c751e8b465ee728b)
Start importing Assets/Downloaded/Cozy Weather/Contents/Resources/Profiles/Weather Profiles/Heavy Snow.asset using Guid(e2fbee6f21ca32740a76a387cf2a0abc) Importer(815301076,1909f56bfc062723c751e8b465ee728b)  -> (artifact id: 'a9583383b7e3d70106c6a00b440672e2') in 0.021899 seconds 
========================================================================
Received Import Request.
  Time since last request: 0.000062 seconds.
  path: Assets/Downloaded/Cozy Weather/Contents/Resources/Profiles/Weather Profiles/Electric Fog.asset
  artifactKey: Guid(cc15965868141a44cb0997b3674e317a) Importer(815301076,1909f56bfc062723c751e8b465ee728b)
Start importing Assets/Downloaded/Cozy Weather/Contents/Resources/Profiles/Weather Profiles/Electric Fog.asset using Guid(cc15965868141a44cb0997b3674e317a) Importer(815301076,1909f56bfc062723c751e8b465ee728b)  -> (artifact id: '383b2f3fba7fa12697c13c432367e43e') in 0.019766 seconds 
========================================================================
Received Import Request.
  Time since last request: 0.000060 seconds.
  path: Assets/Downloaded/Cozy Weather/Contents/Resources/Profiles/Weather Profiles/Mostly Cloudy.asset
  artifactKey: Guid(df6d6974e6130cf4ba80f13cf41ae5f4) Importer(815301076,1909f56bfc062723c751e8b465ee728b)
Start importing Assets/Downloaded/Cozy Weather/Contents/Resources/Profiles/Weather Profiles/Mostly Cloudy.asset using Guid(df6d6974e6130cf4ba80f13cf41ae5f4) Importer(815301076,1909f56bfc062723c751e8b465ee728b)  -> (artifact id: 'bec8e32d625d5cc24404f5ce2f356576') in 0.019723 seconds 
========================================================================
Received Import Request.
  Time since last request: 0.000082 seconds.
  path: Assets/Downloaded/Cozy Weather/Contents/Resources/Profiles/Weather Profiles/High Altitude Clouds.asset
  artifactKey: Guid(f085712a9eae90246b123a16e0726cf2) Importer(815301076,1909f56bfc062723c751e8b465ee728b)
Start importing Assets/Downloaded/Cozy Weather/Contents/Resources/Profiles/Weather Profiles/High Altitude Clouds.asset using Guid(f085712a9eae90246b123a16e0726cf2) Importer(815301076,1909f56bfc062723c751e8b465ee728b)  -> (artifact id: '4f07ba126054e55e5f23aa78f94a7fee') in 0.023953 seconds 
========================================================================
Received Import Request.
  Time since last request: 8.583845 seconds.
  path: Assets/Downloaded/Cozy Weather/Contents/Resources/Profiles/Satellites/Satellite.asset
  artifactKey: Guid(de62c97c559e3ae448a21f2d0f65d961) Importer(815301076,1909f56bfc062723c751e8b465ee728b)
Start importing Assets/Downloaded/Cozy Weather/Contents/Resources/Profiles/Satellites/Satellite.asset using Guid(de62c97c559e3ae448a21f2d0f65d961) Importer(815301076,1909f56bfc062723c751e8b465ee728b)  -> (artifact id: '265bc3d82f708591f1ae97e2c78606b3') in 0.006700 seconds 
========================================================================
Received Import Request.
  Time since last request: 5.914336 seconds.
  path: Assets/Downloaded/Cozy Weather/Contents/Resources/Profiles/Original Weather Profiles 1/Cirrostratus Clouds.asset
  artifactKey: Guid(49f8daea6cd1a418d8c1c07559dee6ef) Importer(815301076,1909f56bfc062723c751e8b465ee728b)
Start importing Assets/Downloaded/Cozy Weather/Contents/Resources/Profiles/Original Weather Profiles 1/Cirrostratus Clouds.asset using Guid(49f8daea6cd1a418d8c1c07559dee6ef) Importer(815301076,1909f56bfc062723c751e8b465ee728b)  -> (artifact id: '5848a9412e647bdd10e42cdb72e6298a') in 0.017559 seconds 
========================================================================
Received Import Request.
  Time since last request: 0.000068 seconds.
  path: Assets/Downloaded/Cozy Weather/Contents/Resources/Profiles/Original Weather Profiles 1/Thunder Storm.asset
  artifactKey: Guid(39a54041693ac4d38a943e95a2659cc0) Importer(815301076,1909f56bfc062723c751e8b465ee728b)
Start importing Assets/Downloaded/Cozy Weather/Contents/Resources/Profiles/Original Weather Profiles 1/Thunder Storm.asset using Guid(39a54041693ac4d38a943e95a2659cc0) Importer(815301076,1909f56bfc062723c751e8b465ee728b)  -> (artifact id: '5571305646042173d2d88f8c16e4f2fd') in 0.019290 seconds 
========================================================================
Received Import Request.
  Time since last request: 0.000066 seconds.
  path: Assets/Downloaded/Cozy Weather/Contents/Resources/Profiles/Original Weather Profiles 1/Electric Fog.asset
  artifactKey: Guid(dc5f36923479142419f9fc7c687d6122) Importer(815301076,1909f56bfc062723c751e8b465ee728b)
Start importing Assets/Downloaded/Cozy Weather/Contents/Resources/Profiles/Original Weather Profiles 1/Electric Fog.asset using Guid(dc5f36923479142419f9fc7c687d6122) Importer(815301076,1909f56bfc062723c751e8b465ee728b)  -> (artifact id: '735b17515ddd4de0087bd1fa0fce6de8') in 0.019939 seconds 
========================================================================
Received Import Request.
  Time since last request: 0.000114 seconds.
  path: Assets/Downloaded/Cozy Weather/Contents/Resources/Profiles/Original Weather Profiles 1/Mixed Clouds.asset
  artifactKey: Guid(9f32fd6798eb14205a69d8e39e764550) Importer(815301076,1909f56bfc062723c751e8b465ee728b)
Start importing Assets/Downloaded/Cozy Weather/Contents/Resources/Profiles/Original Weather Profiles 1/Mixed Clouds.asset using Guid(9f32fd6798eb14205a69d8e39e764550) Importer(815301076,1909f56bfc062723c751e8b465ee728b)  -> (artifact id: 'c6ef79c11c63facd715c2f967f2f5562') in 0.018567 seconds 
========================================================================
Received Import Request.
  Time since last request: 0.000091 seconds.
  path: Assets/Downloaded/Cozy Weather/Contents/Resources/Profiles/Original Weather Profiles 1/Mostly Clear.asset
  artifactKey: Guid(5349a6befa46d4eddaed456dd6a48101) Importer(815301076,1909f56bfc062723c751e8b465ee728b)
Start importing Assets/Downloaded/Cozy Weather/Contents/Resources/Profiles/Original Weather Profiles 1/Mostly Clear.asset using Guid(5349a6befa46d4eddaed456dd6a48101) Importer(815301076,1909f56bfc062723c751e8b465ee728b)  -> (artifact id: 'ddba8a86b8f87cca85049e7c0e03041b') in 0.018310 seconds 
========================================================================
Received Import Request.
  Time since last request: 0.000068 seconds.
  path: Assets/Downloaded/Cozy Weather/Contents/Resources/Profiles/Original Weather Profiles 1/Dense Clouds.asset
  artifactKey: Guid(78d02c3bfb0a7484cb97c027266f7ea8) Importer(815301076,1909f56bfc062723c751e8b465ee728b)
Start importing Assets/Downloaded/Cozy Weather/Contents/Resources/Profiles/Original Weather Profiles 1/Dense Clouds.asset using Guid(78d02c3bfb0a7484cb97c027266f7ea8) Importer(815301076,1909f56bfc062723c751e8b465ee728b)  -> (artifact id: '3d5a660bcf453749480ce4989e0cfa7d') in 0.019631 seconds 
========================================================================
Received Import Request.
  Time since last request: 0.000088 seconds.
  path: Assets/Downloaded/Cozy Weather/Contents/Resources/Profiles/Original Weather Profiles 1/Overcast.asset
  artifactKey: Guid(464f776d9beaf4064b266d0841399fe0) Importer(815301076,1909f56bfc062723c751e8b465ee728b)
Start importing Assets/Downloaded/Cozy Weather/Contents/Resources/Profiles/Original Weather Profiles 1/Overcast.asset using Guid(464f776d9beaf4064b266d0841399fe0) Importer(815301076,1909f56bfc062723c751e8b465ee728b)  -> (artifact id: '9ac4cb846c6c23b07feae8ddaa4735cf') in 0.020096 seconds 
Editor requested this worker to shutdown with reason: Scaling down because of idle timeout
AssetImportWorker is now disconnected from the server
Process exiting
